2025-03-12 22:04:42.563873: E external/local_xla/xla/stream_executor/cuda/cuda_fft.cc:477] Unable to register cuFFT factory: Attempting to register factory for plugin cuFFT when one has already been registered
WARNING: All log messages before absl::InitializeLog() is called are written to STDERR
E0000 00:00:1741842282.584971 2082809 cuda_dnn.cc:8310] Unable to register cuDNN factory: Attempting to register factory for plugin cuDNN when one has already been registered
E0000 00:00:1741842282.591683 2082809 cuda_blas.cc:1418] Unable to register cuBLAS factory: Attempting to register factory for plugin cuBLAS when one has already been registered
2025-03-12 22:04:42.617097: I tensorflow/core/platform/cpu_feature_guard.cc:210] This TensorFlow binary is optimized to use available CPU instructions in performance-critical operations.
To enable the following instructions: AVX2 FMA, in other operations, rebuild TensorFlow with the appropriate compiler flags.
Global seed set to 1501
GPU available: True (cuda), used: True
TPU available: False, using: 0 TPU cores
IPU available: False, using: 0 IPUs
HPU available: False, using: 0 HPUs
Missing logger folder: /home/bkwan27/emg2qwerty/logs/2025-03-12/22-04-33/job0_trainer.devices=1,user=single_user/lightning_logs
LOCAL_RANK: 0 - CUDA_VISIBLE_DEVICES: [0]
/home/bkwan27/anaconda3/lib/python3.10/site-packages/pl_bolts/__init__.py:11: FutureWarning: In the future `np.object` will be defined as the corresponding NumPy scalar.
  if not hasattr(numpy, tp_name):
/home/bkwan27/anaconda3/lib/python3.10/site-packages/pl_bolts/__init__.py:11: FutureWarning: In the future `np.bool` will be defined as the corresponding NumPy scalar.
  if not hasattr(numpy, tp_name):
/home/bkwan27/anaconda3/lib/python3.10/site-packages/pl_bolts/models/self_supervised/amdim/amdim_module.py:34: UnderReviewWarning: The feature generate_power_seq is currently marked under review. The compatibility with other Lightning projects is not guaranteed and API may change at any time. The API and functionality may change without warning in future releases. More details: https://lightning-bolts.readthedocs.io/en/latest/stability.html
  "lr_options": generate_power_seq(LEARNING_RATE_CIFAR, 11),
/home/bkwan27/anaconda3/lib/python3.10/site-packages/pl_bolts/models/self_supervised/amdim/amdim_module.py:92: UnderReviewWarning: The feature FeatureMapContrastiveTask is currently marked under review. The compatibility with other Lightning projects is not guaranteed and API may change at any time. The API and functionality may change without warning in future releases. More details: https://lightning-bolts.readthedocs.io/en/latest/stability.html
  contrastive_task: Union[FeatureMapContrastiveTask] = FeatureMapContrastiveTask("01, 02, 11"),
/home/bkwan27/anaconda3/lib/python3.10/site-packages/pl_bolts/losses/self_supervised_learning.py:228: UnderReviewWarning: The feature AmdimNCELoss is currently marked under review. The compatibility with other Lightning projects is not guaranteed and API may change at any time. The API and functionality may change without warning in future releases. More details: https://lightning-bolts.readthedocs.io/en/latest/stability.html
  self.nce_loss = AmdimNCELoss(tclip)
/home/bkwan27/anaconda3/lib/python3.10/site-packages/hydra/_internal/instantiate/_instantiate2.py:92: UnderReviewWarning: The feature LinearWarmupCosineAnnealingLR is currently marked under review. The compatibility with other Lightning projects is not guaranteed and API may change at any time. The API and functionality may change without warning in future releases. More details: https://lightning-bolts.readthedocs.io/en/latest/stability.html
  return _target_(*args, **kwargs)

  | Name                | Type               | Params
-----------------------------------------------------------
0 | tokenizer           | Sequential         | 406 K 
1 | positional_encoding | PositionalEncoding | 0     
2 | model               | Transformer        | 11.1 M
3 | softmax             | LogSoftmax         | 0     
4 | ctc_loss            | CTCLoss            | 0     
5 | metrics             | ModuleDict         | 0     
-----------------------------------------------------------
11.5 M    Trainable params
0         Non-trainable params
11.5 M    Total params
45.964    Total estimated model params size (MB)
Epoch 0, global step 152: 'val/CER' reached 2312.76025 (best 2312.76025), saving model to '/home/bkwan27/emg2qwerty/logs/2025-03-12/22-04-33/job0_trainer.devices=1,user=single_user/checkpoints/epoch=0-step=152.ckpt' as top 1
Epoch 1, global step 304: 'val/CER' reached 100.00000 (best 100.00000), saving model to '/home/bkwan27/emg2qwerty/logs/2025-03-12/22-04-33/job0_trainer.devices=1,user=single_user/checkpoints/epoch=1-step=304.ckpt' as top 1
Epoch 2, global step 456: 'val/CER' was not in top 1
Epoch 3, global step 608: 'val/CER' was not in top 1
Epoch 4, global step 760: 'val/CER' was not in top 1
Epoch 5, global step 912: 'val/CER' was not in top 1
Epoch 6, global step 1064: 'val/CER' was not in top 1
Epoch 7, global step 1216: 'val/CER' was not in top 1
Epoch 8, global step 1368: 'val/CER' was not in top 1
Epoch 9, global step 1520: 'val/CER' was not in top 1
Epoch 10, global step 1672: 'val/CER' was not in top 1
Epoch 11, global step 1824: 'val/CER' was not in top 1
Epoch 12, global step 1976: 'val/CER' was not in top 1
Epoch 13, global step 2128: 'val/CER' was not in top 1
Epoch 14, global step 2280: 'val/CER' was not in top 1
Epoch 15, global step 2432: 'val/CER' was not in top 1
Epoch 16, global step 2584: 'val/CER' reached 99.71201 (best 99.71201), saving model to '/home/bkwan27/emg2qwerty/logs/2025-03-12/22-04-33/job0_trainer.devices=1,user=single_user/checkpoints/epoch=16-step=2584.ckpt' as top 1
Epoch 17, global step 2736: 'val/CER' was not in top 1
Epoch 18, global step 2888: 'val/CER' reached 98.33850 (best 98.33850), saving model to '/home/bkwan27/emg2qwerty/logs/2025-03-12/22-04-33/job0_trainer.devices=1,user=single_user/checkpoints/epoch=18-step=2888.ckpt' as top 1
Epoch 19, global step 3040: 'val/CER' was not in top 1
Epoch 20, global step 3192: 'val/CER' reached 98.27204 (best 98.27204), saving model to '/home/bkwan27/emg2qwerty/logs/2025-03-12/22-04-33/job0_trainer.devices=1,user=single_user/checkpoints/epoch=20-step=3192.ckpt' as top 1
Epoch 21, global step 3344: 'val/CER' reached 96.41116 (best 96.41116), saving model to '/home/bkwan27/emg2qwerty/logs/2025-03-12/22-04-33/job0_trainer.devices=1,user=single_user/checkpoints/epoch=21-step=3344.ckpt' as top 1
Epoch 22, global step 3496: 'val/CER' reached 92.75587 (best 92.75587), saving model to '/home/bkwan27/emg2qwerty/logs/2025-03-12/22-04-33/job0_trainer.devices=1,user=single_user/checkpoints/epoch=22-step=3496.ckpt' as top 1
Epoch 23, global step 3648: 'val/CER' was not in top 1
Epoch 24, global step 3800: 'val/CER' was not in top 1
Epoch 25, global step 3952: 'val/CER' reached 91.20514 (best 91.20514), saving model to '/home/bkwan27/emg2qwerty/logs/2025-03-12/22-04-33/job0_trainer.devices=1,user=single_user/checkpoints/epoch=25-step=3952.ckpt' as top 1
Epoch 26, global step 4104: 'val/CER' reached 89.87594 (best 89.87594), saving model to '/home/bkwan27/emg2qwerty/logs/2025-03-12/22-04-33/job0_trainer.devices=1,user=single_user/checkpoints/epoch=26-step=4104.ckpt' as top 1
Epoch 27, global step 4256: 'val/CER' reached 88.85689 (best 88.85689), saving model to '/home/bkwan27/emg2qwerty/logs/2025-03-12/22-04-33/job0_trainer.devices=1,user=single_user/checkpoints/epoch=27-step=4256.ckpt' as top 1
Epoch 28, global step 4408: 'val/CER' was not in top 1
Epoch 29, global step 4560: 'val/CER' reached 86.70802 (best 86.70802), saving model to '/home/bkwan27/emg2qwerty/logs/2025-03-12/22-04-33/job0_trainer.devices=1,user=single_user/checkpoints/epoch=29-step=4560.ckpt' as top 1
Epoch 30, global step 4712: 'val/CER' reached 86.55295 (best 86.55295), saving model to '/home/bkwan27/emg2qwerty/logs/2025-03-12/22-04-33/job0_trainer.devices=1,user=single_user/checkpoints/epoch=30-step=4712.ckpt' as top 1
Epoch 31, global step 4864: 'val/CER' reached 84.53699 (best 84.53699), saving model to '/home/bkwan27/emg2qwerty/logs/2025-03-12/22-04-33/job0_trainer.devices=1,user=single_user/checkpoints/epoch=31-step=4864.ckpt' as top 1
Epoch 32, global step 5016: 'val/CER' reached 82.21090 (best 82.21090), saving model to '/home/bkwan27/emg2qwerty/logs/2025-03-12/22-04-33/job0_trainer.devices=1,user=single_user/checkpoints/epoch=32-step=5016.ckpt' as top 1
Epoch 33, global step 5168: 'val/CER' was not in top 1
Epoch 34, global step 5320: 'val/CER' was not in top 1
Epoch 35, global step 5472: 'val/CER' reached 78.48914 (best 78.48914), saving model to '/home/bkwan27/emg2qwerty/logs/2025-03-12/22-04-33/job0_trainer.devices=1,user=single_user/checkpoints/epoch=35-step=5472.ckpt' as top 1
Epoch 36, global step 5624: 'val/CER' reached 77.31502 (best 77.31502), saving model to '/home/bkwan27/emg2qwerty/logs/2025-03-12/22-04-33/job0_trainer.devices=1,user=single_user/checkpoints/epoch=36-step=5624.ckpt' as top 1
Epoch 37, global step 5776: 'val/CER' reached 66.96943 (best 66.96943), saving model to '/home/bkwan27/emg2qwerty/logs/2025-03-12/22-04-33/job0_trainer.devices=1,user=single_user/checkpoints/epoch=37-step=5776.ckpt' as top 1
Epoch 38, global step 5928: 'val/CER' was not in top 1
Epoch 39, global step 6080: 'val/CER' was not in top 1
Epoch 40, global step 6232: 'val/CER' was not in top 1
Epoch 41, global step 6384: 'val/CER' was not in top 1
Epoch 42, global step 6536: 'val/CER' reached 57.84227 (best 57.84227), saving model to '/home/bkwan27/emg2qwerty/logs/2025-03-12/22-04-33/job0_trainer.devices=1,user=single_user/checkpoints/epoch=42-step=6536.ckpt' as top 1
Epoch 43, global step 6688: 'val/CER' was not in top 1
Epoch 44, global step 6840: 'val/CER' was not in top 1
Epoch 45, global step 6992: 'val/CER' reached 55.98139 (best 55.98139), saving model to '/home/bkwan27/emg2qwerty/logs/2025-03-12/22-04-33/job0_trainer.devices=1,user=single_user/checkpoints/epoch=45-step=6992.ckpt' as top 1
Epoch 46, global step 7144: 'val/CER' reached 55.38325 (best 55.38325), saving model to '/home/bkwan27/emg2qwerty/logs/2025-03-12/22-04-33/job0_trainer.devices=1,user=single_user/checkpoints/epoch=46-step=7144.ckpt' as top 1
Epoch 47, global step 7296: 'val/CER' reached 51.30704 (best 51.30704), saving model to '/home/bkwan27/emg2qwerty/logs/2025-03-12/22-04-33/job0_trainer.devices=1,user=single_user/checkpoints/epoch=47-step=7296.ckpt' as top 1
Epoch 48, global step 7448: 'val/CER' was not in top 1
Epoch 49, global step 7600: 'val/CER' reached 51.17413 (best 51.17413), saving model to '/home/bkwan27/emg2qwerty/logs/2025-03-12/22-04-33/job0_trainer.devices=1,user=single_user/checkpoints/epoch=49-step=7600.ckpt' as top 1
Epoch 50, global step 7752: 'val/CER' reached 49.60124 (best 49.60124), saving model to '/home/bkwan27/emg2qwerty/logs/2025-03-12/22-04-33/job0_trainer.devices=1,user=single_user/checkpoints/epoch=50-step=7752.ckpt' as top 1
Epoch 51, global step 7904: 'val/CER' reached 49.18033 (best 49.18033), saving model to '/home/bkwan27/emg2qwerty/logs/2025-03-12/22-04-33/job0_trainer.devices=1,user=single_user/checkpoints/epoch=51-step=7904.ckpt' as top 1
Epoch 52, global step 8056: 'val/CER' was not in top 1
Epoch 53, global step 8208: 'val/CER' reached 43.35401 (best 43.35401), saving model to '/home/bkwan27/emg2qwerty/logs/2025-03-12/22-04-33/job0_trainer.devices=1,user=single_user/checkpoints/epoch=53-step=8208.ckpt' as top 1
Epoch 54, global step 8360: 'val/CER' was not in top 1
Epoch 55, global step 8512: 'val/CER' reached 40.09747 (best 40.09747), saving model to '/home/bkwan27/emg2qwerty/logs/2025-03-12/22-04-33/job0_trainer.devices=1,user=single_user/checkpoints/epoch=55-step=8512.ckpt' as top 1
Epoch 56, global step 8664: 'val/CER' reached 39.49934 (best 39.49934), saving model to '/home/bkwan27/emg2qwerty/logs/2025-03-12/22-04-33/job0_trainer.devices=1,user=single_user/checkpoints/epoch=56-step=8664.ckpt' as top 1
Epoch 57, global step 8816: 'val/CER' was not in top 1
Epoch 58, global step 8968: 'val/CER' was not in top 1
Epoch 59, global step 9120: 'val/CER' was not in top 1
Epoch 60, global step 9272: 'val/CER' was not in top 1
Epoch 61, global step 9424: 'val/CER' reached 38.21444 (best 38.21444), saving model to '/home/bkwan27/emg2qwerty/logs/2025-03-12/22-04-33/job0_trainer.devices=1,user=single_user/checkpoints/epoch=61-step=9424.ckpt' as top 1
Epoch 62, global step 9576: 'val/CER' was not in top 1
Epoch 63, global step 9728: 'val/CER' was not in top 1
Epoch 64, global step 9880: 'val/CER' reached 36.10988 (best 36.10988), saving model to '/home/bkwan27/emg2qwerty/logs/2025-03-12/22-04-33/job0_trainer.devices=1,user=single_user/checkpoints/epoch=64-step=9880.ckpt' as top 1
Epoch 65, global step 10032: 'val/CER' was not in top 1
Epoch 66, global step 10184: 'val/CER' was not in top 1
Epoch 67, global step 10336: 'val/CER' reached 35.20160 (best 35.20160), saving model to '/home/bkwan27/emg2qwerty/logs/2025-03-12/22-04-33/job0_trainer.devices=1,user=single_user/checkpoints/epoch=67-step=10336.ckpt' as top 1
Epoch 68, global step 10488: 'val/CER' was not in top 1
Epoch 69, global step 10640: 'val/CER' reached 34.91360 (best 34.91360), saving model to '/home/bkwan27/emg2qwerty/logs/2025-03-12/22-04-33/job0_trainer.devices=1,user=single_user/checkpoints/epoch=69-step=10640.ckpt' as top 1
Epoch 70, global step 10792: 'val/CER' was not in top 1
Epoch 71, global step 10944: 'val/CER' was not in top 1
Epoch 72, global step 11096: 'val/CER' was not in top 1
Epoch 73, global step 11248: 'val/CER' reached 34.42623 (best 34.42623), saving model to '/home/bkwan27/emg2qwerty/logs/2025-03-12/22-04-33/job0_trainer.devices=1,user=single_user/checkpoints/epoch=73-step=11248.ckpt' as top 1
Epoch 74, global step 11400: 'val/CER' reached 33.93886 (best 33.93886), saving model to '/home/bkwan27/emg2qwerty/logs/2025-03-12/22-04-33/job0_trainer.devices=1,user=single_user/checkpoints/epoch=74-step=11400.ckpt' as top 1
Epoch 75, global step 11552: 'val/CER' was not in top 1
Epoch 76, global step 11704: 'val/CER' was not in top 1
Epoch 77, global step 11856: 'val/CER' reached 31.21400 (best 31.21400), saving model to '/home/bkwan27/emg2qwerty/logs/2025-03-12/22-04-33/job0_trainer.devices=1,user=single_user/checkpoints/epoch=77-step=11856.ckpt' as top 1
Epoch 78, global step 12008: 'val/CER' reached 29.66327 (best 29.66327), saving model to '/home/bkwan27/emg2qwerty/logs/2025-03-12/22-04-33/job0_trainer.devices=1,user=single_user/checkpoints/epoch=78-step=12008.ckpt' as top 1
Epoch 79, global step 12160: 'val/CER' was not in top 1
Epoch 80, global step 12312: 'val/CER' was not in top 1
Epoch 81, global step 12464: 'val/CER' reached 28.93221 (best 28.93221), saving model to '/home/bkwan27/emg2qwerty/logs/2025-03-12/22-04-33/job0_trainer.devices=1,user=single_user/checkpoints/epoch=81-step=12464.ckpt' as top 1
Epoch 82, global step 12616: 'val/CER' reached 28.53345 (best 28.53345), saving model to '/home/bkwan27/emg2qwerty/logs/2025-03-12/22-04-33/job0_trainer.devices=1,user=single_user/checkpoints/epoch=82-step=12616.ckpt' as top 1
Epoch 83, global step 12768: 'val/CER' was not in top 1
Epoch 84, global step 12920: 'val/CER' was not in top 1
Epoch 85, global step 13072: 'val/CER' reached 28.51130 (best 28.51130), saving model to '/home/bkwan27/emg2qwerty/logs/2025-03-12/22-04-33/job0_trainer.devices=1,user=single_user/checkpoints/epoch=85-step=13072.ckpt' as top 1
Epoch 86, global step 13224: 'val/CER' was not in top 1
Epoch 87, global step 13376: 'val/CER' was not in top 1
Epoch 88, global step 13528: 'val/CER' was not in top 1
Epoch 89, global step 13680: 'val/CER' was not in top 1
Epoch 90, global step 13832: 'val/CER' reached 28.37838 (best 28.37838), saving model to '/home/bkwan27/emg2qwerty/logs/2025-03-12/22-04-33/job0_trainer.devices=1,user=single_user/checkpoints/epoch=90-step=13832.ckpt' as top 1
Epoch 91, global step 13984: 'val/CER' was not in top 1
Epoch 92, global step 14136: 'val/CER' was not in top 1
Epoch 93, global step 14288: 'val/CER' reached 27.62517 (best 27.62517), saving model to '/home/bkwan27/emg2qwerty/logs/2025-03-12/22-04-33/job0_trainer.devices=1,user=single_user/checkpoints/epoch=93-step=14288.ckpt' as top 1
Epoch 94, global step 14440: 'val/CER' was not in top 1
Epoch 95, global step 14592: 'val/CER' was not in top 1
Epoch 96, global step 14744: 'val/CER' was not in top 1
Epoch 97, global step 14896: 'val/CER' reached 26.58396 (best 26.58396), saving model to '/home/bkwan27/emg2qwerty/logs/2025-03-12/22-04-33/job0_trainer.devices=1,user=single_user/checkpoints/epoch=97-step=14896.ckpt' as top 1
Epoch 98, global step 15048: 'val/CER' was not in top 1
Epoch 99, global step 15200: 'val/CER' was not in top 1
Epoch 100, global step 15352: 'val/CER' reached 24.61232 (best 24.61232), saving model to '/home/bkwan27/emg2qwerty/logs/2025-03-12/22-04-33/job0_trainer.devices=1,user=single_user/checkpoints/epoch=100-step=15352.ckpt' as top 1
Epoch 101, global step 15504: 'val/CER' was not in top 1
Epoch 102, global step 15656: 'val/CER' was not in top 1
Epoch 103, global step 15808: 'val/CER' was not in top 1
Epoch 104, global step 15960: 'val/CER' was not in top 1
Epoch 105, global step 16112: 'val/CER' was not in top 1
Epoch 106, global step 16264: 'val/CER' reached 24.32432 (best 24.32432), saving model to '/home/bkwan27/emg2qwerty/logs/2025-03-12/22-04-33/job0_trainer.devices=1,user=single_user/checkpoints/epoch=106-step=16264.ckpt' as top 1
Epoch 107, global step 16416: 'val/CER' reached 24.30217 (best 24.30217), saving model to '/home/bkwan27/emg2qwerty/logs/2025-03-12/22-04-33/job0_trainer.devices=1,user=single_user/checkpoints/epoch=107-step=16416.ckpt' as top 1
Epoch 108, global step 16568: 'val/CER' was not in top 1
Epoch 109, global step 16720: 'val/CER' was not in top 1
Epoch 110, global step 16872: 'val/CER' reached 23.46035 (best 23.46035), saving model to '/home/bkwan27/emg2qwerty/logs/2025-03-12/22-04-33/job0_trainer.devices=1,user=single_user/checkpoints/epoch=110-step=16872.ckpt' as top 1
Epoch 111, global step 17024: 'val/CER' was not in top 1
Epoch 112, global step 17176: 'val/CER' was not in top 1
Epoch 113, global step 17328: 'val/CER' reached 22.33053 (best 22.33053), saving model to '/home/bkwan27/emg2qwerty/logs/2025-03-12/22-04-33/job0_trainer.devices=1,user=single_user/checkpoints/epoch=113-step=17328.ckpt' as top 1
Epoch 114, global step 17480: 'val/CER' was not in top 1
Epoch 115, global step 17632: 'val/CER' was not in top 1
Epoch 116, global step 17784: 'val/CER' was not in top 1
Epoch 117, global step 17936: 'val/CER' was not in top 1
Epoch 118, global step 18088: 'val/CER' reached 21.93177 (best 21.93177), saving model to '/home/bkwan27/emg2qwerty/logs/2025-03-12/22-04-33/job0_trainer.devices=1,user=single_user/checkpoints/epoch=118-step=18088.ckpt' as top 1
Epoch 119, global step 18240: 'val/CER' was not in top 1
Epoch 120, global step 18392: 'val/CER' was not in top 1
Epoch 121, global step 18544: 'val/CER' reached 21.71024 (best 21.71024), saving model to '/home/bkwan27/emg2qwerty/logs/2025-03-12/22-04-33/job0_trainer.devices=1,user=single_user/checkpoints/epoch=121-step=18544.ckpt' as top 1
Epoch 122, global step 18696: 'val/CER' was not in top 1
Epoch 123, global step 18848: 'val/CER' was not in top 1
Epoch 124, global step 19000: 'val/CER' was not in top 1
Epoch 125, global step 19152: 'val/CER' reached 20.64688 (best 20.64688), saving model to '/home/bkwan27/emg2qwerty/logs/2025-03-12/22-04-33/job0_trainer.devices=1,user=single_user/checkpoints/epoch=125-step=19152.ckpt' as top 1
Epoch 126, global step 19304: 'val/CER' was not in top 1
Epoch 127, global step 19456: 'val/CER' was not in top 1
Epoch 128, global step 19608: 'val/CER' was not in top 1
Epoch 129, global step 19760: 'val/CER' reached 19.53921 (best 19.53921), saving model to '/home/bkwan27/emg2qwerty/logs/2025-03-12/22-04-33/job0_trainer.devices=1,user=single_user/checkpoints/epoch=129-step=19760.ckpt' as top 1
Epoch 130, global step 19912: 'val/CER' was not in top 1
