2025-03-10 22:00:55.853492: E external/local_xla/xla/stream_executor/cuda/cuda_fft.cc:477] Unable to register cuFFT factory: Attempting to register factory for plugin cuFFT when one has already been registered
WARNING: All log messages before absl::InitializeLog() is called are written to STDERR
E0000 00:00:1741669255.864094   42496 cuda_dnn.cc:8310] Unable to register cuDNN factory: Attempting to register factory for plugin cuDNN when one has already been registered
E0000 00:00:1741669255.867390   42496 cuda_blas.cc:1418] Unable to register cuBLAS factory: Attempting to register factory for plugin cuBLAS when one has already been registered
2025-03-10 22:00:55.883939: I tensorflow/core/platform/cpu_feature_guard.cc:210] This TensorFlow binary is optimized to use available CPU instructions in performance-critical operations.
To enable the following instructions: AVX2 FMA, in other operations, rebuild TensorFlow with the appropriate compiler flags.
Global seed set to 1501
GPU available: True (cuda), used: True
TPU available: False, using: 0 TPU cores
IPU available: False, using: 0 IPUs
HPU available: False, using: 0 HPUs
Missing logger folder: /home/bkwan27/emg2qwerty/logs/2025-03-10/22-00-53/job0_trainer.devices=1,user=single_user/lightning_logs
LOCAL_RANK: 0 - CUDA_VISIBLE_DEVICES: [0]
/home/bkwan27/anaconda3/lib/python3.10/site-packages/pl_bolts/__init__.py:11: FutureWarning: In the future `np.object` will be defined as the corresponding NumPy scalar.
  if not hasattr(numpy, tp_name):
/home/bkwan27/anaconda3/lib/python3.10/site-packages/pl_bolts/__init__.py:11: FutureWarning: In the future `np.bool` will be defined as the corresponding NumPy scalar.
  if not hasattr(numpy, tp_name):
/home/bkwan27/anaconda3/lib/python3.10/site-packages/pl_bolts/models/self_supervised/amdim/amdim_module.py:34: UnderReviewWarning: The feature generate_power_seq is currently marked under review. The compatibility with other Lightning projects is not guaranteed and API may change at any time. The API and functionality may change without warning in future releases. More details: https://lightning-bolts.readthedocs.io/en/latest/stability.html
  "lr_options": generate_power_seq(LEARNING_RATE_CIFAR, 11),
/home/bkwan27/anaconda3/lib/python3.10/site-packages/pl_bolts/models/self_supervised/amdim/amdim_module.py:92: UnderReviewWarning: The feature FeatureMapContrastiveTask is currently marked under review. The compatibility with other Lightning projects is not guaranteed and API may change at any time. The API and functionality may change without warning in future releases. More details: https://lightning-bolts.readthedocs.io/en/latest/stability.html
  contrastive_task: Union[FeatureMapContrastiveTask] = FeatureMapContrastiveTask("01, 02, 11"),
/home/bkwan27/anaconda3/lib/python3.10/site-packages/pl_bolts/losses/self_supervised_learning.py:228: UnderReviewWarning: The feature AmdimNCELoss is currently marked under review. The compatibility with other Lightning projects is not guaranteed and API may change at any time. The API and functionality may change without warning in future releases. More details: https://lightning-bolts.readthedocs.io/en/latest/stability.html
  self.nce_loss = AmdimNCELoss(tclip)
/home/bkwan27/anaconda3/lib/python3.10/site-packages/hydra/_internal/instantiate/_instantiate2.py:92: UnderReviewWarning: The feature LinearWarmupCosineAnnealingLR is currently marked under review. The compatibility with other Lightning projects is not guaranteed and API may change at any time. The API and functionality may change without warning in future releases. More details: https://lightning-bolts.readthedocs.io/en/latest/stability.html
  return _target_(*args, **kwargs)

  | Name     | Type       | Params
----------------------------------------
0 | model    | Sequential | 5.3 M 
1 | ctc_loss | CTCLoss    | 0     
2 | metrics  | ModuleDict | 0     
----------------------------------------
5.3 M     Trainable params
0         Non-trainable params
5.3 M     Total params
21.173    Total estimated model params size (MB)
/home/bkwan27/anaconda3/lib/python3.10/site-packages/torch/nn/modules/conv.py:456: UserWarning: Plan failed with a cudnnException: CUDNN_BACKEND_EXECUTION_PLAN_DESCRIPTOR: cudnnFinalize Descriptor Failed cudnn_status: CUDNN_STATUS_NOT_SUPPORTED (Triggered internally at ../aten/src/ATen/native/cudnn/Conv_v8.cpp:919.)
  return F.conv2d(input, weight, bias, self.stride,
/home/bkwan27/anaconda3/lib/python3.10/site-packages/torch/autograd/graph.py:744: UserWarning: Plan failed with a cudnnException: CUDNN_BACKEND_EXECUTION_PLAN_DESCRIPTOR: cudnnFinalize Descriptor Failed cudnn_status: CUDNN_STATUS_NOT_SUPPORTED (Triggered internally at ../aten/src/ATen/native/cudnn/Conv_v8.cpp:919.)
  return Variable._execution_engine.run_backward(  # Calls into the C++ engine to run the backward pass
Epoch 0, global step 98: 'val/CER' reached 1355.82629 (best 1355.82629), saving model to '/home/bkwan27/emg2qwerty/logs/2025-03-10/22-00-53/job0_trainer.devices=1,user=single_user/checkpoints/epoch=0-step=98.ckpt' as top 1
Epoch 1, global step 196: 'val/CER' reached 100.00000 (best 100.00000), saving model to '/home/bkwan27/emg2qwerty/logs/2025-03-10/22-00-53/job0_trainer.devices=1,user=single_user/checkpoints/epoch=1-step=196.ckpt' as top 1
Epoch 2, global step 294: 'val/CER' was not in top 1
Epoch 3, global step 392: 'val/CER' was not in top 1
Epoch 4, global step 490: 'val/CER' was not in top 1
Epoch 5, global step 588: 'val/CER' was not in top 1
Epoch 6, global step 686: 'val/CER' was not in top 1
Epoch 7, global step 784: 'val/CER' was not in top 1
Epoch 8, global step 882: 'val/CER' was not in top 1
Epoch 9, global step 980: 'val/CER' was not in top 1
Epoch 10, global step 1078: 'val/CER' reached 99.88924 (best 99.88924), saving model to '/home/bkwan27/emg2qwerty/logs/2025-03-10/22-00-53/job0_trainer.devices=1,user=single_user/checkpoints/epoch=10-step=1078.ckpt' as top 1
Epoch 11, global step 1176: 'val/CER' reached 98.82587 (best 98.82587), saving model to '/home/bkwan27/emg2qwerty/logs/2025-03-10/22-00-53/job0_trainer.devices=1,user=single_user/checkpoints/epoch=11-step=1176.ckpt' as top 1
Epoch 12, global step 1274: 'val/CER' reached 92.24635 (best 92.24635), saving model to '/home/bkwan27/emg2qwerty/logs/2025-03-10/22-00-53/job0_trainer.devices=1,user=single_user/checkpoints/epoch=12-step=1274.ckpt' as top 1
Epoch 13, global step 1372: 'val/CER' reached 87.70492 (best 87.70492), saving model to '/home/bkwan27/emg2qwerty/logs/2025-03-10/22-00-53/job0_trainer.devices=1,user=single_user/checkpoints/epoch=13-step=1372.ckpt' as top 1
Epoch 14, global step 1470: 'val/CER' reached 86.28711 (best 86.28711), saving model to '/home/bkwan27/emg2qwerty/logs/2025-03-10/22-00-53/job0_trainer.devices=1,user=single_user/checkpoints/epoch=14-step=1470.ckpt' as top 1
Epoch 15, global step 1568: 'val/CER' reached 84.75853 (best 84.75853), saving model to '/home/bkwan27/emg2qwerty/logs/2025-03-10/22-00-53/job0_trainer.devices=1,user=single_user/checkpoints/epoch=15-step=1568.ckpt' as top 1
Epoch 16, global step 1666: 'val/CER' reached 84.16039 (best 84.16039), saving model to '/home/bkwan27/emg2qwerty/logs/2025-03-10/22-00-53/job0_trainer.devices=1,user=single_user/checkpoints/epoch=16-step=1666.ckpt' as top 1
Epoch 17, global step 1764: 'val/CER' reached 79.22021 (best 79.22021), saving model to '/home/bkwan27/emg2qwerty/logs/2025-03-10/22-00-53/job0_trainer.devices=1,user=single_user/checkpoints/epoch=17-step=1764.ckpt' as top 1
Epoch 18, global step 1862: 'val/CER' reached 72.84005 (best 72.84005), saving model to '/home/bkwan27/emg2qwerty/logs/2025-03-10/22-00-53/job0_trainer.devices=1,user=single_user/checkpoints/epoch=18-step=1862.ckpt' as top 1
Epoch 19, global step 1960: 'val/CER' reached 66.52636 (best 66.52636), saving model to '/home/bkwan27/emg2qwerty/logs/2025-03-10/22-00-53/job0_trainer.devices=1,user=single_user/checkpoints/epoch=19-step=1960.ckpt' as top 1
Epoch 20, global step 2058: 'val/CER' reached 55.38325 (best 55.38325), saving model to '/home/bkwan27/emg2qwerty/logs/2025-03-10/22-00-53/job0_trainer.devices=1,user=single_user/checkpoints/epoch=20-step=2058.ckpt' as top 1
Epoch 21, global step 2156: 'val/CER' reached 47.23084 (best 47.23084), saving model to '/home/bkwan27/emg2qwerty/logs/2025-03-10/22-00-53/job0_trainer.devices=1,user=single_user/checkpoints/epoch=21-step=2156.ckpt' as top 1
Epoch 22, global step 2254: 'val/CER' reached 42.55649 (best 42.55649), saving model to '/home/bkwan27/emg2qwerty/logs/2025-03-10/22-00-53/job0_trainer.devices=1,user=single_user/checkpoints/epoch=22-step=2254.ckpt' as top 1
Epoch 23, global step 2352: 'val/CER' reached 40.18609 (best 40.18609), saving model to '/home/bkwan27/emg2qwerty/logs/2025-03-10/22-00-53/job0_trainer.devices=1,user=single_user/checkpoints/epoch=23-step=2352.ckpt' as top 1
Epoch 24, global step 2450: 'val/CER' reached 38.52459 (best 38.52459), saving model to '/home/bkwan27/emg2qwerty/logs/2025-03-10/22-00-53/job0_trainer.devices=1,user=single_user/checkpoints/epoch=24-step=2450.ckpt' as top 1
Epoch 25, global step 2548: 'val/CER' reached 37.85999 (best 37.85999), saving model to '/home/bkwan27/emg2qwerty/logs/2025-03-10/22-00-53/job0_trainer.devices=1,user=single_user/checkpoints/epoch=25-step=2548.ckpt' as top 1
Epoch 26, global step 2646: 'val/CER' reached 36.22065 (best 36.22065), saving model to '/home/bkwan27/emg2qwerty/logs/2025-03-10/22-00-53/job0_trainer.devices=1,user=single_user/checkpoints/epoch=26-step=2646.ckpt' as top 1
Epoch 27, global step 2744: 'val/CER' reached 35.86620 (best 35.86620), saving model to '/home/bkwan27/emg2qwerty/logs/2025-03-10/22-00-53/job0_trainer.devices=1,user=single_user/checkpoints/epoch=27-step=2744.ckpt' as top 1
Epoch 28, global step 2842: 'val/CER' reached 35.68897 (best 35.68897), saving model to '/home/bkwan27/emg2qwerty/logs/2025-03-10/22-00-53/job0_trainer.devices=1,user=single_user/checkpoints/epoch=28-step=2842.ckpt' as top 1
Epoch 29, global step 2940: 'val/CER' was not in top 1
`Trainer.fit` stopped: `max_epochs=30` reached.
LOCAL_RANK: 0 - CUDA_VISIBLE_DEVICES: [0]
LOCAL_RANK: 0 - CUDA_VISIBLE_DEVICES: [0]
