2025-03-09 10:05:53.669439: E external/local_xla/xla/stream_executor/cuda/cuda_fft.cc:477] Unable to register cuFFT factory: Attempting to register factory for plugin cuFFT when one has already been registered
WARNING: All log messages before absl::InitializeLog() is called are written to STDERR
E0000 00:00:1741539953.689821  400019 cuda_dnn.cc:8310] Unable to register cuDNN factory: Attempting to register factory for plugin cuDNN when one has already been registered
E0000 00:00:1741539953.696104  400019 cuda_blas.cc:1418] Unable to register cuBLAS factory: Attempting to register factory for plugin cuBLAS when one has already been registered
2025-03-09 10:05:53.716737: I tensorflow/core/platform/cpu_feature_guard.cc:210] This TensorFlow binary is optimized to use available CPU instructions in performance-critical operations.
To enable the following instructions: AVX2 FMA, in other operations, rebuild TensorFlow with the appropriate compiler flags.
Global seed set to 1501
GPU available: True (cuda), used: True
TPU available: False, using: 0 TPU cores
IPU available: False, using: 0 IPUs
HPU available: False, using: 0 HPUs
Missing logger folder: /home/bkwan27/emg2qwerty/logs/2025-03-09/10-05-49/job0_trainer.devices=1,user=single_user/lightning_logs
LOCAL_RANK: 0 - CUDA_VISIBLE_DEVICES: [0]
/home/bkwan27/anaconda3/lib/python3.10/site-packages/pl_bolts/__init__.py:11: FutureWarning: In the future `np.object` will be defined as the corresponding NumPy scalar.
  if not hasattr(numpy, tp_name):
/home/bkwan27/anaconda3/lib/python3.10/site-packages/pl_bolts/__init__.py:11: FutureWarning: In the future `np.bool` will be defined as the corresponding NumPy scalar.
  if not hasattr(numpy, tp_name):
/home/bkwan27/anaconda3/lib/python3.10/site-packages/pl_bolts/models/self_supervised/amdim/amdim_module.py:34: UnderReviewWarning: The feature generate_power_seq is currently marked under review. The compatibility with other Lightning projects is not guaranteed and API may change at any time. The API and functionality may change without warning in future releases. More details: https://lightning-bolts.readthedocs.io/en/latest/stability.html
  "lr_options": generate_power_seq(LEARNING_RATE_CIFAR, 11),
/home/bkwan27/anaconda3/lib/python3.10/site-packages/pl_bolts/models/self_supervised/amdim/amdim_module.py:92: UnderReviewWarning: The feature FeatureMapContrastiveTask is currently marked under review. The compatibility with other Lightning projects is not guaranteed and API may change at any time. The API and functionality may change without warning in future releases. More details: https://lightning-bolts.readthedocs.io/en/latest/stability.html
  contrastive_task: Union[FeatureMapContrastiveTask] = FeatureMapContrastiveTask("01, 02, 11"),
/home/bkwan27/anaconda3/lib/python3.10/site-packages/pl_bolts/losses/self_supervised_learning.py:228: UnderReviewWarning: The feature AmdimNCELoss is currently marked under review. The compatibility with other Lightning projects is not guaranteed and API may change at any time. The API and functionality may change without warning in future releases. More details: https://lightning-bolts.readthedocs.io/en/latest/stability.html
  self.nce_loss = AmdimNCELoss(tclip)
/home/bkwan27/anaconda3/lib/python3.10/site-packages/hydra/_internal/instantiate/_instantiate2.py:92: UnderReviewWarning: The feature LinearWarmupCosineAnnealingLR is currently marked under review. The compatibility with other Lightning projects is not guaranteed and API may change at any time. The API and functionality may change without warning in future releases. More details: https://lightning-bolts.readthedocs.io/en/latest/stability.html
  return _target_(*args, **kwargs)

  | Name                | Type               | Params
-----------------------------------------------------------
0 | tokenizer           | Sequential         | 406 K 
1 | positional_encoding | PositionalEncoding | 0     
2 | model               | Transformer        | 11.1 M
3 | softmax             | LogSoftmax         | 0     
4 | ctc_loss            | CTCLoss            | 0     
5 | metrics             | ModuleDict         | 0     
-----------------------------------------------------------
11.5 M    Trainable params
0         Non-trainable params
11.5 M    Total params
45.964    Total estimated model params size (MB)
Epoch 0, global step 120: 'val/CER' reached 2311.65259 (best 2311.65259), saving model to '/home/bkwan27/emg2qwerty/logs/2025-03-09/10-05-49/job0_trainer.devices=1,user=single_user/checkpoints/epoch=0-step=120.ckpt' as top 1
Epoch 1, global step 240: 'val/CER' reached 100.00000 (best 100.00000), saving model to '/home/bkwan27/emg2qwerty/logs/2025-03-09/10-05-49/job0_trainer.devices=1,user=single_user/checkpoints/epoch=1-step=240.ckpt' as top 1
Epoch 2, global step 360: 'val/CER' was not in top 1
Epoch 3, global step 480: 'val/CER' was not in top 1
Epoch 4, global step 600: 'val/CER' was not in top 1
Epoch 5, global step 720: 'val/CER' was not in top 1
Epoch 6, global step 840: 'val/CER' was not in top 1
Epoch 7, global step 960: 'val/CER' was not in top 1
Epoch 8, global step 1080: 'val/CER' was not in top 1
Epoch 9, global step 1200: 'val/CER' was not in top 1
Epoch 10, global step 1320: 'val/CER' was not in top 1
Epoch 11, global step 1440: 'val/CER' was not in top 1
Epoch 12, global step 1560: 'val/CER' was not in top 1
Epoch 13, global step 1680: 'val/CER' was not in top 1
Epoch 14, global step 1800: 'val/CER' was not in top 1
Epoch 15, global step 1920: 'val/CER' was not in top 1
Epoch 16, global step 2040: 'val/CER' was not in top 1
Epoch 17, global step 2160: 'val/CER' reached 99.95570 (best 99.95570), saving model to '/home/bkwan27/emg2qwerty/logs/2025-03-09/10-05-49/job0_trainer.devices=1,user=single_user/checkpoints/epoch=17-step=2160.ckpt' as top 1
Epoch 18, global step 2280: 'val/CER' reached 99.64555 (best 99.64555), saving model to '/home/bkwan27/emg2qwerty/logs/2025-03-09/10-05-49/job0_trainer.devices=1,user=single_user/checkpoints/epoch=18-step=2280.ckpt' as top 1
Epoch 19, global step 2400: 'val/CER' reached 98.51573 (best 98.51573), saving model to '/home/bkwan27/emg2qwerty/logs/2025-03-09/10-05-49/job0_trainer.devices=1,user=single_user/checkpoints/epoch=19-step=2400.ckpt' as top 1
Epoch 20, global step 2520: 'val/CER' was not in top 1
Epoch 21, global step 2640: 'val/CER' reached 95.30350 (best 95.30350), saving model to '/home/bkwan27/emg2qwerty/logs/2025-03-09/10-05-49/job0_trainer.devices=1,user=single_user/checkpoints/epoch=21-step=2640.ckpt' as top 1
Epoch 22, global step 2760: 'val/CER' was not in top 1
Epoch 23, global step 2880: 'val/CER' reached 92.93310 (best 92.93310), saving model to '/home/bkwan27/emg2qwerty/logs/2025-03-09/10-05-49/job0_trainer.devices=1,user=single_user/checkpoints/epoch=23-step=2880.ckpt' as top 1
Epoch 24, global step 3000: 'val/CER' was not in top 1
Epoch 25, global step 3120: 'val/CER' reached 90.69561 (best 90.69561), saving model to '/home/bkwan27/emg2qwerty/logs/2025-03-09/10-05-49/job0_trainer.devices=1,user=single_user/checkpoints/epoch=25-step=3120.ckpt' as top 1
Epoch 26, global step 3240: 'val/CER' reached 86.17634 (best 86.17634), saving model to '/home/bkwan27/emg2qwerty/logs/2025-03-09/10-05-49/job0_trainer.devices=1,user=single_user/checkpoints/epoch=26-step=3240.ckpt' as top 1
Epoch 27, global step 3360: 'val/CER' was not in top 1
Epoch 28, global step 3480: 'val/CER' was not in top 1
Epoch 29, global step 3600: 'val/CER' was not in top 1
Epoch 30, global step 3720: 'val/CER' was not in top 1
Epoch 31, global step 3840: 'val/CER' was not in top 1
Epoch 32, global step 3960: 'val/CER' reached 82.54320 (best 82.54320), saving model to '/home/bkwan27/emg2qwerty/logs/2025-03-09/10-05-49/job0_trainer.devices=1,user=single_user/checkpoints/epoch=32-step=3960.ckpt' as top 1
Epoch 33, global step 4080: 'val/CER' reached 81.61276 (best 81.61276), saving model to '/home/bkwan27/emg2qwerty/logs/2025-03-09/10-05-49/job0_trainer.devices=1,user=single_user/checkpoints/epoch=33-step=4080.ckpt' as top 1
Epoch 34, global step 4200: 'val/CER' reached 78.57776 (best 78.57776), saving model to '/home/bkwan27/emg2qwerty/logs/2025-03-09/10-05-49/job0_trainer.devices=1,user=single_user/checkpoints/epoch=34-step=4200.ckpt' as top 1
Epoch 35, global step 4320: 'val/CER' was not in top 1
Epoch 36, global step 4440: 'val/CER' was not in top 1
Epoch 37, global step 4560: 'val/CER' reached 76.62827 (best 76.62827), saving model to '/home/bkwan27/emg2qwerty/logs/2025-03-09/10-05-49/job0_trainer.devices=1,user=single_user/checkpoints/epoch=37-step=4560.ckpt' as top 1
Epoch 38, global step 4680: 'val/CER' reached 70.71333 (best 70.71333), saving model to '/home/bkwan27/emg2qwerty/logs/2025-03-09/10-05-49/job0_trainer.devices=1,user=single_user/checkpoints/epoch=38-step=4680.ckpt' as top 1
Epoch 39, global step 4800: 'val/CER' reached 70.07089 (best 70.07089), saving model to '/home/bkwan27/emg2qwerty/logs/2025-03-09/10-05-49/job0_trainer.devices=1,user=single_user/checkpoints/epoch=39-step=4800.ckpt' as top 1
Epoch 40, global step 4920: 'val/CER' was not in top 1
Epoch 41, global step 5040: 'val/CER' reached 68.03278 (best 68.03278), saving model to '/home/bkwan27/emg2qwerty/logs/2025-03-09/10-05-49/job0_trainer.devices=1,user=single_user/checkpoints/epoch=41-step=5040.ckpt' as top 1
Epoch 42, global step 5160: 'val/CER' reached 60.43420 (best 60.43420), saving model to '/home/bkwan27/emg2qwerty/logs/2025-03-09/10-05-49/job0_trainer.devices=1,user=single_user/checkpoints/epoch=42-step=5160.ckpt' as top 1
Epoch 43, global step 5280: 'val/CER' was not in top 1
Epoch 44, global step 5400: 'val/CER' was not in top 1
Epoch 45, global step 5520: 'val/CER' was not in top 1
Epoch 46, global step 5640: 'val/CER' was not in top 1
Epoch 47, global step 5760: 'val/CER' was not in top 1
Epoch 48, global step 5880: 'val/CER' reached 60.21267 (best 60.21267), saving model to '/home/bkwan27/emg2qwerty/logs/2025-03-09/10-05-49/job0_trainer.devices=1,user=single_user/checkpoints/epoch=48-step=5880.ckpt' as top 1
Epoch 49, global step 6000: 'val/CER' reached 58.17457 (best 58.17457), saving model to '/home/bkwan27/emg2qwerty/logs/2025-03-09/10-05-49/job0_trainer.devices=1,user=single_user/checkpoints/epoch=49-step=6000.ckpt' as top 1
Epoch 50, global step 6120: 'val/CER' reached 52.63624 (best 52.63624), saving model to '/home/bkwan27/emg2qwerty/logs/2025-03-09/10-05-49/job0_trainer.devices=1,user=single_user/checkpoints/epoch=50-step=6120.ckpt' as top 1
Epoch 51, global step 6240: 'val/CER' was not in top 1
Epoch 52, global step 6360: 'val/CER' reached 48.00620 (best 48.00620), saving model to '/home/bkwan27/emg2qwerty/logs/2025-03-09/10-05-49/job0_trainer.devices=1,user=single_user/checkpoints/epoch=52-step=6360.ckpt' as top 1
Epoch 53, global step 6480: 'val/CER' was not in top 1
Epoch 54, global step 6600: 'val/CER' was not in top 1
Epoch 55, global step 6720: 'val/CER' was not in top 1
Epoch 56, global step 6840: 'val/CER' reached 47.20868 (best 47.20868), saving model to '/home/bkwan27/emg2qwerty/logs/2025-03-09/10-05-49/job0_trainer.devices=1,user=single_user/checkpoints/epoch=56-step=6840.ckpt' as top 1
Epoch 57, global step 6960: 'val/CER' was not in top 1
Epoch 58, global step 7080: 'val/CER' reached 45.81303 (best 45.81303), saving model to '/home/bkwan27/emg2qwerty/logs/2025-03-09/10-05-49/job0_trainer.devices=1,user=single_user/checkpoints/epoch=58-step=7080.ckpt' as top 1
Epoch 59, global step 7200: 'val/CER' was not in top 1
Epoch 60, global step 7320: 'val/CER' reached 42.95525 (best 42.95525), saving model to '/home/bkwan27/emg2qwerty/logs/2025-03-09/10-05-49/job0_trainer.devices=1,user=single_user/checkpoints/epoch=60-step=7320.ckpt' as top 1
Epoch 61, global step 7440: 'val/CER' was not in top 1
Epoch 62, global step 7560: 'val/CER' was not in top 1
Epoch 63, global step 7680: 'val/CER' was not in top 1
Epoch 64, global step 7800: 'val/CER' was not in top 1
Epoch 65, global step 7920: 'val/CER' was not in top 1
Epoch 66, global step 8040: 'val/CER' was not in top 1
Epoch 67, global step 8160: 'val/CER' was not in top 1
Epoch 68, global step 8280: 'val/CER' reached 41.71466 (best 41.71466), saving model to '/home/bkwan27/emg2qwerty/logs/2025-03-09/10-05-49/job0_trainer.devices=1,user=single_user/checkpoints/epoch=68-step=8280.ckpt' as top 1
Epoch 69, global step 8400: 'val/CER' was not in top 1
Epoch 70, global step 8520: 'val/CER' was not in top 1
Epoch 71, global step 8640: 'val/CER' reached 41.31591 (best 41.31591), saving model to '/home/bkwan27/emg2qwerty/logs/2025-03-09/10-05-49/job0_trainer.devices=1,user=single_user/checkpoints/epoch=71-step=8640.ckpt' as top 1
Epoch 72, global step 8760: 'val/CER' reached 40.25255 (best 40.25255), saving model to '/home/bkwan27/emg2qwerty/logs/2025-03-09/10-05-49/job0_trainer.devices=1,user=single_user/checkpoints/epoch=72-step=8760.ckpt' as top 1
Epoch 73, global step 8880: 'val/CER' was not in top 1
Epoch 74, global step 9000: 'val/CER' reached 40.09747 (best 40.09747), saving model to '/home/bkwan27/emg2qwerty/logs/2025-03-09/10-05-49/job0_trainer.devices=1,user=single_user/checkpoints/epoch=74-step=9000.ckpt' as top 1
Epoch 75, global step 9120: 'val/CER' was not in top 1
Epoch 76, global step 9240: 'val/CER' was not in top 1
Epoch 77, global step 9360: 'val/CER' was not in top 1
Epoch 78, global step 9480: 'val/CER' reached 37.70492 (best 37.70492), saving model to '/home/bkwan27/emg2qwerty/logs/2025-03-09/10-05-49/job0_trainer.devices=1,user=single_user/checkpoints/epoch=78-step=9480.ckpt' as top 1
Epoch 79, global step 9600: 'val/CER' was not in top 1
Epoch 80, global step 9720: 'val/CER' was not in top 1
Epoch 81, global step 9840: 'val/CER' reached 36.90740 (best 36.90740), saving model to '/home/bkwan27/emg2qwerty/logs/2025-03-09/10-05-49/job0_trainer.devices=1,user=single_user/checkpoints/epoch=81-step=9840.ckpt' as top 1
Epoch 82, global step 9960: 'val/CER' reached 36.17634 (best 36.17634), saving model to '/home/bkwan27/emg2qwerty/logs/2025-03-09/10-05-49/job0_trainer.devices=1,user=single_user/checkpoints/epoch=82-step=9960.ckpt' as top 1
Epoch 83, global step 10080: 'val/CER' was not in top 1
Epoch 84, global step 10200: 'val/CER' was not in top 1
Epoch 85, global step 10320: 'val/CER' was not in top 1
Epoch 86, global step 10440: 'val/CER' reached 34.33762 (best 34.33762), saving model to '/home/bkwan27/emg2qwerty/logs/2025-03-09/10-05-49/job0_trainer.devices=1,user=single_user/checkpoints/epoch=86-step=10440.ckpt' as top 1
Epoch 87, global step 10560: 'val/CER' was not in top 1
Epoch 88, global step 10680: 'val/CER' was not in top 1
Epoch 89, global step 10800: 'val/CER' was not in top 1
Epoch 90, global step 10920: 'val/CER' reached 32.94196 (best 32.94196), saving model to '/home/bkwan27/emg2qwerty/logs/2025-03-09/10-05-49/job0_trainer.devices=1,user=single_user/checkpoints/epoch=90-step=10920.ckpt' as top 1
Epoch 91, global step 11040: 'val/CER' was not in top 1
Epoch 92, global step 11160: 'val/CER' reached 32.10013 (best 32.10013), saving model to '/home/bkwan27/emg2qwerty/logs/2025-03-09/10-05-49/job0_trainer.devices=1,user=single_user/checkpoints/epoch=92-step=11160.ckpt' as top 1
Epoch 93, global step 11280: 'val/CER' was not in top 1
Epoch 94, global step 11400: 'val/CER' was not in top 1
Epoch 95, global step 11520: 'val/CER' was not in top 1
Epoch 96, global step 11640: 'val/CER' reached 30.92601 (best 30.92601), saving model to '/home/bkwan27/emg2qwerty/logs/2025-03-09/10-05-49/job0_trainer.devices=1,user=single_user/checkpoints/epoch=96-step=11640.ckpt' as top 1
Epoch 97, global step 11760: 'val/CER' was not in top 1
Epoch 98, global step 11880: 'val/CER' was not in top 1
Epoch 99, global step 12000: 'val/CER' was not in top 1
Epoch 100, global step 12120: 'val/CER' was not in top 1
Epoch 101, global step 12240: 'val/CER' was not in top 1
Epoch 102, global step 12360: 'val/CER' was not in top 1
Epoch 103, global step 12480: 'val/CER' reached 30.59371 (best 30.59371), saving model to '/home/bkwan27/emg2qwerty/logs/2025-03-09/10-05-49/job0_trainer.devices=1,user=single_user/checkpoints/epoch=103-step=12480.ckpt' as top 1
Epoch 104, global step 12600: 'val/CER' was not in top 1
Epoch 105, global step 12720: 'val/CER' reached 30.32787 (best 30.32787), saving model to '/home/bkwan27/emg2qwerty/logs/2025-03-09/10-05-49/job0_trainer.devices=1,user=single_user/checkpoints/epoch=105-step=12720.ckpt' as top 1
Epoch 106, global step 12840: 'val/CER' was not in top 1
Epoch 107, global step 12960: 'val/CER' was not in top 1
Epoch 108, global step 13080: 'val/CER' reached 29.95126 (best 29.95126), saving model to '/home/bkwan27/emg2qwerty/logs/2025-03-09/10-05-49/job0_trainer.devices=1,user=single_user/checkpoints/epoch=108-step=13080.ckpt' as top 1
Epoch 109, global step 13200: 'val/CER' was not in top 1
Epoch 110, global step 13320: 'val/CER' reached 29.57466 (best 29.57466), saving model to '/home/bkwan27/emg2qwerty/logs/2025-03-09/10-05-49/job0_trainer.devices=1,user=single_user/checkpoints/epoch=110-step=13320.ckpt' as top 1
Epoch 111, global step 13440: 'val/CER' was not in top 1
Epoch 112, global step 13560: 'val/CER' was not in top 1
Epoch 113, global step 13680: 'val/CER' reached 27.53655 (best 27.53655), saving model to '/home/bkwan27/emg2qwerty/logs/2025-03-09/10-05-49/job0_trainer.devices=1,user=single_user/checkpoints/epoch=113-step=13680.ckpt' as top 1
Epoch 114, global step 13800: 'val/CER' was not in top 1
Epoch 115, global step 13920: 'val/CER' was not in top 1
Epoch 116, global step 14040: 'val/CER' was not in top 1
Epoch 117, global step 14160: 'val/CER' was not in top 1
Epoch 118, global step 14280: 'val/CER' reached 26.82765 (best 26.82765), saving model to '/home/bkwan27/emg2qwerty/logs/2025-03-09/10-05-49/job0_trainer.devices=1,user=single_user/checkpoints/epoch=118-step=14280.ckpt' as top 1
Epoch 119, global step 14400: 'val/CER' was not in top 1
Epoch 120, global step 14520: 'val/CER' was not in top 1
Epoch 121, global step 14640: 'val/CER' reached 25.96367 (best 25.96367), saving model to '/home/bkwan27/emg2qwerty/logs/2025-03-09/10-05-49/job0_trainer.devices=1,user=single_user/checkpoints/epoch=121-step=14640.ckpt' as top 1
Epoch 122, global step 14760: 'val/CER' was not in top 1
Epoch 123, global step 14880: 'val/CER' was not in top 1
Epoch 124, global step 15000: 'val/CER' was not in top 1
Epoch 125, global step 15120: 'val/CER' was not in top 1
Epoch 126, global step 15240: 'val/CER' was not in top 1
Epoch 127, global step 15360: 'val/CER' reached 25.87506 (best 25.87506), saving model to '/home/bkwan27/emg2qwerty/logs/2025-03-09/10-05-49/job0_trainer.devices=1,user=single_user/checkpoints/epoch=127-step=15360.ckpt' as top 1
Epoch 128, global step 15480: 'val/CER' was not in top 1
Epoch 129, global step 15600: 'val/CER' reached 25.16615 (best 25.16615), saving model to '/home/bkwan27/emg2qwerty/logs/2025-03-09/10-05-49/job0_trainer.devices=1,user=single_user/checkpoints/epoch=129-step=15600.ckpt' as top 1
Epoch 130, global step 15720: 'val/CER' was not in top 1
Epoch 131, global step 15840: 'val/CER' was not in top 1
Epoch 132, global step 15960: 'val/CER' was not in top 1
Epoch 133, global step 16080: 'val/CER' reached 25.12184 (best 25.12184), saving model to '/home/bkwan27/emg2qwerty/logs/2025-03-09/10-05-49/job0_trainer.devices=1,user=single_user/checkpoints/epoch=133-step=16080.ckpt' as top 1
Epoch 134, global step 16200: 'val/CER' was not in top 1
Epoch 135, global step 16320: 'val/CER' was not in top 1
Epoch 136, global step 16440: 'val/CER' was not in top 1
Epoch 137, global step 16560: 'val/CER' was not in top 1
Epoch 138, global step 16680: 'val/CER' was not in top 1
Epoch 139, global step 16800: 'val/CER' was not in top 1
Epoch 140, global step 16920: 'val/CER' was not in top 1
Epoch 141, global step 17040: 'val/CER' was not in top 1
Epoch 142, global step 17160: 'val/CER' was not in top 1
Epoch 143, global step 17280: 'val/CER' reached 25.01108 (best 25.01108), saving model to '/home/bkwan27/emg2qwerty/logs/2025-03-09/10-05-49/job0_trainer.devices=1,user=single_user/checkpoints/epoch=143-step=17280.ckpt' as top 1
Epoch 144, global step 17400: 'val/CER' was not in top 1
Epoch 145, global step 17520: 'val/CER' was not in top 1
Epoch 146, global step 17640: 'val/CER' was not in top 1
Epoch 147, global step 17760: 'val/CER' reached 24.85600 (best 24.85600), saving model to '/home/bkwan27/emg2qwerty/logs/2025-03-09/10-05-49/job0_trainer.devices=1,user=single_user/checkpoints/epoch=147-step=17760.ckpt' as top 1
Epoch 148, global step 17880: 'val/CER' was not in top 1
Epoch 149, global step 18000: 'val/CER' was not in top 1
`Trainer.fit` stopped: `max_epochs=150` reached.
LOCAL_RANK: 0 - CUDA_VISIBLE_DEVICES: [0]
LOCAL_RANK: 0 - CUDA_VISIBLE_DEVICES: [0]
