2025-03-12 16:09:25.382509: E external/local_xla/xla/stream_executor/cuda/cuda_fft.cc:477] Unable to register cuFFT factory: Attempting to register factory for plugin cuFFT when one has already been registered
WARNING: All log messages before absl::InitializeLog() is called are written to STDERR
E0000 00:00:1741820965.413472 1354600 cuda_dnn.cc:8310] Unable to register cuDNN factory: Attempting to register factory for plugin cuDNN when one has already been registered
E0000 00:00:1741820965.423315 1354600 cuda_blas.cc:1418] Unable to register cuBLAS factory: Attempting to register factory for plugin cuBLAS when one has already been registered
2025-03-12 16:09:25.457022: I tensorflow/core/platform/cpu_feature_guard.cc:210] This TensorFlow binary is optimized to use available CPU instructions in performance-critical operations.
To enable the following instructions: AVX2 FMA, in other operations, rebuild TensorFlow with the appropriate compiler flags.
Global seed set to 1501
GPU available: True (cuda), used: True
TPU available: False, using: 0 TPU cores
IPU available: False, using: 0 IPUs
HPU available: False, using: 0 HPUs
Missing logger folder: /home/bkwan27/emg2qwerty/logs/2025-03-12/16-09-17/job0_trainer.devices=1,user=single_user/lightning_logs
LOCAL_RANK: 0 - CUDA_VISIBLE_DEVICES: [0]
/home/bkwan27/anaconda3/lib/python3.10/site-packages/pl_bolts/__init__.py:11: FutureWarning: In the future `np.object` will be defined as the corresponding NumPy scalar.
  if not hasattr(numpy, tp_name):
/home/bkwan27/anaconda3/lib/python3.10/site-packages/pl_bolts/__init__.py:11: FutureWarning: In the future `np.bool` will be defined as the corresponding NumPy scalar.
  if not hasattr(numpy, tp_name):
/home/bkwan27/anaconda3/lib/python3.10/site-packages/pl_bolts/models/self_supervised/amdim/amdim_module.py:34: UnderReviewWarning: The feature generate_power_seq is currently marked under review. The compatibility with other Lightning projects is not guaranteed and API may change at any time. The API and functionality may change without warning in future releases. More details: https://lightning-bolts.readthedocs.io/en/latest/stability.html
  "lr_options": generate_power_seq(LEARNING_RATE_CIFAR, 11),
/home/bkwan27/anaconda3/lib/python3.10/site-packages/pl_bolts/models/self_supervised/amdim/amdim_module.py:92: UnderReviewWarning: The feature FeatureMapContrastiveTask is currently marked under review. The compatibility with other Lightning projects is not guaranteed and API may change at any time. The API and functionality may change without warning in future releases. More details: https://lightning-bolts.readthedocs.io/en/latest/stability.html
  contrastive_task: Union[FeatureMapContrastiveTask] = FeatureMapContrastiveTask("01, 02, 11"),
/home/bkwan27/anaconda3/lib/python3.10/site-packages/pl_bolts/losses/self_supervised_learning.py:228: UnderReviewWarning: The feature AmdimNCELoss is currently marked under review. The compatibility with other Lightning projects is not guaranteed and API may change at any time. The API and functionality may change without warning in future releases. More details: https://lightning-bolts.readthedocs.io/en/latest/stability.html
  self.nce_loss = AmdimNCELoss(tclip)
/home/bkwan27/anaconda3/lib/python3.10/site-packages/hydra/_internal/instantiate/_instantiate2.py:92: UnderReviewWarning: The feature LinearWarmupCosineAnnealingLR is currently marked under review. The compatibility with other Lightning projects is not guaranteed and API may change at any time. The API and functionality may change without warning in future releases. More details: https://lightning-bolts.readthedocs.io/en/latest/stability.html
  return _target_(*args, **kwargs)

  | Name     | Type       | Params
----------------------------------------
0 | model    | Sequential | 5.2 M 
1 | ctc_loss | CTCLoss    | 0     
2 | metrics  | ModuleDict | 0     
----------------------------------------
5.2 M     Trainable params
0         Non-trainable params
5.2 M     Total params
20.768    Total estimated model params size (MB)
/home/bkwan27/anaconda3/lib/python3.10/site-packages/torch/nn/modules/conv.py:456: UserWarning: Plan failed with a cudnnException: CUDNN_BACKEND_EXECUTION_PLAN_DESCRIPTOR: cudnnFinalize Descriptor Failed cudnn_status: CUDNN_STATUS_NOT_SUPPORTED (Triggered internally at ../aten/src/ATen/native/cudnn/Conv_v8.cpp:919.)
  return F.conv2d(input, weight, bias, self.stride,
/home/bkwan27/anaconda3/lib/python3.10/site-packages/torch/autograd/graph.py:744: UserWarning: Plan failed with a cudnnException: CUDNN_BACKEND_EXECUTION_PLAN_DESCRIPTOR: cudnnFinalize Descriptor Failed cudnn_status: CUDNN_STATUS_NOT_SUPPORTED (Triggered internally at ../aten/src/ATen/native/cudnn/Conv_v8.cpp:919.)
  return Variable._execution_engine.run_backward(  # Calls into the C++ engine to run the backward pass
Epoch 0, global step 120: 'val/CER' reached 1660.32349 (best 1660.32349), saving model to '/home/bkwan27/emg2qwerty/logs/2025-03-12/16-09-17/job0_trainer.devices=1,user=single_user/checkpoints/epoch=0-step=120.ckpt' as top 1
Epoch 1, global step 240: 'val/CER' reached 100.00000 (best 100.00000), saving model to '/home/bkwan27/emg2qwerty/logs/2025-03-12/16-09-17/job0_trainer.devices=1,user=single_user/checkpoints/epoch=1-step=240.ckpt' as top 1
Epoch 2, global step 360: 'val/CER' was not in top 1
Epoch 3, global step 480: 'val/CER' was not in top 1
Epoch 4, global step 600: 'val/CER' was not in top 1
Epoch 5, global step 720: 'val/CER' was not in top 1
Epoch 6, global step 840: 'val/CER' was not in top 1
Epoch 7, global step 960: 'val/CER' was not in top 1
Epoch 8, global step 1080: 'val/CER' was not in top 1
Epoch 9, global step 1200: 'val/CER' reached 99.93354 (best 99.93354), saving model to '/home/bkwan27/emg2qwerty/logs/2025-03-12/16-09-17/job0_trainer.devices=1,user=single_user/checkpoints/epoch=9-step=1200.ckpt' as top 1
Epoch 10, global step 1320: 'val/CER' reached 97.51883 (best 97.51883), saving model to '/home/bkwan27/emg2qwerty/logs/2025-03-12/16-09-17/job0_trainer.devices=1,user=single_user/checkpoints/epoch=10-step=1320.ckpt' as top 1
Epoch 11, global step 1440: 'val/CER' reached 91.73682 (best 91.73682), saving model to '/home/bkwan27/emg2qwerty/logs/2025-03-12/16-09-17/job0_trainer.devices=1,user=single_user/checkpoints/epoch=11-step=1440.ckpt' as top 1
Epoch 12, global step 1560: 'val/CER' reached 87.68276 (best 87.68276), saving model to '/home/bkwan27/emg2qwerty/logs/2025-03-12/16-09-17/job0_trainer.devices=1,user=single_user/checkpoints/epoch=12-step=1560.ckpt' as top 1
Epoch 13, global step 1680: 'val/CER' reached 84.44838 (best 84.44838), saving model to '/home/bkwan27/emg2qwerty/logs/2025-03-12/16-09-17/job0_trainer.devices=1,user=single_user/checkpoints/epoch=13-step=1680.ckpt' as top 1
Epoch 14, global step 1800: 'val/CER' reached 80.46078 (best 80.46078), saving model to '/home/bkwan27/emg2qwerty/logs/2025-03-12/16-09-17/job0_trainer.devices=1,user=single_user/checkpoints/epoch=14-step=1800.ckpt' as top 1
Epoch 15, global step 1920: 'val/CER' reached 72.64067 (best 72.64067), saving model to '/home/bkwan27/emg2qwerty/logs/2025-03-12/16-09-17/job0_trainer.devices=1,user=single_user/checkpoints/epoch=15-step=1920.ckpt' as top 1
Epoch 16, global step 2040: 'val/CER' reached 68.18786 (best 68.18786), saving model to '/home/bkwan27/emg2qwerty/logs/2025-03-12/16-09-17/job0_trainer.devices=1,user=single_user/checkpoints/epoch=16-step=2040.ckpt' as top 1
Epoch 17, global step 2160: 'val/CER' reached 62.73815 (best 62.73815), saving model to '/home/bkwan27/emg2qwerty/logs/2025-03-12/16-09-17/job0_trainer.devices=1,user=single_user/checkpoints/epoch=17-step=2160.ckpt' as top 1
Epoch 18, global step 2280: 'val/CER' reached 54.45281 (best 54.45281), saving model to '/home/bkwan27/emg2qwerty/logs/2025-03-12/16-09-17/job0_trainer.devices=1,user=single_user/checkpoints/epoch=18-step=2280.ckpt' as top 1
Epoch 19, global step 2400: 'val/CER' reached 49.18033 (best 49.18033), saving model to '/home/bkwan27/emg2qwerty/logs/2025-03-12/16-09-17/job0_trainer.devices=1,user=single_user/checkpoints/epoch=19-step=2400.ckpt' as top 1
Epoch 20, global step 2520: 'val/CER' reached 39.34426 (best 39.34426), saving model to '/home/bkwan27/emg2qwerty/logs/2025-03-12/16-09-17/job0_trainer.devices=1,user=single_user/checkpoints/epoch=20-step=2520.ckpt' as top 1
Epoch 21, global step 2640: 'val/CER' reached 38.19229 (best 38.19229), saving model to '/home/bkwan27/emg2qwerty/logs/2025-03-12/16-09-17/job0_trainer.devices=1,user=single_user/checkpoints/epoch=21-step=2640.ckpt' as top 1
Epoch 22, global step 2760: 'val/CER' reached 35.86620 (best 35.86620), saving model to '/home/bkwan27/emg2qwerty/logs/2025-03-12/16-09-17/job0_trainer.devices=1,user=single_user/checkpoints/epoch=22-step=2760.ckpt' as top 1
Epoch 23, global step 2880: 'val/CER' reached 34.75853 (best 34.75853), saving model to '/home/bkwan27/emg2qwerty/logs/2025-03-12/16-09-17/job0_trainer.devices=1,user=single_user/checkpoints/epoch=23-step=2880.ckpt' as top 1
Epoch 24, global step 3000: 'val/CER' was not in top 1
Epoch 25, global step 3120: 'val/CER' reached 33.07488 (best 33.07488), saving model to '/home/bkwan27/emg2qwerty/logs/2025-03-12/16-09-17/job0_trainer.devices=1,user=single_user/checkpoints/epoch=25-step=3120.ckpt' as top 1
Epoch 26, global step 3240: 'val/CER' reached 32.18875 (best 32.18875), saving model to '/home/bkwan27/emg2qwerty/logs/2025-03-12/16-09-17/job0_trainer.devices=1,user=single_user/checkpoints/epoch=26-step=3240.ckpt' as top 1
Epoch 27, global step 3360: 'val/CER' was not in top 1
Epoch 28, global step 3480: 'val/CER' was not in top 1
Epoch 29, global step 3600: 'val/CER' was not in top 1
`Trainer.fit` stopped: `max_epochs=30` reached.
LOCAL_RANK: 0 - CUDA_VISIBLE_DEVICES: [0]
LOCAL_RANK: 0 - CUDA_VISIBLE_DEVICES: [0]
