2025-03-10 01:04:57.076043: E external/local_xla/xla/stream_executor/cuda/cuda_fft.cc:477] Unable to register cuFFT factory: Attempting to register factory for plugin cuFFT when one has already been registered
WARNING: All log messages before absl::InitializeLog() is called are written to STDERR
E0000 00:00:1741593897.096501 3003762 cuda_dnn.cc:8310] Unable to register cuDNN factory: Attempting to register factory for plugin cuDNN when one has already been registered
E0000 00:00:1741593897.102996 3003762 cuda_blas.cc:1418] Unable to register cuBLAS factory: Attempting to register factory for plugin cuBLAS when one has already been registered
2025-03-10 01:04:57.124001: I tensorflow/core/platform/cpu_feature_guard.cc:210] This TensorFlow binary is optimized to use available CPU instructions in performance-critical operations.
To enable the following instructions: AVX2 FMA, in other operations, rebuild TensorFlow with the appropriate compiler flags.
Global seed set to 1501
GPU available: True (cuda), used: True
TPU available: False, using: 0 TPU cores
IPU available: False, using: 0 IPUs
HPU available: False, using: 0 HPUs
2025-03-10 01:05:07.321376: E external/local_xla/xla/stream_executor/cuda/cuda_fft.cc:477] Unable to register cuFFT factory: Attempting to register factory for plugin cuFFT when one has already been registered
WARNING: All log messages before absl::InitializeLog() is called are written to STDERR
E0000 00:00:1741593907.341629 3004405 cuda_dnn.cc:8310] Unable to register cuDNN factory: Attempting to register factory for plugin cuDNN when one has already been registered
E0000 00:00:1741593907.347937 3004405 cuda_blas.cc:1418] Unable to register cuBLAS factory: Attempting to register factory for plugin cuBLAS when one has already been registered
2025-03-10 01:05:07.358798: E external/local_xla/xla/stream_executor/cuda/cuda_fft.cc:477] Unable to register cuFFT factory: Attempting to register factory for plugin cuFFT when one has already been registered
2025-03-10 01:05:07.371703: I tensorflow/core/platform/cpu_feature_guard.cc:210] This TensorFlow binary is optimized to use available CPU instructions in performance-critical operations.
To enable the following instructions: AVX2 FMA, in other operations, rebuild TensorFlow with the appropriate compiler flags.
WARNING: All log messages before absl::InitializeLog() is called are written to STDERR
E0000 00:00:1741593907.379245 3004402 cuda_dnn.cc:8310] Unable to register cuDNN factory: Attempting to register factory for plugin cuDNN when one has already been registered
E0000 00:00:1741593907.385667 3004402 cuda_blas.cc:1418] Unable to register cuBLAS factory: Attempting to register factory for plugin cuBLAS when one has already been registered
2025-03-10 01:05:07.406839: I tensorflow/core/platform/cpu_feature_guard.cc:210] This TensorFlow binary is optimized to use available CPU instructions in performance-critical operations.
To enable the following instructions: AVX2 FMA, in other operations, rebuild TensorFlow with the appropriate compiler flags.
2025-03-10 01:05:07.440323: E external/local_xla/xla/stream_executor/cuda/cuda_fft.cc:477] Unable to register cuFFT factory: Attempting to register factory for plugin cuFFT when one has already been registered
WARNING: All log messages before absl::InitializeLog() is called are written to STDERR
E0000 00:00:1741593907.460704 3004404 cuda_dnn.cc:8310] Unable to register cuDNN factory: Attempting to register factory for plugin cuDNN when one has already been registered
E0000 00:00:1741593907.467269 3004404 cuda_blas.cc:1418] Unable to register cuBLAS factory: Attempting to register factory for plugin cuBLAS when one has already been registered
2025-03-10 01:05:07.467607: E external/local_xla/xla/stream_executor/cuda/cuda_fft.cc:477] Unable to register cuFFT factory: Attempting to register factory for plugin cuFFT when one has already been registered
2025-03-10 01:05:07.488503: I tensorflow/core/platform/cpu_feature_guard.cc:210] This TensorFlow binary is optimized to use available CPU instructions in performance-critical operations.
To enable the following instructions: AVX2 FMA, in other operations, rebuild TensorFlow with the appropriate compiler flags.
WARNING: All log messages before absl::InitializeLog() is called are written to STDERR
E0000 00:00:1741593907.490455 3004403 cuda_dnn.cc:8310] Unable to register cuDNN factory: Attempting to register factory for plugin cuDNN when one has already been registered
E0000 00:00:1741593907.497674 3004403 cuda_blas.cc:1418] Unable to register cuBLAS factory: Attempting to register factory for plugin cuBLAS when one has already been registered
2025-03-10 01:05:07.518719: I tensorflow/core/platform/cpu_feature_guard.cc:210] This TensorFlow binary is optimized to use available CPU instructions in performance-critical operations.
To enable the following instructions: AVX2 FMA, in other operations, rebuild TensorFlow with the appropriate compiler flags.
Initializing distributed: GLOBAL_RANK: 3, MEMBER: 4/4
Initializing distributed: GLOBAL_RANK: 0, MEMBER: 1/4
Initializing distributed: GLOBAL_RANK: 1, MEMBER: 2/4
Initializing distributed: GLOBAL_RANK: 2, MEMBER: 3/4
Missing logger folder: /home/bkwan27/emg2qwerty/logs/2025-03-10/01-04-52/job0_trainer.devices=4,user=single_user/lightning_logs
Missing logger folder: /home/bkwan27/emg2qwerty/logs/2025-03-10/01-04-52/job0_trainer.devices=4,user=single_user/lightning_logs
----------------------------------------------------------------------------------------------------
distributed_backend=nccl
All distributed processes registered. Starting with 4 processes
----------------------------------------------------------------------------------------------------

Missing logger folder: /home/bkwan27/emg2qwerty/logs/2025-03-10/01-04-52/job0_trainer.devices=4,user=single_user/lightning_logs
Missing logger folder: /home/bkwan27/emg2qwerty/logs/2025-03-10/01-04-52/job0_trainer.devices=4,user=single_user/lightning_logs
LOCAL_RANK: 3 - CUDA_VISIBLE_DEVICES: [0,1,2,3]
LOCAL_RANK: 0 - CUDA_VISIBLE_DEVICES: [0,1,2,3]
LOCAL_RANK: 1 - CUDA_VISIBLE_DEVICES: [0,1,2,3]
LOCAL_RANK: 2 - CUDA_VISIBLE_DEVICES: [0,1,2,3]
/home/bkwan27/anaconda3/lib/python3.10/site-packages/pl_bolts/__init__.py:11: FutureWarning: In the future `np.object` will be defined as the corresponding NumPy scalar.
  if not hasattr(numpy, tp_name):
/home/bkwan27/anaconda3/lib/python3.10/site-packages/pl_bolts/__init__.py:11: FutureWarning: In the future `np.object` will be defined as the corresponding NumPy scalar.
  if not hasattr(numpy, tp_name):
/home/bkwan27/anaconda3/lib/python3.10/site-packages/pl_bolts/__init__.py:11: FutureWarning: In the future `np.object` will be defined as the corresponding NumPy scalar.
  if not hasattr(numpy, tp_name):
/home/bkwan27/anaconda3/lib/python3.10/site-packages/pl_bolts/__init__.py:11: FutureWarning: In the future `np.bool` will be defined as the corresponding NumPy scalar.
  if not hasattr(numpy, tp_name):
/home/bkwan27/anaconda3/lib/python3.10/site-packages/pl_bolts/__init__.py:11: FutureWarning: In the future `np.bool` will be defined as the corresponding NumPy scalar.
  if not hasattr(numpy, tp_name):
/home/bkwan27/anaconda3/lib/python3.10/site-packages/pl_bolts/__init__.py:11: FutureWarning: In the future `np.bool` will be defined as the corresponding NumPy scalar.
  if not hasattr(numpy, tp_name):
/home/bkwan27/anaconda3/lib/python3.10/site-packages/pl_bolts/__init__.py:11: FutureWarning: In the future `np.object` will be defined as the corresponding NumPy scalar.
  if not hasattr(numpy, tp_name):
/home/bkwan27/anaconda3/lib/python3.10/site-packages/pl_bolts/__init__.py:11: FutureWarning: In the future `np.bool` will be defined as the corresponding NumPy scalar.
  if not hasattr(numpy, tp_name):
/home/bkwan27/anaconda3/lib/python3.10/site-packages/pl_bolts/models/self_supervised/amdim/amdim_module.py:34: UnderReviewWarning: The feature generate_power_seq is currently marked under review. The compatibility with other Lightning projects is not guaranteed and API may change at any time. The API and functionality may change without warning in future releases. More details: https://lightning-bolts.readthedocs.io/en/latest/stability.html
  "lr_options": generate_power_seq(LEARNING_RATE_CIFAR, 11),
/home/bkwan27/anaconda3/lib/python3.10/site-packages/pl_bolts/models/self_supervised/amdim/amdim_module.py:92: UnderReviewWarning: The feature FeatureMapContrastiveTask is currently marked under review. The compatibility with other Lightning projects is not guaranteed and API may change at any time. The API and functionality may change without warning in future releases. More details: https://lightning-bolts.readthedocs.io/en/latest/stability.html
  contrastive_task: Union[FeatureMapContrastiveTask] = FeatureMapContrastiveTask("01, 02, 11"),
/home/bkwan27/anaconda3/lib/python3.10/site-packages/pl_bolts/losses/self_supervised_learning.py:228: UnderReviewWarning: The feature AmdimNCELoss is currently marked under review. The compatibility with other Lightning projects is not guaranteed and API may change at any time. The API and functionality may change without warning in future releases. More details: https://lightning-bolts.readthedocs.io/en/latest/stability.html
  self.nce_loss = AmdimNCELoss(tclip)
/home/bkwan27/anaconda3/lib/python3.10/site-packages/hydra/_internal/instantiate/_instantiate2.py:92: UnderReviewWarning: The feature LinearWarmupCosineAnnealingLR is currently marked under review. The compatibility with other Lightning projects is not guaranteed and API may change at any time. The API and functionality may change without warning in future releases. More details: https://lightning-bolts.readthedocs.io/en/latest/stability.html
  return _target_(*args, **kwargs)

  | Name     | Type       | Params
----------------------------------------
0 | model    | Sequential | 2.4 M 
1 | ctc_loss | CTCLoss    | 0     
2 | metrics  | ModuleDict | 0     
----------------------------------------
2.4 M     Trainable params
0         Non-trainable params
2.4 M     Total params
9.564     Total estimated model params size (MB)
/home/bkwan27/anaconda3/lib/python3.10/site-packages/pytorch_lightning/trainer/trainer.py:1595: PossibleUserWarning: The number of training batches (30) is smaller than the logging interval Trainer(log_every_n_steps=50). Set a lower value for log_every_n_steps if you want to see logs for the training epoch.
  rank_zero_warn(
/home/bkwan27/emg2qwerty/emg2qwerty/transforms.py:205: UserWarning: To copy construct from a tensor, it is recommended to use sourceTensor.clone().detach() or sourceTensor.clone().detach().requires_grad_(True), rather than torch.tensor(sourceTensor).
  scale_factor = torch.tensor(0.8 + 0.4 * torch.rand(1))  # Random scale (0.8x to 1.2x)
/home/bkwan27/emg2qwerty/emg2qwerty/transforms.py:205: UserWarning: To copy construct from a tensor, it is recommended to use sourceTensor.clone().detach() or sourceTensor.clone().detach().requires_grad_(True), rather than torch.tensor(sourceTensor).
  scale_factor = torch.tensor(0.8 + 0.4 * torch.rand(1))  # Random scale (0.8x to 1.2x)
/home/bkwan27/emg2qwerty/emg2qwerty/transforms.py:205: UserWarning: To copy construct from a tensor, it is recommended to use sourceTensor.clone().detach() or sourceTensor.clone().detach().requires_grad_(True), rather than torch.tensor(sourceTensor).
  scale_factor = torch.tensor(0.8 + 0.4 * torch.rand(1))  # Random scale (0.8x to 1.2x)
/home/bkwan27/emg2qwerty/emg2qwerty/transforms.py:205: UserWarning: To copy construct from a tensor, it is recommended to use sourceTensor.clone().detach() or sourceTensor.clone().detach().requires_grad_(True), rather than torch.tensor(sourceTensor).
  scale_factor = torch.tensor(0.8 + 0.4 * torch.rand(1))  # Random scale (0.8x to 1.2x)
/home/bkwan27/emg2qwerty/emg2qwerty/transforms.py:205: UserWarning: To copy construct from a tensor, it is recommended to use sourceTensor.clone().detach() or sourceTensor.clone().detach().requires_grad_(True), rather than torch.tensor(sourceTensor).
  scale_factor = torch.tensor(0.8 + 0.4 * torch.rand(1))  # Random scale (0.8x to 1.2x)
/home/bkwan27/emg2qwerty/emg2qwerty/transforms.py:205: UserWarning: To copy construct from a tensor, it is recommended to use sourceTensor.clone().detach() or sourceTensor.clone().detach().requires_grad_(True), rather than torch.tensor(sourceTensor).
  scale_factor = torch.tensor(0.8 + 0.4 * torch.rand(1))  # Random scale (0.8x to 1.2x)
/home/bkwan27/emg2qwerty/emg2qwerty/transforms.py:205: UserWarning: To copy construct from a tensor, it is recommended to use sourceTensor.clone().detach() or sourceTensor.clone().detach().requires_grad_(True), rather than torch.tensor(sourceTensor).
  scale_factor = torch.tensor(0.8 + 0.4 * torch.rand(1))  # Random scale (0.8x to 1.2x)
/home/bkwan27/emg2qwerty/emg2qwerty/transforms.py:205: UserWarning: To copy construct from a tensor, it is recommended to use sourceTensor.clone().detach() or sourceTensor.clone().detach().requires_grad_(True), rather than torch.tensor(sourceTensor).
  scale_factor = torch.tensor(0.8 + 0.4 * torch.rand(1))  # Random scale (0.8x to 1.2x)
/home/bkwan27/emg2qwerty/emg2qwerty/transforms.py:205: UserWarning: To copy construct from a tensor, it is recommended to use sourceTensor.clone().detach() or sourceTensor.clone().detach().requires_grad_(True), rather than torch.tensor(sourceTensor).
  scale_factor = torch.tensor(0.8 + 0.4 * torch.rand(1))  # Random scale (0.8x to 1.2x)
/home/bkwan27/emg2qwerty/emg2qwerty/transforms.py:205: UserWarning: To copy construct from a tensor, it is recommended to use sourceTensor.clone().detach() or sourceTensor.clone().detach().requires_grad_(True), rather than torch.tensor(sourceTensor).
  scale_factor = torch.tensor(0.8 + 0.4 * torch.rand(1))  # Random scale (0.8x to 1.2x)
/home/bkwan27/emg2qwerty/emg2qwerty/transforms.py:205: UserWarning: To copy construct from a tensor, it is recommended to use sourceTensor.clone().detach() or sourceTensor.clone().detach().requires_grad_(True), rather than torch.tensor(sourceTensor).
  scale_factor = torch.tensor(0.8 + 0.4 * torch.rand(1))  # Random scale (0.8x to 1.2x)
/home/bkwan27/emg2qwerty/emg2qwerty/transforms.py:205: UserWarning: To copy construct from a tensor, it is recommended to use sourceTensor.clone().detach() or sourceTensor.clone().detach().requires_grad_(True), rather than torch.tensor(sourceTensor).
  scale_factor = torch.tensor(0.8 + 0.4 * torch.rand(1))  # Random scale (0.8x to 1.2x)
/home/bkwan27/emg2qwerty/emg2qwerty/transforms.py:205: UserWarning: To copy construct from a tensor, it is recommended to use sourceTensor.clone().detach() or sourceTensor.clone().detach().requires_grad_(True), rather than torch.tensor(sourceTensor).
  scale_factor = torch.tensor(0.8 + 0.4 * torch.rand(1))  # Random scale (0.8x to 1.2x)
/home/bkwan27/emg2qwerty/emg2qwerty/transforms.py:205: UserWarning: To copy construct from a tensor, it is recommended to use sourceTensor.clone().detach() or sourceTensor.clone().detach().requires_grad_(True), rather than torch.tensor(sourceTensor).
  scale_factor = torch.tensor(0.8 + 0.4 * torch.rand(1))  # Random scale (0.8x to 1.2x)
/home/bkwan27/emg2qwerty/emg2qwerty/transforms.py:205: UserWarning: To copy construct from a tensor, it is recommended to use sourceTensor.clone().detach() or sourceTensor.clone().detach().requires_grad_(True), rather than torch.tensor(sourceTensor).
  scale_factor = torch.tensor(0.8 + 0.4 * torch.rand(1))  # Random scale (0.8x to 1.2x)
/home/bkwan27/emg2qwerty/emg2qwerty/transforms.py:205: UserWarning: To copy construct from a tensor, it is recommended to use sourceTensor.clone().detach() or sourceTensor.clone().detach().requires_grad_(True), rather than torch.tensor(sourceTensor).
  scale_factor = torch.tensor(0.8 + 0.4 * torch.rand(1))  # Random scale (0.8x to 1.2x)
/home/bkwan27/emg2qwerty/emg2qwerty/transforms.py:205: UserWarning: To copy construct from a tensor, it is recommended to use sourceTensor.clone().detach() or sourceTensor.clone().detach().requires_grad_(True), rather than torch.tensor(sourceTensor).
  scale_factor = torch.tensor(0.8 + 0.4 * torch.rand(1))  # Random scale (0.8x to 1.2x)
/home/bkwan27/emg2qwerty/emg2qwerty/transforms.py:205: UserWarning: To copy construct from a tensor, it is recommended to use sourceTensor.clone().detach() or sourceTensor.clone().detach().requires_grad_(True), rather than torch.tensor(sourceTensor).
  scale_factor = torch.tensor(0.8 + 0.4 * torch.rand(1))  # Random scale (0.8x to 1.2x)
/home/bkwan27/emg2qwerty/emg2qwerty/transforms.py:205: UserWarning: To copy construct from a tensor, it is recommended to use sourceTensor.clone().detach() or sourceTensor.clone().detach().requires_grad_(True), rather than torch.tensor(sourceTensor).
  scale_factor = torch.tensor(0.8 + 0.4 * torch.rand(1))  # Random scale (0.8x to 1.2x)
/home/bkwan27/emg2qwerty/emg2qwerty/transforms.py:205: UserWarning: To copy construct from a tensor, it is recommended to use sourceTensor.clone().detach() or sourceTensor.clone().detach().requires_grad_(True), rather than torch.tensor(sourceTensor).
  scale_factor = torch.tensor(0.8 + 0.4 * torch.rand(1))  # Random scale (0.8x to 1.2x)
/home/bkwan27/emg2qwerty/emg2qwerty/transforms.py:205: UserWarning: To copy construct from a tensor, it is recommended to use sourceTensor.clone().detach() or sourceTensor.clone().detach().requires_grad_(True), rather than torch.tensor(sourceTensor).
  scale_factor = torch.tensor(0.8 + 0.4 * torch.rand(1))  # Random scale (0.8x to 1.2x)
/home/bkwan27/emg2qwerty/emg2qwerty/transforms.py:205: UserWarning: To copy construct from a tensor, it is recommended to use sourceTensor.clone().detach() or sourceTensor.clone().detach().requires_grad_(True), rather than torch.tensor(sourceTensor).
  scale_factor = torch.tensor(0.8 + 0.4 * torch.rand(1))  # Random scale (0.8x to 1.2x)
/home/bkwan27/emg2qwerty/emg2qwerty/transforms.py:205: UserWarning: To copy construct from a tensor, it is recommended to use sourceTensor.clone().detach() or sourceTensor.clone().detach().requires_grad_(True), rather than torch.tensor(sourceTensor).
  scale_factor = torch.tensor(0.8 + 0.4 * torch.rand(1))  # Random scale (0.8x to 1.2x)
/home/bkwan27/emg2qwerty/emg2qwerty/transforms.py:205: UserWarning: To copy construct from a tensor, it is recommended to use sourceTensor.clone().detach() or sourceTensor.clone().detach().requires_grad_(True), rather than torch.tensor(sourceTensor).
  scale_factor = torch.tensor(0.8 + 0.4 * torch.rand(1))  # Random scale (0.8x to 1.2x)
/home/bkwan27/emg2qwerty/emg2qwerty/transforms.py:205: UserWarning: To copy construct from a tensor, it is recommended to use sourceTensor.clone().detach() or sourceTensor.clone().detach().requires_grad_(True), rather than torch.tensor(sourceTensor).
  scale_factor = torch.tensor(0.8 + 0.4 * torch.rand(1))  # Random scale (0.8x to 1.2x)
/home/bkwan27/emg2qwerty/emg2qwerty/transforms.py:205: UserWarning: To copy construct from a tensor, it is recommended to use sourceTensor.clone().detach() or sourceTensor.clone().detach().requires_grad_(True), rather than torch.tensor(sourceTensor).
  scale_factor = torch.tensor(0.8 + 0.4 * torch.rand(1))  # Random scale (0.8x to 1.2x)
/home/bkwan27/emg2qwerty/emg2qwerty/transforms.py:205: UserWarning: To copy construct from a tensor, it is recommended to use sourceTensor.clone().detach() or sourceTensor.clone().detach().requires_grad_(True), rather than torch.tensor(sourceTensor).
  scale_factor = torch.tensor(0.8 + 0.4 * torch.rand(1))  # Random scale (0.8x to 1.2x)
/home/bkwan27/emg2qwerty/emg2qwerty/transforms.py:205: UserWarning: To copy construct from a tensor, it is recommended to use sourceTensor.clone().detach() or sourceTensor.clone().detach().requires_grad_(True), rather than torch.tensor(sourceTensor).
  scale_factor = torch.tensor(0.8 + 0.4 * torch.rand(1))  # Random scale (0.8x to 1.2x)
/home/bkwan27/emg2qwerty/emg2qwerty/transforms.py:205: UserWarning: To copy construct from a tensor, it is recommended to use sourceTensor.clone().detach() or sourceTensor.clone().detach().requires_grad_(True), rather than torch.tensor(sourceTensor).
  scale_factor = torch.tensor(0.8 + 0.4 * torch.rand(1))  # Random scale (0.8x to 1.2x)
/home/bkwan27/emg2qwerty/emg2qwerty/transforms.py:205: UserWarning: To copy construct from a tensor, it is recommended to use sourceTensor.clone().detach() or sourceTensor.clone().detach().requires_grad_(True), rather than torch.tensor(sourceTensor).
  scale_factor = torch.tensor(0.8 + 0.4 * torch.rand(1))  # Random scale (0.8x to 1.2x)
/home/bkwan27/emg2qwerty/emg2qwerty/transforms.py:205: UserWarning: To copy construct from a tensor, it is recommended to use sourceTensor.clone().detach() or sourceTensor.clone().detach().requires_grad_(True), rather than torch.tensor(sourceTensor).
  scale_factor = torch.tensor(0.8 + 0.4 * torch.rand(1))  # Random scale (0.8x to 1.2x)
/home/bkwan27/emg2qwerty/emg2qwerty/transforms.py:205: UserWarning: To copy construct from a tensor, it is recommended to use sourceTensor.clone().detach() or sourceTensor.clone().detach().requires_grad_(True), rather than torch.tensor(sourceTensor).
  scale_factor = torch.tensor(0.8 + 0.4 * torch.rand(1))  # Random scale (0.8x to 1.2x)
[rank1]:[W reducer.cpp:1389] Warning: find_unused_parameters=True was specified in DDP constructor, but did not find any unused parameters in the forward pass. This flag results in an extra traversal of the autograd graph every iteration,  which can adversely affect performance. If your model indeed never has any unused parameters in the forward pass, consider turning this flag off. Note that this warning may be a false positive if your model has flow control causing later iterations to have unused parameters. (function operator())
[rank2]:[W reducer.cpp:1389] Warning: find_unused_parameters=True was specified in DDP constructor, but did not find any unused parameters in the forward pass. This flag results in an extra traversal of the autograd graph every iteration,  which can adversely affect performance. If your model indeed never has any unused parameters in the forward pass, consider turning this flag off. Note that this warning may be a false positive if your model has flow control causing later iterations to have unused parameters. (function operator())
[rank3]:[W reducer.cpp:1389] Warning: find_unused_parameters=True was specified in DDP constructor, but did not find any unused parameters in the forward pass. This flag results in an extra traversal of the autograd graph every iteration,  which can adversely affect performance. If your model indeed never has any unused parameters in the forward pass, consider turning this flag off. Note that this warning may be a false positive if your model has flow control causing later iterations to have unused parameters. (function operator())
[rank0]:[W reducer.cpp:1389] Warning: find_unused_parameters=True was specified in DDP constructor, but did not find any unused parameters in the forward pass. This flag results in an extra traversal of the autograd graph every iteration,  which can adversely affect performance. If your model indeed never has any unused parameters in the forward pass, consider turning this flag off. Note that this warning may be a false positive if your model has flow control causing later iterations to have unused parameters. (function operator())
Epoch 0, global step 30: 'val/CER' reached 125.96367 (best 125.96367), saving model to '/home/bkwan27/emg2qwerty/logs/2025-03-10/01-04-52/job0_trainer.devices=4,user=single_user/checkpoints/epoch=0-step=30.ckpt' as top 1
Epoch 1, global step 60: 'val/CER' reached 100.00000 (best 100.00000), saving model to '/home/bkwan27/emg2qwerty/logs/2025-03-10/01-04-52/job0_trainer.devices=4,user=single_user/checkpoints/epoch=1-step=60.ckpt' as top 1
Epoch 2, global step 90: 'val/CER' was not in top 1
Epoch 3, global step 120: 'val/CER' was not in top 1
Epoch 4, global step 150: 'val/CER' was not in top 1
Epoch 5, global step 180: 'val/CER' was not in top 1
Epoch 6, global step 210: 'val/CER' was not in top 1
Epoch 7, global step 240: 'val/CER' was not in top 1
Epoch 8, global step 270: 'val/CER' was not in top 1
Epoch 9, global step 300: 'val/CER' was not in top 1
Epoch 10, global step 330: 'val/CER' was not in top 1
Epoch 11, global step 360: 'val/CER' was not in top 1
Epoch 12, global step 390: 'val/CER' was not in top 1
Epoch 13, global step 420: 'val/CER' was not in top 1
Epoch 14, global step 450: 'val/CER' was not in top 1
Epoch 15, global step 480: 'val/CER' was not in top 1
Epoch 16, global step 510: 'val/CER' was not in top 1
Epoch 17, global step 540: 'val/CER' was not in top 1
Epoch 18, global step 570: 'val/CER' was not in top 1
Epoch 19, global step 600: 'val/CER' was not in top 1
Epoch 20, global step 630: 'val/CER' was not in top 1
Epoch 21, global step 660: 'val/CER' was not in top 1
Epoch 22, global step 690: 'val/CER' was not in top 1
Epoch 23, global step 720: 'val/CER' was not in top 1
Epoch 24, global step 750: 'val/CER' was not in top 1
Epoch 25, global step 780: 'val/CER' was not in top 1
Epoch 26, global step 810: 'val/CER' reached 99.77847 (best 99.77847), saving model to '/home/bkwan27/emg2qwerty/logs/2025-03-10/01-04-52/job0_trainer.devices=4,user=single_user/checkpoints/epoch=26-step=810.ckpt' as top 1
Epoch 27, global step 840: 'val/CER' reached 98.75941 (best 98.75941), saving model to '/home/bkwan27/emg2qwerty/logs/2025-03-10/01-04-52/job0_trainer.devices=4,user=single_user/checkpoints/epoch=27-step=840.ckpt' as top 1
Epoch 28, global step 870: 'val/CER' reached 96.83208 (best 96.83208), saving model to '/home/bkwan27/emg2qwerty/logs/2025-03-10/01-04-52/job0_trainer.devices=4,user=single_user/checkpoints/epoch=28-step=870.ckpt' as top 1
Epoch 29, global step 900: 'val/CER' reached 94.41737 (best 94.41737), saving model to '/home/bkwan27/emg2qwerty/logs/2025-03-10/01-04-52/job0_trainer.devices=4,user=single_user/checkpoints/epoch=29-step=900.ckpt' as top 1
Epoch 30, global step 930: 'val/CER' reached 91.40452 (best 91.40452), saving model to '/home/bkwan27/emg2qwerty/logs/2025-03-10/01-04-52/job0_trainer.devices=4,user=single_user/checkpoints/epoch=30-step=930.ckpt' as top 1
Epoch 31, global step 960: 'val/CER' reached 89.94240 (best 89.94240), saving model to '/home/bkwan27/emg2qwerty/logs/2025-03-10/01-04-52/job0_trainer.devices=4,user=single_user/checkpoints/epoch=31-step=960.ckpt' as top 1
Epoch 32, global step 990: 'val/CER' reached 82.94196 (best 82.94196), saving model to '/home/bkwan27/emg2qwerty/logs/2025-03-10/01-04-52/job0_trainer.devices=4,user=single_user/checkpoints/epoch=32-step=990.ckpt' as top 1
Epoch 33, global step 1020: 'val/CER' reached 68.47585 (best 68.47585), saving model to '/home/bkwan27/emg2qwerty/logs/2025-03-10/01-04-52/job0_trainer.devices=4,user=single_user/checkpoints/epoch=33-step=1020.ckpt' as top 1
Epoch 34, global step 1050: 'val/CER' was not in top 1
Epoch 35, global step 1080: 'val/CER' reached 55.44971 (best 55.44971), saving model to '/home/bkwan27/emg2qwerty/logs/2025-03-10/01-04-52/job0_trainer.devices=4,user=single_user/checkpoints/epoch=35-step=1080.ckpt' as top 1
Epoch 36, global step 1110: 'val/CER' reached 53.19007 (best 53.19007), saving model to '/home/bkwan27/emg2qwerty/logs/2025-03-10/01-04-52/job0_trainer.devices=4,user=single_user/checkpoints/epoch=36-step=1110.ckpt' as top 1
Epoch 37, global step 1140: 'val/CER' reached 50.84182 (best 50.84182), saving model to '/home/bkwan27/emg2qwerty/logs/2025-03-10/01-04-52/job0_trainer.devices=4,user=single_user/checkpoints/epoch=37-step=1140.ckpt' as top 1
Epoch 38, global step 1170: 'val/CER' was not in top 1
Epoch 39, global step 1200: 'val/CER' reached 46.58839 (best 46.58839), saving model to '/home/bkwan27/emg2qwerty/logs/2025-03-10/01-04-52/job0_trainer.devices=4,user=single_user/checkpoints/epoch=39-step=1200.ckpt' as top 1
Epoch 40, global step 1230: 'val/CER' reached 43.04387 (best 43.04387), saving model to '/home/bkwan27/emg2qwerty/logs/2025-03-10/01-04-52/job0_trainer.devices=4,user=single_user/checkpoints/epoch=40-step=1230.ckpt' as top 1
Epoch 41, global step 1260: 'val/CER' reached 42.13558 (best 42.13558), saving model to '/home/bkwan27/emg2qwerty/logs/2025-03-10/01-04-52/job0_trainer.devices=4,user=single_user/checkpoints/epoch=41-step=1260.ckpt' as top 1
Epoch 42, global step 1290: 'val/CER' reached 40.96145 (best 40.96145), saving model to '/home/bkwan27/emg2qwerty/logs/2025-03-10/01-04-52/job0_trainer.devices=4,user=single_user/checkpoints/epoch=42-step=1290.ckpt' as top 1
Epoch 43, global step 1320: 'val/CER' reached 38.94550 (best 38.94550), saving model to '/home/bkwan27/emg2qwerty/logs/2025-03-10/01-04-52/job0_trainer.devices=4,user=single_user/checkpoints/epoch=43-step=1320.ckpt' as top 1
Epoch 44, global step 1350: 'val/CER' was not in top 1
Epoch 45, global step 1380: 'val/CER' reached 36.53079 (best 36.53079), saving model to '/home/bkwan27/emg2qwerty/logs/2025-03-10/01-04-52/job0_trainer.devices=4,user=single_user/checkpoints/epoch=45-step=1380.ckpt' as top 1
Epoch 46, global step 1410: 'val/CER' reached 35.62251 (best 35.62251), saving model to '/home/bkwan27/emg2qwerty/logs/2025-03-10/01-04-52/job0_trainer.devices=4,user=single_user/checkpoints/epoch=46-step=1410.ckpt' as top 1
Epoch 47, global step 1440: 'val/CER' was not in top 1
Epoch 48, global step 1470: 'val/CER' reached 34.44838 (best 34.44838), saving model to '/home/bkwan27/emg2qwerty/logs/2025-03-10/01-04-52/job0_trainer.devices=4,user=single_user/checkpoints/epoch=48-step=1470.ckpt' as top 1
Epoch 49, global step 1500: 'val/CER' reached 32.43243 (best 32.43243), saving model to '/home/bkwan27/emg2qwerty/logs/2025-03-10/01-04-52/job0_trainer.devices=4,user=single_user/checkpoints/epoch=49-step=1500.ckpt' as top 1
Epoch 50, global step 1530: 'val/CER' reached 32.10013 (best 32.10013), saving model to '/home/bkwan27/emg2qwerty/logs/2025-03-10/01-04-52/job0_trainer.devices=4,user=single_user/checkpoints/epoch=50-step=1530.ckpt' as top 1
Epoch 51, global step 1560: 'val/CER' was not in top 1
Epoch 52, global step 1590: 'val/CER' was not in top 1
Epoch 53, global step 1620: 'val/CER' reached 30.63802 (best 30.63802), saving model to '/home/bkwan27/emg2qwerty/logs/2025-03-10/01-04-52/job0_trainer.devices=4,user=single_user/checkpoints/epoch=53-step=1620.ckpt' as top 1
Epoch 54, global step 1650: 'val/CER' was not in top 1
Epoch 55, global step 1680: 'val/CER' reached 30.17280 (best 30.17280), saving model to '/home/bkwan27/emg2qwerty/logs/2025-03-10/01-04-52/job0_trainer.devices=4,user=single_user/checkpoints/epoch=55-step=1680.ckpt' as top 1
Epoch 56, global step 1710: 'val/CER' reached 29.37528 (best 29.37528), saving model to '/home/bkwan27/emg2qwerty/logs/2025-03-10/01-04-52/job0_trainer.devices=4,user=single_user/checkpoints/epoch=56-step=1710.ckpt' as top 1
Epoch 57, global step 1740: 'val/CER' was not in top 1
Epoch 58, global step 1770: 'val/CER' was not in top 1
Epoch 59, global step 1800: 'val/CER' was not in top 1
Epoch 60, global step 1830: 'val/CER' reached 28.71068 (best 28.71068), saving model to '/home/bkwan27/emg2qwerty/logs/2025-03-10/01-04-52/job0_trainer.devices=4,user=single_user/checkpoints/epoch=60-step=1830.ckpt' as top 1
Epoch 61, global step 1860: 'val/CER' reached 26.91626 (best 26.91626), saving model to '/home/bkwan27/emg2qwerty/logs/2025-03-10/01-04-52/job0_trainer.devices=4,user=single_user/checkpoints/epoch=61-step=1860.ckpt' as top 1
Epoch 62, global step 1890: 'val/CER' was not in top 1
Epoch 63, global step 1920: 'val/CER' was not in top 1
Epoch 64, global step 1950: 'val/CER' was not in top 1
Epoch 65, global step 1980: 'val/CER' reached 26.71688 (best 26.71688), saving model to '/home/bkwan27/emg2qwerty/logs/2025-03-10/01-04-52/job0_trainer.devices=4,user=single_user/checkpoints/epoch=65-step=1980.ckpt' as top 1
Epoch 66, global step 2010: 'val/CER' reached 26.36243 (best 26.36243), saving model to '/home/bkwan27/emg2qwerty/logs/2025-03-10/01-04-52/job0_trainer.devices=4,user=single_user/checkpoints/epoch=66-step=2010.ckpt' as top 1
Epoch 67, global step 2040: 'val/CER' reached 25.76429 (best 25.76429), saving model to '/home/bkwan27/emg2qwerty/logs/2025-03-10/01-04-52/job0_trainer.devices=4,user=single_user/checkpoints/epoch=67-step=2040.ckpt' as top 1
Epoch 68, global step 2070: 'val/CER' reached 24.94462 (best 24.94462), saving model to '/home/bkwan27/emg2qwerty/logs/2025-03-10/01-04-52/job0_trainer.devices=4,user=single_user/checkpoints/epoch=68-step=2070.ckpt' as top 1
Epoch 69, global step 2100: 'val/CER' was not in top 1
Epoch 70, global step 2130: 'val/CER' reached 24.65662 (best 24.65662), saving model to '/home/bkwan27/emg2qwerty/logs/2025-03-10/01-04-52/job0_trainer.devices=4,user=single_user/checkpoints/epoch=70-step=2130.ckpt' as top 1
Epoch 71, global step 2160: 'val/CER' reached 24.39078 (best 24.39078), saving model to '/home/bkwan27/emg2qwerty/logs/2025-03-10/01-04-52/job0_trainer.devices=4,user=single_user/checkpoints/epoch=71-step=2160.ckpt' as top 1
Epoch 72, global step 2190: 'val/CER' was not in top 1
Epoch 73, global step 2220: 'val/CER' reached 24.21356 (best 24.21356), saving model to '/home/bkwan27/emg2qwerty/logs/2025-03-10/01-04-52/job0_trainer.devices=4,user=single_user/checkpoints/epoch=73-step=2220.ckpt' as top 1
Epoch 74, global step 2250: 'val/CER' reached 23.81480 (best 23.81480), saving model to '/home/bkwan27/emg2qwerty/logs/2025-03-10/01-04-52/job0_trainer.devices=4,user=single_user/checkpoints/epoch=74-step=2250.ckpt' as top 1
Epoch 75, global step 2280: 'val/CER' was not in top 1
Epoch 76, global step 2310: 'val/CER' reached 23.46035 (best 23.46035), saving model to '/home/bkwan27/emg2qwerty/logs/2025-03-10/01-04-52/job0_trainer.devices=4,user=single_user/checkpoints/epoch=76-step=2310.ckpt' as top 1
Epoch 77, global step 2340: 'val/CER' reached 23.10589 (best 23.10589), saving model to '/home/bkwan27/emg2qwerty/logs/2025-03-10/01-04-52/job0_trainer.devices=4,user=single_user/checkpoints/epoch=77-step=2340.ckpt' as top 1
Epoch 78, global step 2370: 'val/CER' was not in top 1
Epoch 79, global step 2400: 'val/CER' was not in top 1
Epoch 80, global step 2430: 'val/CER' reached 22.48560 (best 22.48560), saving model to '/home/bkwan27/emg2qwerty/logs/2025-03-10/01-04-52/job0_trainer.devices=4,user=single_user/checkpoints/epoch=80-step=2430.ckpt' as top 1
Epoch 81, global step 2460: 'val/CER' was not in top 1
Epoch 82, global step 2490: 'val/CER' was not in top 1
Epoch 83, global step 2520: 'val/CER' reached 21.99823 (best 21.99823), saving model to '/home/bkwan27/emg2qwerty/logs/2025-03-10/01-04-52/job0_trainer.devices=4,user=single_user/checkpoints/epoch=83-step=2520.ckpt' as top 1
Epoch 84, global step 2550: 'val/CER' reached 21.97607 (best 21.97607), saving model to '/home/bkwan27/emg2qwerty/logs/2025-03-10/01-04-52/job0_trainer.devices=4,user=single_user/checkpoints/epoch=84-step=2550.ckpt' as top 1
Epoch 85, global step 2580: 'val/CER' was not in top 1
Epoch 86, global step 2610: 'val/CER' was not in top 1
Epoch 87, global step 2640: 'val/CER' reached 21.71024 (best 21.71024), saving model to '/home/bkwan27/emg2qwerty/logs/2025-03-10/01-04-52/job0_trainer.devices=4,user=single_user/checkpoints/epoch=87-step=2640.ckpt' as top 1
Epoch 88, global step 2670: 'val/CER' was not in top 1
Epoch 89, global step 2700: 'val/CER' was not in top 1
Epoch 90, global step 2730: 'val/CER' was not in top 1
Epoch 91, global step 2760: 'val/CER' reached 21.17856 (best 21.17856), saving model to '/home/bkwan27/emg2qwerty/logs/2025-03-10/01-04-52/job0_trainer.devices=4,user=single_user/checkpoints/epoch=91-step=2760.ckpt' as top 1
Epoch 92, global step 2790: 'val/CER' was not in top 1
Epoch 93, global step 2820: 'val/CER' reached 20.66903 (best 20.66903), saving model to '/home/bkwan27/emg2qwerty/logs/2025-03-10/01-04-52/job0_trainer.devices=4,user=single_user/checkpoints/epoch=93-step=2820.ckpt' as top 1
Epoch 94, global step 2850: 'val/CER' reached 20.62472 (best 20.62472), saving model to '/home/bkwan27/emg2qwerty/logs/2025-03-10/01-04-52/job0_trainer.devices=4,user=single_user/checkpoints/epoch=94-step=2850.ckpt' as top 1
Epoch 95, global step 2880: 'val/CER' was not in top 1
Epoch 96, global step 2910: 'val/CER' was not in top 1
Epoch 97, global step 2940: 'val/CER' was not in top 1
Epoch 98, global step 2970: 'val/CER' was not in top 1
Epoch 99, global step 3000: 'val/CER' was not in top 1
Epoch 100, global step 3030: 'val/CER' reached 19.98228 (best 19.98228), saving model to '/home/bkwan27/emg2qwerty/logs/2025-03-10/01-04-52/job0_trainer.devices=4,user=single_user/checkpoints/epoch=100-step=3030.ckpt' as top 1
Epoch 101, global step 3060: 'val/CER' was not in top 1
Epoch 102, global step 3090: 'val/CER' reached 19.22906 (best 19.22906), saving model to '/home/bkwan27/emg2qwerty/logs/2025-03-10/01-04-52/job0_trainer.devices=4,user=single_user/checkpoints/epoch=102-step=3090.ckpt' as top 1
Epoch 103, global step 3120: 'val/CER' was not in top 1
Epoch 104, global step 3150: 'val/CER' was not in top 1
Epoch 105, global step 3180: 'val/CER' was not in top 1
Epoch 106, global step 3210: 'val/CER' was not in top 1
Epoch 107, global step 3240: 'val/CER' reached 19.20691 (best 19.20691), saving model to '/home/bkwan27/emg2qwerty/logs/2025-03-10/01-04-52/job0_trainer.devices=4,user=single_user/checkpoints/epoch=107-step=3240.ckpt' as top 1
Epoch 108, global step 3270: 'val/CER' was not in top 1
Epoch 109, global step 3300: 'val/CER' was not in top 1
Epoch 110, global step 3330: 'val/CER' was not in top 1
Epoch 111, global step 3360: 'val/CER' was not in top 1
Epoch 112, global step 3390: 'val/CER' was not in top 1
Epoch 113, global step 3420: 'val/CER' was not in top 1
Epoch 114, global step 3450: 'val/CER' was not in top 1
Epoch 115, global step 3480: 'val/CER' was not in top 1
Epoch 116, global step 3510: 'val/CER' reached 18.91892 (best 18.91892), saving model to '/home/bkwan27/emg2qwerty/logs/2025-03-10/01-04-52/job0_trainer.devices=4,user=single_user/checkpoints/epoch=116-step=3510.ckpt' as top 1
Epoch 117, global step 3540: 'val/CER' was not in top 1
Epoch 118, global step 3570: 'val/CER' was not in top 1
Epoch 119, global step 3600: 'val/CER' was not in top 1
Epoch 120, global step 3630: 'val/CER' was not in top 1
Epoch 121, global step 3660: 'val/CER' was not in top 1
Epoch 122, global step 3690: 'val/CER' was not in top 1
Epoch 123, global step 3720: 'val/CER' was not in top 1
Epoch 124, global step 3750: 'val/CER' was not in top 1
Epoch 125, global step 3780: 'val/CER' reached 18.71954 (best 18.71954), saving model to '/home/bkwan27/emg2qwerty/logs/2025-03-10/01-04-52/job0_trainer.devices=4,user=single_user/checkpoints/epoch=125-step=3780.ckpt' as top 1
Epoch 126, global step 3810: 'val/CER' was not in top 1
Epoch 127, global step 3840: 'val/CER' was not in top 1
Epoch 128, global step 3870: 'val/CER' was not in top 1
Epoch 129, global step 3900: 'val/CER' was not in top 1
Epoch 130, global step 3930: 'val/CER' was not in top 1
Epoch 131, global step 3960: 'val/CER' was not in top 1
Epoch 132, global step 3990: 'val/CER' was not in top 1
Epoch 133, global step 4020: 'val/CER' reached 18.65308 (best 18.65308), saving model to '/home/bkwan27/emg2qwerty/logs/2025-03-10/01-04-52/job0_trainer.devices=4,user=single_user/checkpoints/epoch=133-step=4020.ckpt' as top 1
Epoch 134, global step 4050: 'val/CER' was not in top 1
Epoch 135, global step 4080: 'val/CER' reached 18.56447 (best 18.56447), saving model to '/home/bkwan27/emg2qwerty/logs/2025-03-10/01-04-52/job0_trainer.devices=4,user=single_user/checkpoints/epoch=135-step=4080.ckpt' as top 1
Epoch 136, global step 4110: 'val/CER' was not in top 1
Epoch 137, global step 4140: 'val/CER' was not in top 1
Epoch 138, global step 4170: 'val/CER' was not in top 1
Epoch 139, global step 4200: 'val/CER' was not in top 1
Epoch 140, global step 4230: 'val/CER' was not in top 1
Epoch 141, global step 4260: 'val/CER' was not in top 1
Epoch 142, global step 4290: 'val/CER' was not in top 1
Epoch 143, global step 4320: 'val/CER' was not in top 1
Epoch 144, global step 4350: 'val/CER' was not in top 1
Epoch 145, global step 4380: 'val/CER' was not in top 1
Epoch 146, global step 4410: 'val/CER' was not in top 1
Epoch 147, global step 4440: 'val/CER' reached 18.36509 (best 18.36509), saving model to '/home/bkwan27/emg2qwerty/logs/2025-03-10/01-04-52/job0_trainer.devices=4,user=single_user/checkpoints/epoch=147-step=4440.ckpt' as top 1
Epoch 148, global step 4470: 'val/CER' was not in top 1
Epoch 149, global step 4500: 'val/CER' was not in top 1
`Trainer.fit` stopped: `max_epochs=150` reached.
/home/bkwan27/anaconda3/lib/python3.10/site-packages/torch/cuda/__init__.py:619: UserWarning: Can't initialize NVML
  warnings.warn("Can't initialize NVML")
/home/bkwan27/anaconda3/lib/python3.10/site-packages/torch/cuda/__init__.py:619: UserWarning: Can't initialize NVML
  warnings.warn("Can't initialize NVML")
/home/bkwan27/anaconda3/lib/python3.10/site-packages/torch/cuda/__init__.py:619: UserWarning: Can't initialize NVML
  warnings.warn("Can't initialize NVML")
/home/bkwan27/anaconda3/lib/python3.10/site-packages/torch/cuda/__init__.py:619: UserWarning: Can't initialize NVML
  warnings.warn("Can't initialize NVML")
/home/bkwan27/anaconda3/lib/python3.10/site-packages/torch/cuda/__init__.py:749: UserWarning: CUDA initialization: CUDA unknown error - this may be due to an incorrectly set up environment, e.g. changing env variable CUDA_VISIBLE_DEVICES after program start. Setting the available devices to be zero. (Triggered internally at ../c10/cuda/CUDAFunctions.cpp:108.)
  return torch._C._cuda_getDeviceCount() if nvml_count < 0 else nvml_count
/home/bkwan27/anaconda3/lib/python3.10/site-packages/torch/cuda/__init__.py:749: UserWarning: CUDA initialization: CUDA unknown error - this may be due to an incorrectly set up environment, e.g. changing env variable CUDA_VISIBLE_DEVICES after program start. Setting the available devices to be zero. (Triggered internally at ../c10/cuda/CUDAFunctions.cpp:108.)
  return torch._C._cuda_getDeviceCount() if nvml_count < 0 else nvml_count
/home/bkwan27/anaconda3/lib/python3.10/site-packages/torch/cuda/__init__.py:749: UserWarning: CUDA initialization: CUDA unknown error - this may be due to an incorrectly set up environment, e.g. changing env variable CUDA_VISIBLE_DEVICES after program start. Setting the available devices to be zero. (Triggered internally at ../c10/cuda/CUDAFunctions.cpp:108.)
  return torch._C._cuda_getDeviceCount() if nvml_count < 0 else nvml_count
/home/bkwan27/anaconda3/lib/python3.10/site-packages/torch/cuda/__init__.py:749: UserWarning: CUDA initialization: CUDA unknown error - this may be due to an incorrectly set up environment, e.g. changing env variable CUDA_VISIBLE_DEVICES after program start. Setting the available devices to be zero. (Triggered internally at ../c10/cuda/CUDAFunctions.cpp:108.)
  return torch._C._cuda_getDeviceCount() if nvml_count < 0 else nvml_count
2025-03-10 01:41:23.526932: E external/local_xla/xla/stream_executor/cuda/cuda_fft.cc:477] Unable to register cuFFT factory: Attempting to register factory for plugin cuFFT when one has already been registered
WARNING: All log messages before absl::InitializeLog() is called are written to STDERR
E0000 00:00:1741596083.547885 3117496 cuda_dnn.cc:8310] Unable to register cuDNN factory: Attempting to register factory for plugin cuDNN when one has already been registered
2025-03-10 01:41:23.553490: E external/local_xla/xla/stream_executor/cuda/cuda_fft.cc:477] Unable to register cuFFT factory: Att2025-03-10 01:41:23.553492: E external/local_xla/xla/stream_executor/cuda/cuda_fft.cc:477] Unable to register cuFFT factory: Attempting to register factory for plugin cuFFT when one has already been registered
empting to register factory for plugin cuFFT when one has already been registered
2025-03-10 01:41:23.554145: E external/local_xla/xla/stream_executor/cuda/cuda_fft.cc:477] Unable to register cuFFT factory: Attempting to register factory for plugin cuFFT when one has already been registered
E0000 00:00:1741596083.554284 3117496 cuda_blas.cc:1418] Unable to register cuBLAS factory: Attempting to register factory for plugin cuBLAS when one has already been registered
WARNING: All log messages before absl::InitializeLog() is called are written to STDERR
E0000 00:00:1741596083.574281 3117497 cuda_dnn.cc:8310] Unable to register cuDNN factory: Attempting to register factory for plugin cuDNN when one has already been registered
WARNING: All log messages before absl::InitializeLog() is called are written to STDERR
E0000 00:00:1741596083.574446 3117498 cuda_dnn.cc:8310] Unable to register cuDNN factory: Attempting to register factory for plugin cuDNN when one has already been registered
WARNING: All log messages before absl::InitializeLog() is called are written to STDERR
E0000 00:00:1741596083.576995 3117495 cuda_dnn.cc:8310] Unable to register cuDNN factory: Attempting to register factory for plugin cuDNN when one has already been registered
2025-03-10 01:41:23.577640: I tensorflow/core/platform/cpu_feature_guard.cc:210] This TensorFlow binary is optimized to use available CPU instructions in performance-critical operations.
To enable the following instructions: AVX2 FMA, in other operations, rebuild TensorFlow with the appropriate compiler flags.
E0000 00:00:1741596083.580845 3117498 cuda_blas.cc:1418] Unable to register cuBLAS factory: Attempting to register factory for plugin cuBLAS when one has already been registered
E0000 00:00:1741596083.581115 3117497 cuda_blas.cc:1418] Unable to register cuBLAS factory: Attempting to register factory for plugin cuBLAS when one has already been registered
E0000 00:00:1741596083.583736 3117495 cuda_blas.cc:1418] Unable to register cuBLAS factory: Attempting to register factory for plugin cuBLAS when one has already been registered
2025-03-10 01:41:23.604749: I tensorflow/core/platform/cpu_feature_guard.cc:210] This TensorFlow binary is optimized to use avai2025-03-10 01:41:23.604754: I tensorflow/core/platform/cpu_feature_guard.cc:210] This TensorFlow binary is optimized to use available CPU instructions in performance-critical operations.
To enable the following instructions: AVX2 FMA, in other operations, lable CPU instructions in performance-critical operations.
To enable the following instructions: AVX2 FMA, in other operations, rebuild TensorFlow with the appropriate compiler flags.
rebuild TensorFlow with the appropriate compiler flags.
2025-03-10 01:41:23.607636: I tensorflow/core/platform/cpu_feature_guard.cc:210] This TensorFlow binary is optimized to use available CPU instructions in performance-critical operations.
To enable the following instructions: AVX2 FMA, in other operations, rebuild TensorFlow with the appropriate compiler flags.
Initializing distributed: GLOBAL_RANK: 0, MEMBER: 1/4
Initializing distributed: GLOBAL_RANK: 1, MEMBER: 2/4
Initializing distributed: GLOBAL_RANK: 3, MEMBER: 4/4
Initializing distributed: GLOBAL_RANK: 2, MEMBER: 3/4
W0310 01:41:32.839000 128132410447360 torch/multiprocessing/spawn.py:145] Terminating process 3117496 via signal SIGTERM
W0310 01:41:32.840000 128132410447360 torch/multiprocessing/spawn.py:145] Terminating process 3117497 via signal SIGTERM
W0310 01:41:32.843000 128132410447360 torch/multiprocessing/spawn.py:145] Terminating process 3117498 via signal SIGTERM
