2025-03-13 21:26:08.827954: E external/local_xla/xla/stream_executor/cuda/cuda_fft.cc:477] Unable to register cuFFT factory: Attempting to register factory for plugin cuFFT when one has already been registered
WARNING: All log messages before absl::InitializeLog() is called are written to STDERR
E0000 00:00:1741926368.839540 3656327 cuda_dnn.cc:8310] Unable to register cuDNN factory: Attempting to register factory for plugin cuDNN when one has already been registered
E0000 00:00:1741926368.843070 3656327 cuda_blas.cc:1418] Unable to register cuBLAS factory: Attempting to register factory for plugin cuBLAS when one has already been registered
2025-03-13 21:26:08.855232: I tensorflow/core/platform/cpu_feature_guard.cc:210] This TensorFlow binary is optimized to use available CPU instructions in performance-critical operations.
To enable the following instructions: AVX2 FMA, in other operations, rebuild TensorFlow with the appropriate compiler flags.
Global seed set to 1501
GPU available: True (cuda), used: True
TPU available: False, using: 0 TPU cores
IPU available: False, using: 0 IPUs
HPU available: False, using: 0 HPUs
Missing logger folder: /home/bkwan27/emg2qwerty/logs/2025-03-13/21-26-06/job0_trainer.devices=1,user=single_user/lightning_logs
LOCAL_RANK: 0 - CUDA_VISIBLE_DEVICES: [0]
/home/bkwan27/anaconda3/lib/python3.10/site-packages/pl_bolts/__init__.py:11: FutureWarning: In the future `np.object` will be defined as the corresponding NumPy scalar.
  if not hasattr(numpy, tp_name):
/home/bkwan27/anaconda3/lib/python3.10/site-packages/pl_bolts/__init__.py:11: FutureWarning: In the future `np.bool` will be defined as the corresponding NumPy scalar.
  if not hasattr(numpy, tp_name):
/home/bkwan27/anaconda3/lib/python3.10/site-packages/pl_bolts/models/self_supervised/amdim/amdim_module.py:34: UnderReviewWarning: The feature generate_power_seq is currently marked under review. The compatibility with other Lightning projects is not guaranteed and API may change at any time. The API and functionality may change without warning in future releases. More details: https://lightning-bolts.readthedocs.io/en/latest/stability.html
  "lr_options": generate_power_seq(LEARNING_RATE_CIFAR, 11),
/home/bkwan27/anaconda3/lib/python3.10/site-packages/pl_bolts/models/self_supervised/amdim/amdim_module.py:92: UnderReviewWarning: The feature FeatureMapContrastiveTask is currently marked under review. The compatibility with other Lightning projects is not guaranteed and API may change at any time. The API and functionality may change without warning in future releases. More details: https://lightning-bolts.readthedocs.io/en/latest/stability.html
  contrastive_task: Union[FeatureMapContrastiveTask] = FeatureMapContrastiveTask("01, 02, 11"),
/home/bkwan27/anaconda3/lib/python3.10/site-packages/pl_bolts/losses/self_supervised_learning.py:228: UnderReviewWarning: The feature AmdimNCELoss is currently marked under review. The compatibility with other Lightning projects is not guaranteed and API may change at any time. The API and functionality may change without warning in future releases. More details: https://lightning-bolts.readthedocs.io/en/latest/stability.html
  self.nce_loss = AmdimNCELoss(tclip)
/home/bkwan27/anaconda3/lib/python3.10/site-packages/hydra/_internal/instantiate/_instantiate2.py:92: UnderReviewWarning: The feature LinearWarmupCosineAnnealingLR is currently marked under review. The compatibility with other Lightning projects is not guaranteed and API may change at any time. The API and functionality may change without warning in future releases. More details: https://lightning-bolts.readthedocs.io/en/latest/stability.html
  return _target_(*args, **kwargs)

  | Name         | Type             | Params
--------------------------------------------------
0 | cnn_backbone | TDSConvCTCModule | 7.7 M 
1 | model        | Sequential       | 11.0 M
2 | ctc_loss     | CTCLoss          | 0     
3 | metrics      | ModuleDict       | 0     
--------------------------------------------------
11.1 M    Trainable params
7.6 M     Non-trainable params
18.7 M    Total params
74.691    Total estimated model params size (MB)
/home/bkwan27/anaconda3/lib/python3.10/site-packages/torch/nn/modules/conv.py:456: UserWarning: Plan failed with a cudnnException: CUDNN_BACKEND_EXECUTION_PLAN_DESCRIPTOR: cudnnFinalize Descriptor Failed cudnn_status: CUDNN_STATUS_NOT_SUPPORTED (Triggered internally at ../aten/src/ATen/native/cudnn/Conv_v8.cpp:919.)
  return F.conv2d(input, weight, bias, self.stride,
Epoch 0, global step 225: 'val/CER' reached 1314.35535 (best 1314.35535), saving model to '/home/bkwan27/emg2qwerty/logs/2025-03-13/21-26-06/job0_trainer.devices=1,user=single_user/checkpoints/epoch=0-step=225.ckpt' as top 1
Epoch 1, global step 450: 'val/CER' reached 100.00000 (best 100.00000), saving model to '/home/bkwan27/emg2qwerty/logs/2025-03-13/21-26-06/job0_trainer.devices=1,user=single_user/checkpoints/epoch=1-step=450.ckpt' as top 1
Epoch 2, global step 675: 'val/CER' was not in top 1
Epoch 3, global step 900: 'val/CER' was not in top 1
Epoch 4, global step 1125: 'val/CER' reached 33.18565 (best 33.18565), saving model to '/home/bkwan27/emg2qwerty/logs/2025-03-13/21-26-06/job0_trainer.devices=1,user=single_user/checkpoints/epoch=4-step=1125.ckpt' as top 1
Epoch 5, global step 1350: 'val/CER' reached 23.57111 (best 23.57111), saving model to '/home/bkwan27/emg2qwerty/logs/2025-03-13/21-26-06/job0_trainer.devices=1,user=single_user/checkpoints/epoch=5-step=1350.ckpt' as top 1
Epoch 6, global step 1575: 'val/CER' reached 21.86531 (best 21.86531), saving model to '/home/bkwan27/emg2qwerty/logs/2025-03-13/21-26-06/job0_trainer.devices=1,user=single_user/checkpoints/epoch=6-step=1575.ckpt' as top 1
Epoch 7, global step 1800: 'val/CER' was not in top 1
Epoch 8, global step 2025: 'val/CER' was not in top 1
Epoch 9, global step 2250: 'val/CER' reached 21.00133 (best 21.00133), saving model to '/home/bkwan27/emg2qwerty/logs/2025-03-13/21-26-06/job0_trainer.devices=1,user=single_user/checkpoints/epoch=9-step=2250.ckpt' as top 1
Epoch 10, global step 2475: 'val/CER' reached 20.89056 (best 20.89056), saving model to '/home/bkwan27/emg2qwerty/logs/2025-03-13/21-26-06/job0_trainer.devices=1,user=single_user/checkpoints/epoch=10-step=2475.ckpt' as top 1
Epoch 11, global step 2700: 'val/CER' was not in top 1
Epoch 12, global step 2925: 'val/CER' was not in top 1
Epoch 13, global step 3150: 'val/CER' reached 20.73549 (best 20.73549), saving model to '/home/bkwan27/emg2qwerty/logs/2025-03-13/21-26-06/job0_trainer.devices=1,user=single_user/checkpoints/epoch=13-step=3150.ckpt' as top 1
Epoch 14, global step 3375: 'val/CER' was not in top 1
Epoch 15, global step 3600: 'val/CER' was not in top 1
Epoch 16, global step 3825: 'val/CER' was not in top 1
Epoch 17, global step 4050: 'val/CER' was not in top 1
Epoch 18, global step 4275: 'val/CER' was not in top 1
Epoch 19, global step 4500: 'val/CER' was not in top 1
Epoch 20, global step 4725: 'val/CER' was not in top 1
Epoch 21, global step 4950: 'val/CER' reached 20.38104 (best 20.38104), saving model to '/home/bkwan27/emg2qwerty/logs/2025-03-13/21-26-06/job0_trainer.devices=1,user=single_user/checkpoints/epoch=21-step=4950.ckpt' as top 1
Epoch 22, global step 5175: 'val/CER' reached 20.33673 (best 20.33673), saving model to '/home/bkwan27/emg2qwerty/logs/2025-03-13/21-26-06/job0_trainer.devices=1,user=single_user/checkpoints/epoch=22-step=5175.ckpt' as top 1
Epoch 23, global step 5400: 'val/CER' was not in top 1
Epoch 24, global step 5625: 'val/CER' was not in top 1
Epoch 25, global step 5850: 'val/CER' was not in top 1
Epoch 26, global step 6075: 'val/CER' was not in top 1
Epoch 27, global step 6300: 'val/CER' was not in top 1
Epoch 28, global step 6525: 'val/CER' was not in top 1
Epoch 29, global step 6750: 'val/CER' was not in top 1
Epoch 30, global step 6975: 'val/CER' was not in top 1
Epoch 31, global step 7200: 'val/CER' was not in top 1
Epoch 32, global step 7425: 'val/CER' was not in top 1
Epoch 33, global step 7650: 'val/CER' was not in top 1
Epoch 34, global step 7875: 'val/CER' was not in top 1
Epoch 35, global step 8100: 'val/CER' was not in top 1
Epoch 36, global step 8325: 'val/CER' was not in top 1
Epoch 37, global step 8550: 'val/CER' was not in top 1
Epoch 38, global step 8775: 'val/CER' was not in top 1
Epoch 39, global step 9000: 'val/CER' was not in top 1
Epoch 40, global step 9225: 'val/CER' reached 20.11520 (best 20.11520), saving model to '/home/bkwan27/emg2qwerty/logs/2025-03-13/21-26-06/job0_trainer.devices=1,user=single_user/checkpoints/epoch=40-step=9225.ckpt' as top 1
Epoch 41, global step 9450: 'val/CER' was not in top 1
Epoch 42, global step 9675: 'val/CER' was not in top 1
Epoch 43, global step 9900: 'val/CER' was not in top 1
Epoch 44, global step 10125: 'val/CER' was not in top 1
Epoch 45, global step 10350: 'val/CER' was not in top 1
Epoch 46, global step 10575: 'val/CER' was not in top 1
Epoch 47, global step 10800: 'val/CER' was not in top 1
Epoch 48, global step 11025: 'val/CER' was not in top 1
Epoch 49, global step 11250: 'val/CER' was not in top 1
Epoch 50, global step 11475: 'val/CER' was not in top 1
Epoch 51, global step 11700: 'val/CER' was not in top 1
Epoch 52, global step 11925: 'val/CER' was not in top 1
Epoch 53, global step 12150: 'val/CER' was not in top 1
Epoch 54, global step 12375: 'val/CER' was not in top 1
Epoch 55, global step 12600: 'val/CER' was not in top 1
Epoch 56, global step 12825: 'val/CER' was not in top 1
Epoch 57, global step 13050: 'val/CER' was not in top 1
Epoch 58, global step 13275: 'val/CER' was not in top 1
Epoch 59, global step 13500: 'val/CER' was not in top 1
