2025-03-10 21:41:24.923713: E external/local_xla/xla/stream_executor/cuda/cuda_fft.cc:477] Unable to register cuFFT factory: Attempting to register factory for plugin cuFFT when one has already been registered
WARNING: All log messages before absl::InitializeLog() is called are written to STDERR
E0000 00:00:1741668084.934402   35657 cuda_dnn.cc:8310] Unable to register cuDNN factory: Attempting to register factory for plugin cuDNN when one has already been registered
E0000 00:00:1741668084.937701   35657 cuda_blas.cc:1418] Unable to register cuBLAS factory: Attempting to register factory for plugin cuBLAS when one has already been registered
2025-03-10 21:41:24.949406: I tensorflow/core/platform/cpu_feature_guard.cc:210] This TensorFlow binary is optimized to use available CPU instructions in performance-critical operations.
To enable the following instructions: AVX2 FMA, in other operations, rebuild TensorFlow with the appropriate compiler flags.
Global seed set to 1501
GPU available: True (cuda), used: True
TPU available: False, using: 0 TPU cores
IPU available: False, using: 0 IPUs
HPU available: False, using: 0 HPUs
Missing logger folder: /home/bkwan27/emg2qwerty/logs/2025-03-10/21-41-22/job0_trainer.devices=1,user=single_user/lightning_logs
LOCAL_RANK: 0 - CUDA_VISIBLE_DEVICES: [0]
/home/bkwan27/anaconda3/lib/python3.10/site-packages/pl_bolts/__init__.py:11: FutureWarning: In the future `np.object` will be defined as the corresponding NumPy scalar.
  if not hasattr(numpy, tp_name):
/home/bkwan27/anaconda3/lib/python3.10/site-packages/pl_bolts/__init__.py:11: FutureWarning: In the future `np.bool` will be defined as the corresponding NumPy scalar.
  if not hasattr(numpy, tp_name):
/home/bkwan27/anaconda3/lib/python3.10/site-packages/pl_bolts/models/self_supervised/amdim/amdim_module.py:34: UnderReviewWarning: The feature generate_power_seq is currently marked under review. The compatibility with other Lightning projects is not guaranteed and API may change at any time. The API and functionality may change without warning in future releases. More details: https://lightning-bolts.readthedocs.io/en/latest/stability.html
  "lr_options": generate_power_seq(LEARNING_RATE_CIFAR, 11),
/home/bkwan27/anaconda3/lib/python3.10/site-packages/pl_bolts/models/self_supervised/amdim/amdim_module.py:92: UnderReviewWarning: The feature FeatureMapContrastiveTask is currently marked under review. The compatibility with other Lightning projects is not guaranteed and API may change at any time. The API and functionality may change without warning in future releases. More details: https://lightning-bolts.readthedocs.io/en/latest/stability.html
  contrastive_task: Union[FeatureMapContrastiveTask] = FeatureMapContrastiveTask("01, 02, 11"),
/home/bkwan27/anaconda3/lib/python3.10/site-packages/pl_bolts/losses/self_supervised_learning.py:228: UnderReviewWarning: The feature AmdimNCELoss is currently marked under review. The compatibility with other Lightning projects is not guaranteed and API may change at any time. The API and functionality may change without warning in future releases. More details: https://lightning-bolts.readthedocs.io/en/latest/stability.html
  self.nce_loss = AmdimNCELoss(tclip)
/home/bkwan27/anaconda3/lib/python3.10/site-packages/hydra/_internal/instantiate/_instantiate2.py:92: UnderReviewWarning: The feature LinearWarmupCosineAnnealingLR is currently marked under review. The compatibility with other Lightning projects is not guaranteed and API may change at any time. The API and functionality may change without warning in future releases. More details: https://lightning-bolts.readthedocs.io/en/latest/stability.html
  return _target_(*args, **kwargs)

  | Name     | Type       | Params
----------------------------------------
0 | model    | Sequential | 5.3 M 
1 | ctc_loss | CTCLoss    | 0     
2 | metrics  | ModuleDict | 0     
----------------------------------------
5.3 M     Trainable params
0         Non-trainable params
5.3 M     Total params
21.173    Total estimated model params size (MB)
/home/bkwan27/anaconda3/lib/python3.10/site-packages/torch/nn/modules/conv.py:456: UserWarning: Plan failed with a cudnnException: CUDNN_BACKEND_EXECUTION_PLAN_DESCRIPTOR: cudnnFinalize Descriptor Failed cudnn_status: CUDNN_STATUS_NOT_SUPPORTED (Triggered internally at ../aten/src/ATen/native/cudnn/Conv_v8.cpp:919.)
  return F.conv2d(input, weight, bias, self.stride,
/home/bkwan27/anaconda3/lib/python3.10/site-packages/torch/autograd/graph.py:744: UserWarning: Plan failed with a cudnnException: CUDNN_BACKEND_EXECUTION_PLAN_DESCRIPTOR: cudnnFinalize Descriptor Failed cudnn_status: CUDNN_STATUS_NOT_SUPPORTED (Triggered internally at ../aten/src/ATen/native/cudnn/Conv_v8.cpp:919.)
  return Variable._execution_engine.run_backward(  # Calls into the C++ engine to run the backward pass
Epoch 0, global step 53: 'val/CER' reached 1331.76782 (best 1331.76782), saving model to '/home/bkwan27/emg2qwerty/logs/2025-03-10/21-41-22/job0_trainer.devices=1,user=single_user/checkpoints/epoch=0-step=53.ckpt' as top 1
Epoch 1, global step 106: 'val/CER' reached 100.00000 (best 100.00000), saving model to '/home/bkwan27/emg2qwerty/logs/2025-03-10/21-41-22/job0_trainer.devices=1,user=single_user/checkpoints/epoch=1-step=106.ckpt' as top 1
Epoch 2, global step 159: 'val/CER' was not in top 1
Epoch 3, global step 212: 'val/CER' was not in top 1
Epoch 4, global step 265: 'val/CER' was not in top 1
Epoch 5, global step 318: 'val/CER' was not in top 1
Epoch 6, global step 371: 'val/CER' was not in top 1
Epoch 7, global step 424: 'val/CER' was not in top 1
Epoch 8, global step 477: 'val/CER' was not in top 1
Epoch 9, global step 530: 'val/CER' was not in top 1
Epoch 10, global step 583: 'val/CER' was not in top 1
Epoch 11, global step 636: 'val/CER' was not in top 1
Epoch 12, global step 689: 'val/CER' was not in top 1
Epoch 13, global step 742: 'val/CER' was not in top 1
Epoch 14, global step 795: 'val/CER' was not in top 1
Epoch 15, global step 848: 'val/CER' was not in top 1
Epoch 16, global step 901: 'val/CER' reached 99.93354 (best 99.93354), saving model to '/home/bkwan27/emg2qwerty/logs/2025-03-10/21-41-22/job0_trainer.devices=1,user=single_user/checkpoints/epoch=16-step=901.ckpt' as top 1
Epoch 17, global step 954: 'val/CER' reached 99.60124 (best 99.60124), saving model to '/home/bkwan27/emg2qwerty/logs/2025-03-10/21-41-22/job0_trainer.devices=1,user=single_user/checkpoints/epoch=17-step=954.ckpt' as top 1
Epoch 18, global step 1007: 'val/CER' reached 99.44617 (best 99.44617), saving model to '/home/bkwan27/emg2qwerty/logs/2025-03-10/21-41-22/job0_trainer.devices=1,user=single_user/checkpoints/epoch=18-step=1007.ckpt' as top 1
Epoch 19, global step 1060: 'val/CER' reached 97.54099 (best 97.54099), saving model to '/home/bkwan27/emg2qwerty/logs/2025-03-10/21-41-22/job0_trainer.devices=1,user=single_user/checkpoints/epoch=19-step=1060.ckpt' as top 1
Epoch 20, global step 1113: 'val/CER' reached 96.38902 (best 96.38902), saving model to '/home/bkwan27/emg2qwerty/logs/2025-03-10/21-41-22/job0_trainer.devices=1,user=single_user/checkpoints/epoch=20-step=1113.ckpt' as top 1
Epoch 21, global step 1166: 'val/CER' reached 93.44262 (best 93.44262), saving model to '/home/bkwan27/emg2qwerty/logs/2025-03-10/21-41-22/job0_trainer.devices=1,user=single_user/checkpoints/epoch=21-step=1166.ckpt' as top 1
Epoch 22, global step 1219: 'val/CER' reached 93.17678 (best 93.17678), saving model to '/home/bkwan27/emg2qwerty/logs/2025-03-10/21-41-22/job0_trainer.devices=1,user=single_user/checkpoints/epoch=22-step=1219.ckpt' as top 1
Epoch 23, global step 1272: 'val/CER' reached 91.36021 (best 91.36021), saving model to '/home/bkwan27/emg2qwerty/logs/2025-03-10/21-41-22/job0_trainer.devices=1,user=single_user/checkpoints/epoch=23-step=1272.ckpt' as top 1
Epoch 24, global step 1325: 'val/CER' reached 90.14178 (best 90.14178), saving model to '/home/bkwan27/emg2qwerty/logs/2025-03-10/21-41-22/job0_trainer.devices=1,user=single_user/checkpoints/epoch=24-step=1325.ckpt' as top 1
Epoch 25, global step 1378: 'val/CER' was not in top 1
Epoch 26, global step 1431: 'val/CER' reached 89.92025 (best 89.92025), saving model to '/home/bkwan27/emg2qwerty/logs/2025-03-10/21-41-22/job0_trainer.devices=1,user=single_user/checkpoints/epoch=26-step=1431.ckpt' as top 1
Epoch 27, global step 1484: 'val/CER' was not in top 1
Epoch 28, global step 1537: 'val/CER' reached 88.67966 (best 88.67966), saving model to '/home/bkwan27/emg2qwerty/logs/2025-03-10/21-41-22/job0_trainer.devices=1,user=single_user/checkpoints/epoch=28-step=1537.ckpt' as top 1
Epoch 29, global step 1590: 'val/CER' was not in top 1
`Trainer.fit` stopped: `max_epochs=30` reached.
LOCAL_RANK: 0 - CUDA_VISIBLE_DEVICES: [0]
LOCAL_RANK: 0 - CUDA_VISIBLE_DEVICES: [0]
