2025-03-13 23:27:23.001768: E external/local_xla/xla/stream_executor/cuda/cuda_fft.cc:477] Unable to register cuFFT factory: Attempting to register factory for plugin cuFFT when one has already been registered
WARNING: All log messages before absl::InitializeLog() is called are written to STDERR
E0000 00:00:1741933643.013733 3956631 cuda_dnn.cc:8310] Unable to register cuDNN factory: Attempting to register factory for plugin cuDNN when one has already been registered
E0000 00:00:1741933643.017246 3956631 cuda_blas.cc:1418] Unable to register cuBLAS factory: Attempting to register factory for plugin cuBLAS when one has already been registered
2025-03-13 23:27:23.029578: I tensorflow/core/platform/cpu_feature_guard.cc:210] This TensorFlow binary is optimized to use available CPU instructions in performance-critical operations.
To enable the following instructions: AVX2 FMA, in other operations, rebuild TensorFlow with the appropriate compiler flags.
Global seed set to 1501
GPU available: True (cuda), used: True
TPU available: False, using: 0 TPU cores
IPU available: False, using: 0 IPUs
HPU available: False, using: 0 HPUs
Missing logger folder: /home/bkwan27/emg2qwerty/logs/2025-03-13/23-27-18/job0_trainer.devices=1,user=single_user/lightning_logs
LOCAL_RANK: 0 - CUDA_VISIBLE_DEVICES: [0]
/home/bkwan27/anaconda3/lib/python3.10/site-packages/pl_bolts/__init__.py:11: FutureWarning: In the future `np.object` will be defined as the corresponding NumPy scalar.
  if not hasattr(numpy, tp_name):
/home/bkwan27/anaconda3/lib/python3.10/site-packages/pl_bolts/__init__.py:11: FutureWarning: In the future `np.bool` will be defined as the corresponding NumPy scalar.
  if not hasattr(numpy, tp_name):
/home/bkwan27/anaconda3/lib/python3.10/site-packages/pl_bolts/models/self_supervised/amdim/amdim_module.py:34: UnderReviewWarning: The feature generate_power_seq is currently marked under review. The compatibility with other Lightning projects is not guaranteed and API may change at any time. The API and functionality may change without warning in future releases. More details: https://lightning-bolts.readthedocs.io/en/latest/stability.html
  "lr_options": generate_power_seq(LEARNING_RATE_CIFAR, 11),
/home/bkwan27/anaconda3/lib/python3.10/site-packages/pl_bolts/models/self_supervised/amdim/amdim_module.py:92: UnderReviewWarning: The feature FeatureMapContrastiveTask is currently marked under review. The compatibility with other Lightning projects is not guaranteed and API may change at any time. The API and functionality may change without warning in future releases. More details: https://lightning-bolts.readthedocs.io/en/latest/stability.html
  contrastive_task: Union[FeatureMapContrastiveTask] = FeatureMapContrastiveTask("01, 02, 11"),
/home/bkwan27/anaconda3/lib/python3.10/site-packages/pl_bolts/losses/self_supervised_learning.py:228: UnderReviewWarning: The feature AmdimNCELoss is currently marked under review. The compatibility with other Lightning projects is not guaranteed and API may change at any time. The API and functionality may change without warning in future releases. More details: https://lightning-bolts.readthedocs.io/en/latest/stability.html
  self.nce_loss = AmdimNCELoss(tclip)
/home/bkwan27/anaconda3/lib/python3.10/site-packages/hydra/_internal/instantiate/_instantiate2.py:92: UnderReviewWarning: The feature LinearWarmupCosineAnnealingLR is currently marked under review. The compatibility with other Lightning projects is not guaranteed and API may change at any time. The API and functionality may change without warning in future releases. More details: https://lightning-bolts.readthedocs.io/en/latest/stability.html
  return _target_(*args, **kwargs)

  | Name     | Type       | Params
----------------------------------------
0 | model    | Sequential | 2.4 M 
1 | ctc_loss | CTCLoss    | 0     
2 | metrics  | ModuleDict | 0     
----------------------------------------
2.4 M     Trainable params
0         Non-trainable params
2.4 M     Total params
9.564     Total estimated model params size (MB)
/home/bkwan27/emg2qwerty/emg2qwerty/transforms.py:205: UserWarning: To copy construct from a tensor, it is recommended to use sourceTensor.clone().detach() or sourceTensor.clone().detach().requires_grad_(True), rather than torch.tensor(sourceTensor).
  scale_factor = torch.tensor(0.8 + 0.4 * torch.rand(1))  # Random scale (0.8x to 1.2x)
/home/bkwan27/emg2qwerty/emg2qwerty/transforms.py:205: UserWarning: To copy construct from a tensor, it is recommended to use sourceTensor.clone().detach() or sourceTensor.clone().detach().requires_grad_(True), rather than torch.tensor(sourceTensor).
  scale_factor = torch.tensor(0.8 + 0.4 * torch.rand(1))  # Random scale (0.8x to 1.2x)
/home/bkwan27/emg2qwerty/emg2qwerty/transforms.py:205: UserWarning: To copy construct from a tensor, it is recommended to use sourceTensor.clone().detach() or sourceTensor.clone().detach().requires_grad_(True), rather than torch.tensor(sourceTensor).
  scale_factor = torch.tensor(0.8 + 0.4 * torch.rand(1))  # Random scale (0.8x to 1.2x)
/home/bkwan27/emg2qwerty/emg2qwerty/transforms.py:205: UserWarning: To copy construct from a tensor, it is recommended to use sourceTensor.clone().detach() or sourceTensor.clone().detach().requires_grad_(True), rather than torch.tensor(sourceTensor).
  scale_factor = torch.tensor(0.8 + 0.4 * torch.rand(1))  # Random scale (0.8x to 1.2x)
Epoch 0, global step 120: 'val/CER' reached 128.02393 (best 128.02393), saving model to '/home/bkwan27/emg2qwerty/logs/2025-03-13/23-27-18/job0_trainer.devices=1,user=single_user/checkpoints/epoch=0-step=120.ckpt' as top 1
Epoch 1, global step 240: 'val/CER' reached 100.00000 (best 100.00000), saving model to '/home/bkwan27/emg2qwerty/logs/2025-03-13/23-27-18/job0_trainer.devices=1,user=single_user/checkpoints/epoch=1-step=240.ckpt' as top 1
Epoch 2, global step 360: 'val/CER' was not in top 1
Epoch 3, global step 480: 'val/CER' was not in top 1
Epoch 4, global step 600: 'val/CER' was not in top 1
Epoch 5, global step 720: 'val/CER' was not in top 1
Epoch 6, global step 840: 'val/CER' was not in top 1
Epoch 7, global step 960: 'val/CER' was not in top 1
Epoch 8, global step 1080: 'val/CER' was not in top 1
Epoch 9, global step 1200: 'val/CER' was not in top 1
Epoch 10, global step 1320: 'val/CER' was not in top 1
Epoch 11, global step 1440: 'val/CER' was not in top 1
Epoch 12, global step 1560: 'val/CER' was not in top 1
Epoch 13, global step 1680: 'val/CER' reached 98.51573 (best 98.51573), saving model to '/home/bkwan27/emg2qwerty/logs/2025-03-13/23-27-18/job0_trainer.devices=1,user=single_user/checkpoints/epoch=13-step=1680.ckpt' as top 1
Epoch 14, global step 1800: 'val/CER' reached 92.00266 (best 92.00266), saving model to '/home/bkwan27/emg2qwerty/logs/2025-03-13/23-27-18/job0_trainer.devices=1,user=single_user/checkpoints/epoch=14-step=1800.ckpt' as top 1
Epoch 15, global step 1920: 'val/CER' reached 69.40629 (best 69.40629), saving model to '/home/bkwan27/emg2qwerty/logs/2025-03-13/23-27-18/job0_trainer.devices=1,user=single_user/checkpoints/epoch=15-step=1920.ckpt' as top 1
Epoch 16, global step 2040: 'val/CER' reached 52.68055 (best 52.68055), saving model to '/home/bkwan27/emg2qwerty/logs/2025-03-13/23-27-18/job0_trainer.devices=1,user=single_user/checkpoints/epoch=16-step=2040.ckpt' as top 1
Epoch 17, global step 2160: 'val/CER' reached 48.00620 (best 48.00620), saving model to '/home/bkwan27/emg2qwerty/logs/2025-03-13/23-27-18/job0_trainer.devices=1,user=single_user/checkpoints/epoch=17-step=2160.ckpt' as top 1
Epoch 18, global step 2280: 'val/CER' reached 47.38591 (best 47.38591), saving model to '/home/bkwan27/emg2qwerty/logs/2025-03-13/23-27-18/job0_trainer.devices=1,user=single_user/checkpoints/epoch=18-step=2280.ckpt' as top 1
Epoch 19, global step 2400: 'val/CER' reached 40.65131 (best 40.65131), saving model to '/home/bkwan27/emg2qwerty/logs/2025-03-13/23-27-18/job0_trainer.devices=1,user=single_user/checkpoints/epoch=19-step=2400.ckpt' as top 1
Epoch 20, global step 2520: 'val/CER' was not in top 1
Epoch 21, global step 2640: 'val/CER' reached 36.13203 (best 36.13203), saving model to '/home/bkwan27/emg2qwerty/logs/2025-03-13/23-27-18/job0_trainer.devices=1,user=single_user/checkpoints/epoch=21-step=2640.ckpt' as top 1
Epoch 22, global step 2760: 'val/CER' reached 35.29021 (best 35.29021), saving model to '/home/bkwan27/emg2qwerty/logs/2025-03-13/23-27-18/job0_trainer.devices=1,user=single_user/checkpoints/epoch=22-step=2760.ckpt' as top 1
Epoch 23, global step 2880: 'val/CER' reached 33.85024 (best 33.85024), saving model to '/home/bkwan27/emg2qwerty/logs/2025-03-13/23-27-18/job0_trainer.devices=1,user=single_user/checkpoints/epoch=23-step=2880.ckpt' as top 1
Epoch 24, global step 3000: 'val/CER' reached 32.74258 (best 32.74258), saving model to '/home/bkwan27/emg2qwerty/logs/2025-03-13/23-27-18/job0_trainer.devices=1,user=single_user/checkpoints/epoch=24-step=3000.ckpt' as top 1
Epoch 25, global step 3120: 'val/CER' reached 28.99867 (best 28.99867), saving model to '/home/bkwan27/emg2qwerty/logs/2025-03-13/23-27-18/job0_trainer.devices=1,user=single_user/checkpoints/epoch=25-step=3120.ckpt' as top 1
Epoch 26, global step 3240: 'val/CER' reached 28.68852 (best 28.68852), saving model to '/home/bkwan27/emg2qwerty/logs/2025-03-13/23-27-18/job0_trainer.devices=1,user=single_user/checkpoints/epoch=26-step=3240.ckpt' as top 1
Epoch 27, global step 3360: 'val/CER' was not in top 1
Epoch 28, global step 3480: 'val/CER' was not in top 1
Epoch 29, global step 3600: 'val/CER' reached 27.27071 (best 27.27071), saving model to '/home/bkwan27/emg2qwerty/logs/2025-03-13/23-27-18/job0_trainer.devices=1,user=single_user/checkpoints/epoch=29-step=3600.ckpt' as top 1
Epoch 30, global step 3720: 'val/CER' was not in top 1
Epoch 31, global step 3840: 'val/CER' was not in top 1
Epoch 32, global step 3960: 'val/CER' was not in top 1
Epoch 33, global step 4080: 'val/CER' reached 25.71998 (best 25.71998), saving model to '/home/bkwan27/emg2qwerty/logs/2025-03-13/23-27-18/job0_trainer.devices=1,user=single_user/checkpoints/epoch=33-step=4080.ckpt' as top 1
Epoch 34, global step 4200: 'val/CER' reached 25.69783 (best 25.69783), saving model to '/home/bkwan27/emg2qwerty/logs/2025-03-13/23-27-18/job0_trainer.devices=1,user=single_user/checkpoints/epoch=34-step=4200.ckpt' as top 1
Epoch 35, global step 4320: 'val/CER' reached 25.45414 (best 25.45414), saving model to '/home/bkwan27/emg2qwerty/logs/2025-03-13/23-27-18/job0_trainer.devices=1,user=single_user/checkpoints/epoch=35-step=4320.ckpt' as top 1
Epoch 36, global step 4440: 'val/CER' was not in top 1
Epoch 37, global step 4560: 'val/CER' reached 24.98892 (best 24.98892), saving model to '/home/bkwan27/emg2qwerty/logs/2025-03-13/23-27-18/job0_trainer.devices=1,user=single_user/checkpoints/epoch=37-step=4560.ckpt' as top 1
Epoch 38, global step 4680: 'val/CER' was not in top 1
Epoch 39, global step 4800: 'val/CER' was not in top 1
Epoch 40, global step 4920: 'val/CER' was not in top 1
Epoch 41, global step 5040: 'val/CER' was not in top 1
Epoch 42, global step 5160: 'val/CER' was not in top 1
Epoch 43, global step 5280: 'val/CER' reached 24.16925 (best 24.16925), saving model to '/home/bkwan27/emg2qwerty/logs/2025-03-13/23-27-18/job0_trainer.devices=1,user=single_user/checkpoints/epoch=43-step=5280.ckpt' as top 1
Epoch 44, global step 5400: 'val/CER' reached 23.32743 (best 23.32743), saving model to '/home/bkwan27/emg2qwerty/logs/2025-03-13/23-27-18/job0_trainer.devices=1,user=single_user/checkpoints/epoch=44-step=5400.ckpt' as top 1
Epoch 45, global step 5520: 'val/CER' reached 22.37483 (best 22.37483), saving model to '/home/bkwan27/emg2qwerty/logs/2025-03-13/23-27-18/job0_trainer.devices=1,user=single_user/checkpoints/epoch=45-step=5520.ckpt' as top 1
Epoch 46, global step 5640: 'val/CER' was not in top 1
Epoch 47, global step 5760: 'val/CER' was not in top 1
Epoch 48, global step 5880: 'val/CER' was not in top 1
Epoch 49, global step 6000: 'val/CER' was not in top 1
Epoch 50, global step 6120: 'val/CER' reached 22.17546 (best 22.17546), saving model to '/home/bkwan27/emg2qwerty/logs/2025-03-13/23-27-18/job0_trainer.devices=1,user=single_user/checkpoints/epoch=50-step=6120.ckpt' as top 1
Epoch 51, global step 6240: 'val/CER' was not in top 1
Epoch 52, global step 6360: 'val/CER' was not in top 1
Epoch 53, global step 6480: 'val/CER' reached 22.08684 (best 22.08684), saving model to '/home/bkwan27/emg2qwerty/logs/2025-03-13/23-27-18/job0_trainer.devices=1,user=single_user/checkpoints/epoch=53-step=6480.ckpt' as top 1
Epoch 54, global step 6600: 'val/CER' was not in top 1
Epoch 55, global step 6720: 'val/CER' was not in top 1
Epoch 56, global step 6840: 'val/CER' was not in top 1
Epoch 57, global step 6960: 'val/CER' reached 20.95702 (best 20.95702), saving model to '/home/bkwan27/emg2qwerty/logs/2025-03-13/23-27-18/job0_trainer.devices=1,user=single_user/checkpoints/epoch=57-step=6960.ckpt' as top 1
Epoch 58, global step 7080: 'val/CER' was not in top 1
Epoch 59, global step 7200: 'val/CER' reached 20.64688 (best 20.64688), saving model to '/home/bkwan27/emg2qwerty/logs/2025-03-13/23-27-18/job0_trainer.devices=1,user=single_user/checkpoints/epoch=59-step=7200.ckpt' as top 1
Epoch 60, global step 7320: 'val/CER' was not in top 1
Epoch 61, global step 7440: 'val/CER' was not in top 1
Epoch 62, global step 7560: 'val/CER' reached 20.02658 (best 20.02658), saving model to '/home/bkwan27/emg2qwerty/logs/2025-03-13/23-27-18/job0_trainer.devices=1,user=single_user/checkpoints/epoch=62-step=7560.ckpt' as top 1
Epoch 63, global step 7680: 'val/CER' was not in top 1
Epoch 64, global step 7800: 'val/CER' was not in top 1
Epoch 65, global step 7920: 'val/CER' was not in top 1
Epoch 66, global step 8040: 'val/CER' was not in top 1
Epoch 67, global step 8160: 'val/CER' was not in top 1
Epoch 68, global step 8280: 'val/CER' reached 19.33983 (best 19.33983), saving model to '/home/bkwan27/emg2qwerty/logs/2025-03-13/23-27-18/job0_trainer.devices=1,user=single_user/checkpoints/epoch=68-step=8280.ckpt' as top 1
Epoch 69, global step 8400: 'val/CER' was not in top 1
Epoch 70, global step 8520: 'val/CER' reached 19.25122 (best 19.25122), saving model to '/home/bkwan27/emg2qwerty/logs/2025-03-13/23-27-18/job0_trainer.devices=1,user=single_user/checkpoints/epoch=70-step=8520.ckpt' as top 1
Epoch 71, global step 8640: 'val/CER' was not in top 1
Epoch 72, global step 8760: 'val/CER' was not in top 1
Epoch 73, global step 8880: 'val/CER' was not in top 1
Epoch 74, global step 9000: 'val/CER' was not in top 1
Epoch 75, global step 9120: 'val/CER' reached 19.05184 (best 19.05184), saving model to '/home/bkwan27/emg2qwerty/logs/2025-03-13/23-27-18/job0_trainer.devices=1,user=single_user/checkpoints/epoch=75-step=9120.ckpt' as top 1
Epoch 76, global step 9240: 'val/CER' reached 18.32078 (best 18.32078), saving model to '/home/bkwan27/emg2qwerty/logs/2025-03-13/23-27-18/job0_trainer.devices=1,user=single_user/checkpoints/epoch=76-step=9240.ckpt' as top 1
Epoch 77, global step 9360: 'val/CER' was not in top 1
Epoch 78, global step 9480: 'val/CER' was not in top 1
Epoch 79, global step 9600: 'val/CER' was not in top 1
Epoch 80, global step 9720: 'val/CER' was not in top 1
Epoch 81, global step 9840: 'val/CER' was not in top 1
Epoch 82, global step 9960: 'val/CER' reached 18.07709 (best 18.07709), saving model to '/home/bkwan27/emg2qwerty/logs/2025-03-13/23-27-18/job0_trainer.devices=1,user=single_user/checkpoints/epoch=82-step=9960.ckpt' as top 1
Epoch 83, global step 10080: 'val/CER' was not in top 1
Epoch 84, global step 10200: 'val/CER' reached 17.58972 (best 17.58972), saving model to '/home/bkwan27/emg2qwerty/logs/2025-03-13/23-27-18/job0_trainer.devices=1,user=single_user/checkpoints/epoch=84-step=10200.ckpt' as top 1
Epoch 85, global step 10320: 'val/CER' was not in top 1
Epoch 86, global step 10440: 'val/CER' was not in top 1
Epoch 87, global step 10560: 'val/CER' was not in top 1
Epoch 88, global step 10680: 'val/CER' reached 17.36819 (best 17.36819), saving model to '/home/bkwan27/emg2qwerty/logs/2025-03-13/23-27-18/job0_trainer.devices=1,user=single_user/checkpoints/epoch=88-step=10680.ckpt' as top 1
Epoch 89, global step 10800: 'val/CER' was not in top 1
Epoch 90, global step 10920: 'val/CER' reached 16.92512 (best 16.92512), saving model to '/home/bkwan27/emg2qwerty/logs/2025-03-13/23-27-18/job0_trainer.devices=1,user=single_user/checkpoints/epoch=90-step=10920.ckpt' as top 1
Epoch 91, global step 11040: 'val/CER' was not in top 1
Epoch 92, global step 11160: 'val/CER' reached 16.68143 (best 16.68143), saving model to '/home/bkwan27/emg2qwerty/logs/2025-03-13/23-27-18/job0_trainer.devices=1,user=single_user/checkpoints/epoch=92-step=11160.ckpt' as top 1
Epoch 93, global step 11280: 'val/CER' was not in top 1
Epoch 94, global step 11400: 'val/CER' reached 16.21622 (best 16.21622), saving model to '/home/bkwan27/emg2qwerty/logs/2025-03-13/23-27-18/job0_trainer.devices=1,user=single_user/checkpoints/epoch=94-step=11400.ckpt' as top 1
Epoch 95, global step 11520: 'val/CER' was not in top 1
Epoch 96, global step 11640: 'val/CER' reached 16.19406 (best 16.19406), saving model to '/home/bkwan27/emg2qwerty/logs/2025-03-13/23-27-18/job0_trainer.devices=1,user=single_user/checkpoints/epoch=96-step=11640.ckpt' as top 1
Epoch 97, global step 11760: 'val/CER' was not in top 1
Epoch 98, global step 11880: 'val/CER' was not in top 1
Epoch 99, global step 12000: 'val/CER' was not in top 1
Epoch 100, global step 12120: 'val/CER' was not in top 1
Epoch 101, global step 12240: 'val/CER' was not in top 1
Epoch 102, global step 12360: 'val/CER' was not in top 1
Epoch 103, global step 12480: 'val/CER' reached 15.86176 (best 15.86176), saving model to '/home/bkwan27/emg2qwerty/logs/2025-03-13/23-27-18/job0_trainer.devices=1,user=single_user/checkpoints/epoch=103-step=12480.ckpt' as top 1
Epoch 104, global step 12600: 'val/CER' was not in top 1
Epoch 105, global step 12720: 'val/CER' reached 15.79530 (best 15.79530), saving model to '/home/bkwan27/emg2qwerty/logs/2025-03-13/23-27-18/job0_trainer.devices=1,user=single_user/checkpoints/epoch=105-step=12720.ckpt' as top 1
Epoch 106, global step 12840: 'val/CER' was not in top 1
Epoch 107, global step 12960: 'val/CER' reached 15.75100 (best 15.75100), saving model to '/home/bkwan27/emg2qwerty/logs/2025-03-13/23-27-18/job0_trainer.devices=1,user=single_user/checkpoints/epoch=107-step=12960.ckpt' as top 1
Epoch 108, global step 13080: 'val/CER' was not in top 1
Epoch 109, global step 13200: 'val/CER' reached 15.17501 (best 15.17501), saving model to '/home/bkwan27/emg2qwerty/logs/2025-03-13/23-27-18/job0_trainer.devices=1,user=single_user/checkpoints/epoch=109-step=13200.ckpt' as top 1
Epoch 110, global step 13320: 'val/CER' was not in top 1
Epoch 111, global step 13440: 'val/CER' reached 15.08640 (best 15.08640), saving model to '/home/bkwan27/emg2qwerty/logs/2025-03-13/23-27-18/job0_trainer.devices=1,user=single_user/checkpoints/epoch=111-step=13440.ckpt' as top 1
Epoch 112, global step 13560: 'val/CER' was not in top 1
Epoch 113, global step 13680: 'val/CER' was not in top 1
Epoch 114, global step 13800: 'val/CER' was not in top 1
Epoch 115, global step 13920: 'val/CER' was not in top 1
Epoch 116, global step 14040: 'val/CER' was not in top 1
Epoch 117, global step 14160: 'val/CER' was not in top 1
Epoch 118, global step 14280: 'val/CER' was not in top 1
Epoch 119, global step 14400: 'val/CER' was not in top 1
Epoch 120, global step 14520: 'val/CER' reached 14.95348 (best 14.95348), saving model to '/home/bkwan27/emg2qwerty/logs/2025-03-13/23-27-18/job0_trainer.devices=1,user=single_user/checkpoints/epoch=120-step=14520.ckpt' as top 1
Epoch 121, global step 14640: 'val/CER' reached 14.64333 (best 14.64333), saving model to '/home/bkwan27/emg2qwerty/logs/2025-03-13/23-27-18/job0_trainer.devices=1,user=single_user/checkpoints/epoch=121-step=14640.ckpt' as top 1
Epoch 122, global step 14760: 'val/CER' was not in top 1
Epoch 123, global step 14880: 'val/CER' was not in top 1
Epoch 124, global step 15000: 'val/CER' was not in top 1
Epoch 125, global step 15120: 'val/CER' was not in top 1
Epoch 126, global step 15240: 'val/CER' was not in top 1
Epoch 127, global step 15360: 'val/CER' was not in top 1
Epoch 128, global step 15480: 'val/CER' was not in top 1
Epoch 129, global step 15600: 'val/CER' was not in top 1
Epoch 130, global step 15720: 'val/CER' was not in top 1
Epoch 131, global step 15840: 'val/CER' was not in top 1
Epoch 132, global step 15960: 'val/CER' reached 14.57687 (best 14.57687), saving model to '/home/bkwan27/emg2qwerty/logs/2025-03-13/23-27-18/job0_trainer.devices=1,user=single_user/checkpoints/epoch=132-step=15960.ckpt' as top 1
Epoch 133, global step 16080: 'val/CER' was not in top 1
Epoch 134, global step 16200: 'val/CER' was not in top 1
Epoch 135, global step 16320: 'val/CER' was not in top 1
Epoch 136, global step 16440: 'val/CER' was not in top 1
Epoch 137, global step 16560: 'val/CER' was not in top 1
Epoch 138, global step 16680: 'val/CER' was not in top 1
Epoch 139, global step 16800: 'val/CER' was not in top 1
Epoch 140, global step 16920: 'val/CER' was not in top 1
Epoch 141, global step 17040: 'val/CER' was not in top 1
Epoch 142, global step 17160: 'val/CER' was not in top 1
Epoch 143, global step 17280: 'val/CER' was not in top 1
Epoch 144, global step 17400: 'val/CER' was not in top 1
Epoch 145, global step 17520: 'val/CER' was not in top 1
Epoch 146, global step 17640: 'val/CER' was not in top 1
Epoch 147, global step 17760: 'val/CER' was not in top 1
Epoch 148, global step 17880: 'val/CER' was not in top 1
Epoch 149, global step 18000: 'val/CER' was not in top 1
`Trainer.fit` stopped: `max_epochs=150` reached.
LOCAL_RANK: 0 - CUDA_VISIBLE_DEVICES: [0]
LOCAL_RANK: 0 - CUDA_VISIBLE_DEVICES: [0]
