2025-03-14 00:54:50.448818: E external/local_xla/xla/stream_executor/cuda/cuda_fft.cc:477] Unable to register cuFFT factory: Attempting to register factory for plugin cuFFT when one has already been registered
WARNING: All log messages before absl::InitializeLog() is called are written to STDERR
E0000 00:00:1741938890.459625 4169663 cuda_dnn.cc:8310] Unable to register cuDNN factory: Attempting to register factory for plugin cuDNN when one has already been registered
E0000 00:00:1741938890.462984 4169663 cuda_blas.cc:1418] Unable to register cuBLAS factory: Attempting to register factory for plugin cuBLAS when one has already been registered
2025-03-14 00:54:50.475260: I tensorflow/core/platform/cpu_feature_guard.cc:210] This TensorFlow binary is optimized to use available CPU instructions in performance-critical operations.
To enable the following instructions: AVX2 FMA, in other operations, rebuild TensorFlow with the appropriate compiler flags.
Global seed set to 1501
GPU available: True (cuda), used: True
TPU available: False, using: 0 TPU cores
IPU available: False, using: 0 IPUs
HPU available: False, using: 0 HPUs
Missing logger folder: /home/bkwan27/emg2qwerty/logs/2025-03-14/00-54-47/job0_trainer.devices=1,user=single_user/lightning_logs
LOCAL_RANK: 0 - CUDA_VISIBLE_DEVICES: [0]
/home/bkwan27/anaconda3/lib/python3.10/site-packages/pl_bolts/__init__.py:11: FutureWarning: In the future `np.object` will be defined as the corresponding NumPy scalar.
  if not hasattr(numpy, tp_name):
/home/bkwan27/anaconda3/lib/python3.10/site-packages/pl_bolts/__init__.py:11: FutureWarning: In the future `np.bool` will be defined as the corresponding NumPy scalar.
  if not hasattr(numpy, tp_name):
/home/bkwan27/anaconda3/lib/python3.10/site-packages/pl_bolts/models/self_supervised/amdim/amdim_module.py:34: UnderReviewWarning: The feature generate_power_seq is currently marked under review. The compatibility with other Lightning projects is not guaranteed and API may change at any time. The API and functionality may change without warning in future releases. More details: https://lightning-bolts.readthedocs.io/en/latest/stability.html
  "lr_options": generate_power_seq(LEARNING_RATE_CIFAR, 11),
/home/bkwan27/anaconda3/lib/python3.10/site-packages/pl_bolts/models/self_supervised/amdim/amdim_module.py:92: UnderReviewWarning: The feature FeatureMapContrastiveTask is currently marked under review. The compatibility with other Lightning projects is not guaranteed and API may change at any time. The API and functionality may change without warning in future releases. More details: https://lightning-bolts.readthedocs.io/en/latest/stability.html
  contrastive_task: Union[FeatureMapContrastiveTask] = FeatureMapContrastiveTask("01, 02, 11"),
/home/bkwan27/anaconda3/lib/python3.10/site-packages/pl_bolts/losses/self_supervised_learning.py:228: UnderReviewWarning: The feature AmdimNCELoss is currently marked under review. The compatibility with other Lightning projects is not guaranteed and API may change at any time. The API and functionality may change without warning in future releases. More details: https://lightning-bolts.readthedocs.io/en/latest/stability.html
  self.nce_loss = AmdimNCELoss(tclip)
/home/bkwan27/anaconda3/lib/python3.10/site-packages/hydra/_internal/instantiate/_instantiate2.py:92: UnderReviewWarning: The feature LinearWarmupCosineAnnealingLR is currently marked under review. The compatibility with other Lightning projects is not guaranteed and API may change at any time. The API and functionality may change without warning in future releases. More details: https://lightning-bolts.readthedocs.io/en/latest/stability.html
  return _target_(*args, **kwargs)

  | Name                | Type               | Params
-----------------------------------------------------------
0 | tokenizer           | Sequential         | 406 K 
1 | positional_encoding | PositionalEncoding | 0     
2 | model               | Transformer        | 11.1 M
3 | softmax             | LogSoftmax         | 0     
4 | ctc_loss            | CTCLoss            | 0     
5 | metrics             | ModuleDict         | 0     
-----------------------------------------------------------
11.5 M    Trainable params
0         Non-trainable params
11.5 M    Total params
45.964    Total estimated model params size (MB)
Epoch 0, global step 225: 'val/CER' reached 2314.64331 (best 2314.64331), saving model to '/home/bkwan27/emg2qwerty/logs/2025-03-14/00-54-47/job0_trainer.devices=1,user=single_user/checkpoints/epoch=0-step=225.ckpt' as top 1
Epoch 1, global step 450: 'val/CER' reached 100.00000 (best 100.00000), saving model to '/home/bkwan27/emg2qwerty/logs/2025-03-14/00-54-47/job0_trainer.devices=1,user=single_user/checkpoints/epoch=1-step=450.ckpt' as top 1
Epoch 2, global step 675: 'val/CER' was not in top 1
Epoch 3, global step 900: 'val/CER' was not in top 1
Epoch 4, global step 1125: 'val/CER' was not in top 1
Epoch 5, global step 1350: 'val/CER' was not in top 1
Epoch 6, global step 1575: 'val/CER' was not in top 1
Epoch 7, global step 1800: 'val/CER' was not in top 1
Epoch 8, global step 2025: 'val/CER' was not in top 1
Epoch 9, global step 2250: 'val/CER' was not in top 1
Epoch 10, global step 2475: 'val/CER' was not in top 1
Epoch 11, global step 2700: 'val/CER' was not in top 1
Epoch 12, global step 2925: 'val/CER' was not in top 1
Epoch 13, global step 3150: 'val/CER' was not in top 1
Epoch 14, global step 3375: 'val/CER' was not in top 1
Epoch 15, global step 3600: 'val/CER' was not in top 1
Epoch 16, global step 3825: 'val/CER' was not in top 1
Epoch 17, global step 4050: 'val/CER' reached 99.88924 (best 99.88924), saving model to '/home/bkwan27/emg2qwerty/logs/2025-03-14/00-54-47/job0_trainer.devices=1,user=single_user/checkpoints/epoch=17-step=4050.ckpt' as top 1
Epoch 18, global step 4275: 'val/CER' was not in top 1
Epoch 19, global step 4500: 'val/CER' reached 99.71201 (best 99.71201), saving model to '/home/bkwan27/emg2qwerty/logs/2025-03-14/00-54-47/job0_trainer.devices=1,user=single_user/checkpoints/epoch=19-step=4500.ckpt' as top 1
Epoch 20, global step 4725: 'val/CER' was not in top 1
Epoch 21, global step 4950: 'val/CER' reached 99.29109 (best 99.29109), saving model to '/home/bkwan27/emg2qwerty/logs/2025-03-14/00-54-47/job0_trainer.devices=1,user=single_user/checkpoints/epoch=21-step=4950.ckpt' as top 1
Epoch 22, global step 5175: 'val/CER' was not in top 1
Epoch 23, global step 5400: 'val/CER' was not in top 1
Epoch 24, global step 5625: 'val/CER' reached 98.93664 (best 98.93664), saving model to '/home/bkwan27/emg2qwerty/logs/2025-03-14/00-54-47/job0_trainer.devices=1,user=single_user/checkpoints/epoch=24-step=5625.ckpt' as top 1
Epoch 25, global step 5850: 'val/CER' reached 98.91449 (best 98.91449), saving model to '/home/bkwan27/emg2qwerty/logs/2025-03-14/00-54-47/job0_trainer.devices=1,user=single_user/checkpoints/epoch=25-step=5850.ckpt' as top 1
Epoch 26, global step 6075: 'val/CER' was not in top 1
Epoch 27, global step 6300: 'val/CER' reached 97.71821 (best 97.71821), saving model to '/home/bkwan27/emg2qwerty/logs/2025-03-14/00-54-47/job0_trainer.devices=1,user=single_user/checkpoints/epoch=27-step=6300.ckpt' as top 1
Epoch 28, global step 6525: 'val/CER' reached 96.98715 (best 96.98715), saving model to '/home/bkwan27/emg2qwerty/logs/2025-03-14/00-54-47/job0_trainer.devices=1,user=single_user/checkpoints/epoch=28-step=6525.ckpt' as top 1
Epoch 29, global step 6750: 'val/CER' reached 96.56624 (best 96.56624), saving model to '/home/bkwan27/emg2qwerty/logs/2025-03-14/00-54-47/job0_trainer.devices=1,user=single_user/checkpoints/epoch=29-step=6750.ckpt' as top 1
Epoch 30, global step 6975: 'val/CER' was not in top 1
Epoch 31, global step 7200: 'val/CER' reached 94.17368 (best 94.17368), saving model to '/home/bkwan27/emg2qwerty/logs/2025-03-14/00-54-47/job0_trainer.devices=1,user=single_user/checkpoints/epoch=31-step=7200.ckpt' as top 1
Epoch 32, global step 7425: 'val/CER' reached 93.53123 (best 93.53123), saving model to '/home/bkwan27/emg2qwerty/logs/2025-03-14/00-54-47/job0_trainer.devices=1,user=single_user/checkpoints/epoch=32-step=7425.ckpt' as top 1
Epoch 33, global step 7650: 'val/CER' was not in top 1
Epoch 34, global step 7875: 'val/CER' was not in top 1
Epoch 35, global step 8100: 'val/CER' was not in top 1
Epoch 36, global step 8325: 'val/CER' was not in top 1
Epoch 37, global step 8550: 'val/CER' was not in top 1
Epoch 38, global step 8775: 'val/CER' was not in top 1
Epoch 39, global step 9000: 'val/CER' reached 92.37926 (best 92.37926), saving model to '/home/bkwan27/emg2qwerty/logs/2025-03-14/00-54-47/job0_trainer.devices=1,user=single_user/checkpoints/epoch=39-step=9000.ckpt' as top 1
Epoch 40, global step 9225: 'val/CER' was not in top 1
Epoch 41, global step 9450: 'val/CER' was not in top 1
Epoch 42, global step 9675: 'val/CER' was not in top 1
Epoch 43, global step 9900: 'val/CER' reached 88.03722 (best 88.03722), saving model to '/home/bkwan27/emg2qwerty/logs/2025-03-14/00-54-47/job0_trainer.devices=1,user=single_user/checkpoints/epoch=43-step=9900.ckpt' as top 1
Epoch 44, global step 10125: 'val/CER' was not in top 1
Epoch 45, global step 10350: 'val/CER' was not in top 1
Epoch 46, global step 10575: 'val/CER' was not in top 1
Epoch 47, global step 10800: 'val/CER' reached 84.24900 (best 84.24900), saving model to '/home/bkwan27/emg2qwerty/logs/2025-03-14/00-54-47/job0_trainer.devices=1,user=single_user/checkpoints/epoch=47-step=10800.ckpt' as top 1
Epoch 48, global step 11025: 'val/CER' was not in top 1
Epoch 49, global step 11250: 'val/CER' reached 81.08108 (best 81.08108), saving model to '/home/bkwan27/emg2qwerty/logs/2025-03-14/00-54-47/job0_trainer.devices=1,user=single_user/checkpoints/epoch=49-step=11250.ckpt' as top 1
Epoch 50, global step 11475: 'val/CER' was not in top 1
Epoch 51, global step 11700: 'val/CER' reached 79.02082 (best 79.02082), saving model to '/home/bkwan27/emg2qwerty/logs/2025-03-14/00-54-47/job0_trainer.devices=1,user=single_user/checkpoints/epoch=51-step=11700.ckpt' as top 1
Epoch 52, global step 11925: 'val/CER' reached 76.16305 (best 76.16305), saving model to '/home/bkwan27/emg2qwerty/logs/2025-03-14/00-54-47/job0_trainer.devices=1,user=single_user/checkpoints/epoch=52-step=11925.ckpt' as top 1
Epoch 53, global step 12150: 'val/CER' was not in top 1
Epoch 54, global step 12375: 'val/CER' reached 67.81126 (best 67.81126), saving model to '/home/bkwan27/emg2qwerty/logs/2025-03-14/00-54-47/job0_trainer.devices=1,user=single_user/checkpoints/epoch=54-step=12375.ckpt' as top 1
Epoch 55, global step 12600: 'val/CER' was not in top 1
Epoch 56, global step 12825: 'val/CER' reached 65.83961 (best 65.83961), saving model to '/home/bkwan27/emg2qwerty/logs/2025-03-14/00-54-47/job0_trainer.devices=1,user=single_user/checkpoints/epoch=56-step=12825.ckpt' as top 1
Epoch 57, global step 13050: 'val/CER' reached 64.64333 (best 64.64333), saving model to '/home/bkwan27/emg2qwerty/logs/2025-03-14/00-54-47/job0_trainer.devices=1,user=single_user/checkpoints/epoch=57-step=13050.ckpt' as top 1
Epoch 58, global step 13275: 'val/CER' reached 63.31413 (best 63.31413), saving model to '/home/bkwan27/emg2qwerty/logs/2025-03-14/00-54-47/job0_trainer.devices=1,user=single_user/checkpoints/epoch=58-step=13275.ckpt' as top 1
Epoch 59, global step 13500: 'val/CER' reached 61.58618 (best 61.58618), saving model to '/home/bkwan27/emg2qwerty/logs/2025-03-14/00-54-47/job0_trainer.devices=1,user=single_user/checkpoints/epoch=59-step=13500.ckpt' as top 1
Epoch 60, global step 13725: 'val/CER' reached 60.85512 (best 60.85512), saving model to '/home/bkwan27/emg2qwerty/logs/2025-03-14/00-54-47/job0_trainer.devices=1,user=single_user/checkpoints/epoch=60-step=13725.ckpt' as top 1
Epoch 61, global step 13950: 'val/CER' reached 57.04475 (best 57.04475), saving model to '/home/bkwan27/emg2qwerty/logs/2025-03-14/00-54-47/job0_trainer.devices=1,user=single_user/checkpoints/epoch=61-step=13950.ckpt' as top 1
Epoch 62, global step 14175: 'val/CER' reached 53.98759 (best 53.98759), saving model to '/home/bkwan27/emg2qwerty/logs/2025-03-14/00-54-47/job0_trainer.devices=1,user=single_user/checkpoints/epoch=62-step=14175.ckpt' as top 1
Epoch 63, global step 14400: 'val/CER' reached 50.99690 (best 50.99690), saving model to '/home/bkwan27/emg2qwerty/logs/2025-03-14/00-54-47/job0_trainer.devices=1,user=single_user/checkpoints/epoch=63-step=14400.ckpt' as top 1
Epoch 64, global step 14625: 'val/CER' reached 45.23704 (best 45.23704), saving model to '/home/bkwan27/emg2qwerty/logs/2025-03-14/00-54-47/job0_trainer.devices=1,user=single_user/checkpoints/epoch=64-step=14625.ckpt' as top 1
Epoch 65, global step 14850: 'val/CER' was not in top 1
Epoch 66, global step 15075: 'val/CER' was not in top 1
Epoch 67, global step 15300: 'val/CER' reached 44.50598 (best 44.50598), saving model to '/home/bkwan27/emg2qwerty/logs/2025-03-14/00-54-47/job0_trainer.devices=1,user=single_user/checkpoints/epoch=67-step=15300.ckpt' as top 1
Epoch 68, global step 15525: 'val/CER' reached 43.46478 (best 43.46478), saving model to '/home/bkwan27/emg2qwerty/logs/2025-03-14/00-54-47/job0_trainer.devices=1,user=single_user/checkpoints/epoch=68-step=15525.ckpt' as top 1
Epoch 69, global step 15750: 'val/CER' reached 43.44262 (best 43.44262), saving model to '/home/bkwan27/emg2qwerty/logs/2025-03-14/00-54-47/job0_trainer.devices=1,user=single_user/checkpoints/epoch=69-step=15750.ckpt' as top 1
Epoch 70, global step 15975: 'val/CER' was not in top 1
Epoch 71, global step 16200: 'val/CER' reached 39.83163 (best 39.83163), saving model to '/home/bkwan27/emg2qwerty/logs/2025-03-14/00-54-47/job0_trainer.devices=1,user=single_user/checkpoints/epoch=71-step=16200.ckpt' as top 1
Epoch 72, global step 16425: 'val/CER' reached 39.61010 (best 39.61010), saving model to '/home/bkwan27/emg2qwerty/logs/2025-03-14/00-54-47/job0_trainer.devices=1,user=single_user/checkpoints/epoch=72-step=16425.ckpt' as top 1
Epoch 73, global step 16650: 'val/CER' reached 38.52459 (best 38.52459), saving model to '/home/bkwan27/emg2qwerty/logs/2025-03-14/00-54-47/job0_trainer.devices=1,user=single_user/checkpoints/epoch=73-step=16650.ckpt' as top 1
Epoch 74, global step 16875: 'val/CER' reached 37.99291 (best 37.99291), saving model to '/home/bkwan27/emg2qwerty/logs/2025-03-14/00-54-47/job0_trainer.devices=1,user=single_user/checkpoints/epoch=74-step=16875.ckpt' as top 1
Epoch 75, global step 17100: 'val/CER' reached 35.73327 (best 35.73327), saving model to '/home/bkwan27/emg2qwerty/logs/2025-03-14/00-54-47/job0_trainer.devices=1,user=single_user/checkpoints/epoch=75-step=17100.ckpt' as top 1
Epoch 76, global step 17325: 'val/CER' reached 35.37882 (best 35.37882), saving model to '/home/bkwan27/emg2qwerty/logs/2025-03-14/00-54-47/job0_trainer.devices=1,user=single_user/checkpoints/epoch=76-step=17325.ckpt' as top 1
Epoch 77, global step 17550: 'val/CER' reached 33.98316 (best 33.98316), saving model to '/home/bkwan27/emg2qwerty/logs/2025-03-14/00-54-47/job0_trainer.devices=1,user=single_user/checkpoints/epoch=77-step=17550.ckpt' as top 1
Epoch 78, global step 17775: 'val/CER' was not in top 1
Epoch 79, global step 18000: 'val/CER' reached 33.11919 (best 33.11919), saving model to '/home/bkwan27/emg2qwerty/logs/2025-03-14/00-54-47/job0_trainer.devices=1,user=single_user/checkpoints/epoch=79-step=18000.ckpt' as top 1
Epoch 80, global step 18225: 'val/CER' was not in top 1
Epoch 81, global step 18450: 'val/CER' was not in top 1
Epoch 82, global step 18675: 'val/CER' was not in top 1
Epoch 83, global step 18900: 'val/CER' reached 32.47674 (best 32.47674), saving model to '/home/bkwan27/emg2qwerty/logs/2025-03-14/00-54-47/job0_trainer.devices=1,user=single_user/checkpoints/epoch=83-step=18900.ckpt' as top 1
Epoch 84, global step 19125: 'val/CER' reached 31.23615 (best 31.23615), saving model to '/home/bkwan27/emg2qwerty/logs/2025-03-14/00-54-47/job0_trainer.devices=1,user=single_user/checkpoints/epoch=84-step=19125.ckpt' as top 1
Epoch 85, global step 19350: 'val/CER' was not in top 1
Epoch 86, global step 19575: 'val/CER' reached 28.86575 (best 28.86575), saving model to '/home/bkwan27/emg2qwerty/logs/2025-03-14/00-54-47/job0_trainer.devices=1,user=single_user/checkpoints/epoch=86-step=19575.ckpt' as top 1
Epoch 87, global step 19800: 'val/CER' was not in top 1
Epoch 88, global step 20025: 'val/CER' was not in top 1
Epoch 89, global step 20250: 'val/CER' was not in top 1
Epoch 90, global step 20475: 'val/CER' reached 28.46699 (best 28.46699), saving model to '/home/bkwan27/emg2qwerty/logs/2025-03-14/00-54-47/job0_trainer.devices=1,user=single_user/checkpoints/epoch=90-step=20475.ckpt' as top 1
Epoch 91, global step 20700: 'val/CER' reached 28.26761 (best 28.26761), saving model to '/home/bkwan27/emg2qwerty/logs/2025-03-14/00-54-47/job0_trainer.devices=1,user=single_user/checkpoints/epoch=91-step=20700.ckpt' as top 1
Epoch 92, global step 20925: 'val/CER' reached 27.35933 (best 27.35933), saving model to '/home/bkwan27/emg2qwerty/logs/2025-03-14/00-54-47/job0_trainer.devices=1,user=single_user/checkpoints/epoch=92-step=20925.ckpt' as top 1
Epoch 93, global step 21150: 'val/CER' was not in top 1
Epoch 94, global step 21375: 'val/CER' was not in top 1
Epoch 95, global step 21600: 'val/CER' was not in top 1
Epoch 96, global step 21825: 'val/CER' was not in top 1
Epoch 97, global step 22050: 'val/CER' was not in top 1
Epoch 98, global step 22275: 'val/CER' reached 26.45104 (best 26.45104), saving model to '/home/bkwan27/emg2qwerty/logs/2025-03-14/00-54-47/job0_trainer.devices=1,user=single_user/checkpoints/epoch=98-step=22275.ckpt' as top 1
Epoch 99, global step 22500: 'val/CER' was not in top 1
Epoch 100, global step 22725: 'val/CER' reached 25.23261 (best 25.23261), saving model to '/home/bkwan27/emg2qwerty/logs/2025-03-14/00-54-47/job0_trainer.devices=1,user=single_user/checkpoints/epoch=100-step=22725.ckpt' as top 1
Epoch 101, global step 22950: 'val/CER' was not in top 1
Epoch 102, global step 23175: 'val/CER' reached 24.96677 (best 24.96677), saving model to '/home/bkwan27/emg2qwerty/logs/2025-03-14/00-54-47/job0_trainer.devices=1,user=single_user/checkpoints/epoch=102-step=23175.ckpt' as top 1
Epoch 103, global step 23400: 'val/CER' was not in top 1
Epoch 104, global step 23625: 'val/CER' reached 23.32743 (best 23.32743), saving model to '/home/bkwan27/emg2qwerty/logs/2025-03-14/00-54-47/job0_trainer.devices=1,user=single_user/checkpoints/epoch=104-step=23625.ckpt' as top 1
Epoch 105, global step 23850: 'val/CER' was not in top 1
Epoch 106, global step 24075: 'val/CER' was not in top 1
Epoch 107, global step 24300: 'val/CER' was not in top 1
Epoch 108, global step 24525: 'val/CER' was not in top 1
Epoch 109, global step 24750: 'val/CER' was not in top 1
Epoch 110, global step 24975: 'val/CER' was not in top 1
Epoch 111, global step 25200: 'val/CER' reached 22.57421 (best 22.57421), saving model to '/home/bkwan27/emg2qwerty/logs/2025-03-14/00-54-47/job0_trainer.devices=1,user=single_user/checkpoints/epoch=111-step=25200.ckpt' as top 1
Epoch 112, global step 25425: 'val/CER' was not in top 1
Epoch 113, global step 25650: 'val/CER' was not in top 1
Epoch 114, global step 25875: 'val/CER' was not in top 1
Epoch 115, global step 26100: 'val/CER' reached 22.37483 (best 22.37483), saving model to '/home/bkwan27/emg2qwerty/logs/2025-03-14/00-54-47/job0_trainer.devices=1,user=single_user/checkpoints/epoch=115-step=26100.ckpt' as top 1
Epoch 116, global step 26325: 'val/CER' reached 22.30837 (best 22.30837), saving model to '/home/bkwan27/emg2qwerty/logs/2025-03-14/00-54-47/job0_trainer.devices=1,user=single_user/checkpoints/epoch=116-step=26325.ckpt' as top 1
Epoch 117, global step 26550: 'val/CER' was not in top 1
Epoch 118, global step 26775: 'val/CER' was not in top 1
Epoch 119, global step 27000: 'val/CER' reached 21.42224 (best 21.42224), saving model to '/home/bkwan27/emg2qwerty/logs/2025-03-14/00-54-47/job0_trainer.devices=1,user=single_user/checkpoints/epoch=119-step=27000.ckpt' as top 1
Epoch 120, global step 27225: 'val/CER' was not in top 1
Epoch 121, global step 27450: 'val/CER' was not in top 1
Epoch 122, global step 27675: 'val/CER' was not in top 1
Epoch 123, global step 27900: 'val/CER' was not in top 1
Epoch 124, global step 28125: 'val/CER' was not in top 1
Epoch 125, global step 28350: 'val/CER' was not in top 1
Epoch 126, global step 28575: 'val/CER' was not in top 1
Epoch 127, global step 28800: 'val/CER' reached 21.20071 (best 21.20071), saving model to '/home/bkwan27/emg2qwerty/logs/2025-03-14/00-54-47/job0_trainer.devices=1,user=single_user/checkpoints/epoch=127-step=28800.ckpt' as top 1
Epoch 128, global step 29025: 'val/CER' reached 20.95702 (best 20.95702), saving model to '/home/bkwan27/emg2qwerty/logs/2025-03-14/00-54-47/job0_trainer.devices=1,user=single_user/checkpoints/epoch=128-step=29025.ckpt' as top 1
Epoch 129, global step 29250: 'val/CER' was not in top 1
Epoch 130, global step 29475: 'val/CER' was not in top 1
Epoch 131, global step 29700: 'val/CER' was not in top 1
Epoch 132, global step 29925: 'val/CER' was not in top 1
Epoch 133, global step 30150: 'val/CER' reached 20.82410 (best 20.82410), saving model to '/home/bkwan27/emg2qwerty/logs/2025-03-14/00-54-47/job0_trainer.devices=1,user=single_user/checkpoints/epoch=133-step=30150.ckpt' as top 1
Epoch 134, global step 30375: 'val/CER' was not in top 1
Epoch 135, global step 30600: 'val/CER' was not in top 1
Epoch 136, global step 30825: 'val/CER' reached 20.46965 (best 20.46965), saving model to '/home/bkwan27/emg2qwerty/logs/2025-03-14/00-54-47/job0_trainer.devices=1,user=single_user/checkpoints/epoch=136-step=30825.ckpt' as top 1
Epoch 137, global step 31050: 'val/CER' was not in top 1
Epoch 138, global step 31275: 'val/CER' was not in top 1
Epoch 139, global step 31500: 'val/CER' was not in top 1
Epoch 140, global step 31725: 'val/CER' was not in top 1
Epoch 141, global step 31950: 'val/CER' was not in top 1
Epoch 142, global step 32175: 'val/CER' reached 20.33673 (best 20.33673), saving model to '/home/bkwan27/emg2qwerty/logs/2025-03-14/00-54-47/job0_trainer.devices=1,user=single_user/checkpoints/epoch=142-step=32175.ckpt' as top 1
Epoch 143, global step 32400: 'val/CER' was not in top 1
Epoch 144, global step 32625: 'val/CER' was not in top 1
Epoch 145, global step 32850: 'val/CER' was not in top 1
Epoch 146, global step 33075: 'val/CER' was not in top 1
Epoch 147, global step 33300: 'val/CER' was not in top 1
Epoch 148, global step 33525: 'val/CER' was not in top 1
Epoch 149, global step 33750: 'val/CER' was not in top 1
`Trainer.fit` stopped: `max_epochs=150` reached.
LOCAL_RANK: 0 - CUDA_VISIBLE_DEVICES: [0]
LOCAL_RANK: 0 - CUDA_VISIBLE_DEVICES: [0]
