2025-03-13 01:24:33.234902: E external/local_xla/xla/stream_executor/cuda/cuda_fft.cc:477] Unable to register cuFFT factory: Attempting to register factory for plugin cuFFT when one has already been registered
WARNING: All log messages before absl::InitializeLog() is called are written to STDERR
E0000 00:00:1741854273.256410 2444461 cuda_dnn.cc:8310] Unable to register cuDNN factory: Attempting to register factory for plugin cuDNN when one has already been registered
E0000 00:00:1741854273.262969 2444461 cuda_blas.cc:1418] Unable to register cuBLAS factory: Attempting to register factory for plugin cuBLAS when one has already been registered
2025-03-13 01:24:33.285161: I tensorflow/core/platform/cpu_feature_guard.cc:210] This TensorFlow binary is optimized to use available CPU instructions in performance-critical operations.
To enable the following instructions: AVX2 FMA, in other operations, rebuild TensorFlow with the appropriate compiler flags.
Global seed set to 1501
GPU available: True (cuda), used: True
TPU available: False, using: 0 TPU cores
IPU available: False, using: 0 IPUs
HPU available: False, using: 0 HPUs
Missing logger folder: /home/bkwan27/emg2qwerty/logs/2025-03-13/01-24-28/job0_trainer.devices=1,user=single_user/lightning_logs
LOCAL_RANK: 0 - CUDA_VISIBLE_DEVICES: [0]
/home/bkwan27/anaconda3/lib/python3.10/site-packages/pl_bolts/__init__.py:11: FutureWarning: In the future `np.object` will be defined as the corresponding NumPy scalar.
  if not hasattr(numpy, tp_name):
/home/bkwan27/anaconda3/lib/python3.10/site-packages/pl_bolts/__init__.py:11: FutureWarning: In the future `np.bool` will be defined as the corresponding NumPy scalar.
  if not hasattr(numpy, tp_name):
/home/bkwan27/anaconda3/lib/python3.10/site-packages/pl_bolts/models/self_supervised/amdim/amdim_module.py:34: UnderReviewWarning: The feature generate_power_seq is currently marked under review. The compatibility with other Lightning projects is not guaranteed and API may change at any time. The API and functionality may change without warning in future releases. More details: https://lightning-bolts.readthedocs.io/en/latest/stability.html
  "lr_options": generate_power_seq(LEARNING_RATE_CIFAR, 11),
/home/bkwan27/anaconda3/lib/python3.10/site-packages/pl_bolts/models/self_supervised/amdim/amdim_module.py:92: UnderReviewWarning: The feature FeatureMapContrastiveTask is currently marked under review. The compatibility with other Lightning projects is not guaranteed and API may change at any time. The API and functionality may change without warning in future releases. More details: https://lightning-bolts.readthedocs.io/en/latest/stability.html
  contrastive_task: Union[FeatureMapContrastiveTask] = FeatureMapContrastiveTask("01, 02, 11"),
/home/bkwan27/anaconda3/lib/python3.10/site-packages/pl_bolts/losses/self_supervised_learning.py:228: UnderReviewWarning: The feature AmdimNCELoss is currently marked under review. The compatibility with other Lightning projects is not guaranteed and API may change at any time. The API and functionality may change without warning in future releases. More details: https://lightning-bolts.readthedocs.io/en/latest/stability.html
  self.nce_loss = AmdimNCELoss(tclip)
/home/bkwan27/anaconda3/lib/python3.10/site-packages/hydra/_internal/instantiate/_instantiate2.py:92: UnderReviewWarning: The feature LinearWarmupCosineAnnealingLR is currently marked under review. The compatibility with other Lightning projects is not guaranteed and API may change at any time. The API and functionality may change without warning in future releases. More details: https://lightning-bolts.readthedocs.io/en/latest/stability.html
  return _target_(*args, **kwargs)

  | Name                | Type               | Params
-----------------------------------------------------------
0 | tokenizer           | Sequential         | 406 K 
1 | positional_encoding | PositionalEncoding | 0     
2 | model               | Transformer        | 11.1 M
3 | softmax             | LogSoftmax         | 0     
4 | ctc_loss            | CTCLoss            | 0     
5 | metrics             | ModuleDict         | 0     
-----------------------------------------------------------
11.5 M    Trainable params
0         Non-trainable params
11.5 M    Total params
45.964    Total estimated model params size (MB)
Epoch 0, global step 152: 'val/CER' reached 2107.15894 (best 2107.15894), saving model to '/home/bkwan27/emg2qwerty/logs/2025-03-13/01-24-28/job0_trainer.devices=1,user=single_user/checkpoints/epoch=0-step=152.ckpt' as top 1
Epoch 1, global step 304: 'val/CER' reached 100.00000 (best 100.00000), saving model to '/home/bkwan27/emg2qwerty/logs/2025-03-13/01-24-28/job0_trainer.devices=1,user=single_user/checkpoints/epoch=1-step=304.ckpt' as top 1
Epoch 2, global step 456: 'val/CER' was not in top 1
Epoch 3, global step 608: 'val/CER' was not in top 1
Epoch 4, global step 760: 'val/CER' was not in top 1
Epoch 5, global step 912: 'val/CER' was not in top 1
Epoch 6, global step 1064: 'val/CER' was not in top 1
Epoch 7, global step 1216: 'val/CER' was not in top 1
Epoch 8, global step 1368: 'val/CER' was not in top 1
Epoch 9, global step 1520: 'val/CER' was not in top 1
Epoch 10, global step 1672: 'val/CER' was not in top 1
Epoch 11, global step 1824: 'val/CER' was not in top 1
Epoch 12, global step 1976: 'val/CER' was not in top 1
Epoch 13, global step 2128: 'val/CER' was not in top 1
Epoch 14, global step 2280: 'val/CER' was not in top 1
Epoch 15, global step 2432: 'val/CER' reached 99.98872 (best 99.98872), saving model to '/home/bkwan27/emg2qwerty/logs/2025-03-13/01-24-28/job0_trainer.devices=1,user=single_user/checkpoints/epoch=15-step=2432.ckpt' as top 1
Epoch 16, global step 2584: 'val/CER' reached 99.80834 (best 99.80834), saving model to '/home/bkwan27/emg2qwerty/logs/2025-03-13/01-24-28/job0_trainer.devices=1,user=single_user/checkpoints/epoch=16-step=2584.ckpt' as top 1
Epoch 17, global step 2736: 'val/CER' was not in top 1
Epoch 18, global step 2888: 'val/CER' reached 99.72942 (best 99.72942), saving model to '/home/bkwan27/emg2qwerty/logs/2025-03-13/01-24-28/job0_trainer.devices=1,user=single_user/checkpoints/epoch=18-step=2888.ckpt' as top 1
Epoch 19, global step 3040: 'val/CER' was not in top 1
Epoch 20, global step 3192: 'val/CER' reached 98.72604 (best 98.72604), saving model to '/home/bkwan27/emg2qwerty/logs/2025-03-13/01-24-28/job0_trainer.devices=1,user=single_user/checkpoints/epoch=20-step=3192.ckpt' as top 1
Epoch 21, global step 3344: 'val/CER' reached 98.25253 (best 98.25253), saving model to '/home/bkwan27/emg2qwerty/logs/2025-03-13/01-24-28/job0_trainer.devices=1,user=single_user/checkpoints/epoch=21-step=3344.ckpt' as top 1
Epoch 22, global step 3496: 'val/CER' reached 95.35513 (best 95.35513), saving model to '/home/bkwan27/emg2qwerty/logs/2025-03-13/01-24-28/job0_trainer.devices=1,user=single_user/checkpoints/epoch=22-step=3496.ckpt' as top 1
Epoch 23, global step 3648: 'val/CER' reached 95.17474 (best 95.17474), saving model to '/home/bkwan27/emg2qwerty/logs/2025-03-13/01-24-28/job0_trainer.devices=1,user=single_user/checkpoints/epoch=23-step=3648.ckpt' as top 1
Epoch 24, global step 3800: 'val/CER' reached 94.98309 (best 94.98309), saving model to '/home/bkwan27/emg2qwerty/logs/2025-03-13/01-24-28/job0_trainer.devices=1,user=single_user/checkpoints/epoch=24-step=3800.ckpt' as top 1
Epoch 25, global step 3952: 'val/CER' reached 91.57835 (best 91.57835), saving model to '/home/bkwan27/emg2qwerty/logs/2025-03-13/01-24-28/job0_trainer.devices=1,user=single_user/checkpoints/epoch=25-step=3952.ckpt' as top 1
Epoch 26, global step 4104: 'val/CER' was not in top 1
Epoch 27, global step 4256: 'val/CER' reached 89.71815 (best 89.71815), saving model to '/home/bkwan27/emg2qwerty/logs/2025-03-13/01-24-28/job0_trainer.devices=1,user=single_user/checkpoints/epoch=27-step=4256.ckpt' as top 1
Epoch 28, global step 4408: 'val/CER' was not in top 1
Epoch 29, global step 4560: 'val/CER' reached 89.51522 (best 89.51522), saving model to '/home/bkwan27/emg2qwerty/logs/2025-03-13/01-24-28/job0_trainer.devices=1,user=single_user/checkpoints/epoch=29-step=4560.ckpt' as top 1
Epoch 30, global step 4712: 'val/CER' reached 88.56821 (best 88.56821), saving model to '/home/bkwan27/emg2qwerty/logs/2025-03-13/01-24-28/job0_trainer.devices=1,user=single_user/checkpoints/epoch=30-step=4712.ckpt' as top 1
Epoch 31, global step 4864: 'val/CER' reached 87.20406 (best 87.20406), saving model to '/home/bkwan27/emg2qwerty/logs/2025-03-13/01-24-28/job0_trainer.devices=1,user=single_user/checkpoints/epoch=31-step=4864.ckpt' as top 1
Epoch 32, global step 5016: 'val/CER' was not in top 1
Epoch 33, global step 5168: 'val/CER' reached 84.48704 (best 84.48704), saving model to '/home/bkwan27/emg2qwerty/logs/2025-03-13/01-24-28/job0_trainer.devices=1,user=single_user/checkpoints/epoch=33-step=5168.ckpt' as top 1
Epoch 34, global step 5320: 'val/CER' was not in top 1
Epoch 35, global step 5472: 'val/CER' was not in top 1
Epoch 36, global step 5624: 'val/CER' reached 83.22435 (best 83.22435), saving model to '/home/bkwan27/emg2qwerty/logs/2025-03-13/01-24-28/job0_trainer.devices=1,user=single_user/checkpoints/epoch=36-step=5624.ckpt' as top 1
Epoch 37, global step 5776: 'val/CER' was not in top 1
Epoch 38, global step 5928: 'val/CER' reached 78.38783 (best 78.38783), saving model to '/home/bkwan27/emg2qwerty/logs/2025-03-13/01-24-28/job0_trainer.devices=1,user=single_user/checkpoints/epoch=38-step=5928.ckpt' as top 1
Epoch 39, global step 6080: 'val/CER' was not in top 1
Epoch 40, global step 6232: 'val/CER' reached 77.04623 (best 77.04623), saving model to '/home/bkwan27/emg2qwerty/logs/2025-03-13/01-24-28/job0_trainer.devices=1,user=single_user/checkpoints/epoch=40-step=6232.ckpt' as top 1
Epoch 41, global step 6384: 'val/CER' was not in top 1
Epoch 42, global step 6536: 'val/CER' was not in top 1
Epoch 43, global step 6688: 'val/CER' reached 75.05074 (best 75.05074), saving model to '/home/bkwan27/emg2qwerty/logs/2025-03-13/01-24-28/job0_trainer.devices=1,user=single_user/checkpoints/epoch=43-step=6688.ckpt' as top 1
Epoch 44, global step 6840: 'val/CER' was not in top 1
Epoch 45, global step 6992: 'val/CER' reached 70.91319 (best 70.91319), saving model to '/home/bkwan27/emg2qwerty/logs/2025-03-13/01-24-28/job0_trainer.devices=1,user=single_user/checkpoints/epoch=45-step=6992.ckpt' as top 1
Epoch 46, global step 7144: 'val/CER' reached 69.21082 (best 69.21082), saving model to '/home/bkwan27/emg2qwerty/logs/2025-03-13/01-24-28/job0_trainer.devices=1,user=single_user/checkpoints/epoch=46-step=7144.ckpt' as top 1
Epoch 47, global step 7296: 'val/CER' reached 67.63247 (best 67.63247), saving model to '/home/bkwan27/emg2qwerty/logs/2025-03-13/01-24-28/job0_trainer.devices=1,user=single_user/checkpoints/epoch=47-step=7296.ckpt' as top 1
Epoch 48, global step 7448: 'val/CER' was not in top 1
Epoch 49, global step 7600: 'val/CER' reached 67.58737 (best 67.58737), saving model to '/home/bkwan27/emg2qwerty/logs/2025-03-13/01-24-28/job0_trainer.devices=1,user=single_user/checkpoints/epoch=49-step=7600.ckpt' as top 1
Epoch 50, global step 7752: 'val/CER' reached 63.75423 (best 63.75423), saving model to '/home/bkwan27/emg2qwerty/logs/2025-03-13/01-24-28/job0_trainer.devices=1,user=single_user/checkpoints/epoch=50-step=7752.ckpt' as top 1
Epoch 51, global step 7904: 'val/CER' reached 61.77001 (best 61.77001), saving model to '/home/bkwan27/emg2qwerty/logs/2025-03-13/01-24-28/job0_trainer.devices=1,user=single_user/checkpoints/epoch=51-step=7904.ckpt' as top 1
Epoch 52, global step 8056: 'val/CER' reached 61.25141 (best 61.25141), saving model to '/home/bkwan27/emg2qwerty/logs/2025-03-13/01-24-28/job0_trainer.devices=1,user=single_user/checkpoints/epoch=52-step=8056.ckpt' as top 1
Epoch 53, global step 8208: 'val/CER' reached 56.58399 (best 56.58399), saving model to '/home/bkwan27/emg2qwerty/logs/2025-03-13/01-24-28/job0_trainer.devices=1,user=single_user/checkpoints/epoch=53-step=8208.ckpt' as top 1
Epoch 54, global step 8360: 'val/CER' was not in top 1
Epoch 55, global step 8512: 'val/CER' reached 52.14205 (best 52.14205), saving model to '/home/bkwan27/emg2qwerty/logs/2025-03-13/01-24-28/job0_trainer.devices=1,user=single_user/checkpoints/epoch=55-step=8512.ckpt' as top 1
Epoch 56, global step 8664: 'val/CER' reached 49.51522 (best 49.51522), saving model to '/home/bkwan27/emg2qwerty/logs/2025-03-13/01-24-28/job0_trainer.devices=1,user=single_user/checkpoints/epoch=56-step=8664.ckpt' as top 1
Epoch 57, global step 8816: 'val/CER' was not in top 1
Epoch 58, global step 8968: 'val/CER' was not in top 1
Epoch 59, global step 9120: 'val/CER' was not in top 1
Epoch 60, global step 9272: 'val/CER' was not in top 1
Epoch 61, global step 9424: 'val/CER' reached 49.19955 (best 49.19955), saving model to '/home/bkwan27/emg2qwerty/logs/2025-03-13/01-24-28/job0_trainer.devices=1,user=single_user/checkpoints/epoch=61-step=9424.ckpt' as top 1
Epoch 62, global step 9576: 'val/CER' was not in top 1
Epoch 63, global step 9728: 'val/CER' reached 47.20406 (best 47.20406), saving model to '/home/bkwan27/emg2qwerty/logs/2025-03-13/01-24-28/job0_trainer.devices=1,user=single_user/checkpoints/epoch=63-step=9728.ckpt' as top 1
Epoch 64, global step 9880: 'val/CER' reached 46.77565 (best 46.77565), saving model to '/home/bkwan27/emg2qwerty/logs/2025-03-13/01-24-28/job0_trainer.devices=1,user=single_user/checkpoints/epoch=64-step=9880.ckpt' as top 1
Epoch 65, global step 10032: 'val/CER' reached 46.09921 (best 46.09921), saving model to '/home/bkwan27/emg2qwerty/logs/2025-03-13/01-24-28/job0_trainer.devices=1,user=single_user/checkpoints/epoch=65-step=10032.ckpt' as top 1
Epoch 66, global step 10184: 'val/CER' reached 44.54340 (best 44.54340), saving model to '/home/bkwan27/emg2qwerty/logs/2025-03-13/01-24-28/job0_trainer.devices=1,user=single_user/checkpoints/epoch=66-step=10184.ckpt' as top 1
Epoch 67, global step 10336: 'val/CER' was not in top 1
Epoch 68, global step 10488: 'val/CER' reached 43.10034 (best 43.10034), saving model to '/home/bkwan27/emg2qwerty/logs/2025-03-13/01-24-28/job0_trainer.devices=1,user=single_user/checkpoints/epoch=68-step=10488.ckpt' as top 1
Epoch 69, global step 10640: 'val/CER' reached 42.18715 (best 42.18715), saving model to '/home/bkwan27/emg2qwerty/logs/2025-03-13/01-24-28/job0_trainer.devices=1,user=single_user/checkpoints/epoch=69-step=10640.ckpt' as top 1
Epoch 70, global step 10792: 'val/CER' reached 41.28523 (best 41.28523), saving model to '/home/bkwan27/emg2qwerty/logs/2025-03-13/01-24-28/job0_trainer.devices=1,user=single_user/checkpoints/epoch=70-step=10792.ckpt' as top 1
Epoch 71, global step 10944: 'val/CER' was not in top 1
Epoch 72, global step 11096: 'val/CER' was not in top 1
Epoch 73, global step 11248: 'val/CER' was not in top 1
Epoch 74, global step 11400: 'val/CER' was not in top 1
Epoch 75, global step 11552: 'val/CER' reached 40.84555 (best 40.84555), saving model to '/home/bkwan27/emg2qwerty/logs/2025-03-13/01-24-28/job0_trainer.devices=1,user=single_user/checkpoints/epoch=75-step=11552.ckpt' as top 1
Epoch 76, global step 11704: 'val/CER' reached 39.23337 (best 39.23337), saving model to '/home/bkwan27/emg2qwerty/logs/2025-03-13/01-24-28/job0_trainer.devices=1,user=single_user/checkpoints/epoch=76-step=11704.ckpt' as top 1
Epoch 77, global step 11856: 'val/CER' reached 39.09808 (best 39.09808), saving model to '/home/bkwan27/emg2qwerty/logs/2025-03-13/01-24-28/job0_trainer.devices=1,user=single_user/checkpoints/epoch=77-step=11856.ckpt' as top 1
Epoch 78, global step 12008: 'val/CER' reached 37.50846 (best 37.50846), saving model to '/home/bkwan27/emg2qwerty/logs/2025-03-13/01-24-28/job0_trainer.devices=1,user=single_user/checkpoints/epoch=78-step=12008.ckpt' as top 1
Epoch 79, global step 12160: 'val/CER' was not in top 1
Epoch 80, global step 12312: 'val/CER' reached 36.47125 (best 36.47125), saving model to '/home/bkwan27/emg2qwerty/logs/2025-03-13/01-24-28/job0_trainer.devices=1,user=single_user/checkpoints/epoch=80-step=12312.ckpt' as top 1
Epoch 81, global step 12464: 'val/CER' was not in top 1
Epoch 82, global step 12616: 'val/CER' was not in top 1
Epoch 83, global step 12768: 'val/CER' was not in top 1
Epoch 84, global step 12920: 'val/CER' was not in top 1
Epoch 85, global step 13072: 'val/CER' reached 34.98309 (best 34.98309), saving model to '/home/bkwan27/emg2qwerty/logs/2025-03-13/01-24-28/job0_trainer.devices=1,user=single_user/checkpoints/epoch=85-step=13072.ckpt' as top 1
Epoch 86, global step 13224: 'val/CER' was not in top 1
Epoch 87, global step 13376: 'val/CER' reached 34.02480 (best 34.02480), saving model to '/home/bkwan27/emg2qwerty/logs/2025-03-13/01-24-28/job0_trainer.devices=1,user=single_user/checkpoints/epoch=87-step=13376.ckpt' as top 1
Epoch 88, global step 13528: 'val/CER' was not in top 1
Epoch 89, global step 13680: 'val/CER' was not in top 1
Epoch 90, global step 13832: 'val/CER' was not in top 1
Epoch 91, global step 13984: 'val/CER' was not in top 1
Epoch 92, global step 14136: 'val/CER' reached 32.35626 (best 32.35626), saving model to '/home/bkwan27/emg2qwerty/logs/2025-03-13/01-24-28/job0_trainer.devices=1,user=single_user/checkpoints/epoch=92-step=14136.ckpt' as top 1
Epoch 93, global step 14288: 'val/CER' was not in top 1
Epoch 94, global step 14440: 'val/CER' was not in top 1
Epoch 95, global step 14592: 'val/CER' was not in top 1
Epoch 96, global step 14744: 'val/CER' was not in top 1
Epoch 97, global step 14896: 'val/CER' was not in top 1
Epoch 98, global step 15048: 'val/CER' was not in top 1
Epoch 99, global step 15200: 'val/CER' reached 32.25479 (best 32.25479), saving model to '/home/bkwan27/emg2qwerty/logs/2025-03-13/01-24-28/job0_trainer.devices=1,user=single_user/checkpoints/epoch=99-step=15200.ckpt' as top 1
Epoch 100, global step 15352: 'val/CER' was not in top 1
Epoch 101, global step 15504: 'val/CER' reached 30.78918 (best 30.78918), saving model to '/home/bkwan27/emg2qwerty/logs/2025-03-13/01-24-28/job0_trainer.devices=1,user=single_user/checkpoints/epoch=101-step=15504.ckpt' as top 1
Epoch 102, global step 15656: 'val/CER' was not in top 1
Epoch 103, global step 15808: 'val/CER' was not in top 1
Epoch 104, global step 15960: 'val/CER' reached 30.57497 (best 30.57497), saving model to '/home/bkwan27/emg2qwerty/logs/2025-03-13/01-24-28/job0_trainer.devices=1,user=single_user/checkpoints/epoch=104-step=15960.ckpt' as top 1
Epoch 105, global step 16112: 'val/CER' reached 30.23675 (best 30.23675), saving model to '/home/bkwan27/emg2qwerty/logs/2025-03-13/01-24-28/job0_trainer.devices=1,user=single_user/checkpoints/epoch=105-step=16112.ckpt' as top 1
Epoch 106, global step 16264: 'val/CER' was not in top 1
Epoch 107, global step 16416: 'val/CER' reached 29.18827 (best 29.18827), saving model to '/home/bkwan27/emg2qwerty/logs/2025-03-13/01-24-28/job0_trainer.devices=1,user=single_user/checkpoints/epoch=107-step=16416.ckpt' as top 1
Epoch 108, global step 16568: 'val/CER' reached 28.99662 (best 28.99662), saving model to '/home/bkwan27/emg2qwerty/logs/2025-03-13/01-24-28/job0_trainer.devices=1,user=single_user/checkpoints/epoch=108-step=16568.ckpt' as top 1
Epoch 109, global step 16720: 'val/CER' was not in top 1
Epoch 110, global step 16872: 'val/CER' reached 28.51184 (best 28.51184), saving model to '/home/bkwan27/emg2qwerty/logs/2025-03-13/01-24-28/job0_trainer.devices=1,user=single_user/checkpoints/epoch=110-step=16872.ckpt' as top 1
Epoch 111, global step 17024: 'val/CER' reached 28.29763 (best 28.29763), saving model to '/home/bkwan27/emg2qwerty/logs/2025-03-13/01-24-28/job0_trainer.devices=1,user=single_user/checkpoints/epoch=111-step=17024.ckpt' as top 1
Epoch 112, global step 17176: 'val/CER' was not in top 1
Epoch 113, global step 17328: 'val/CER' reached 28.09470 (best 28.09470), saving model to '/home/bkwan27/emg2qwerty/logs/2025-03-13/01-24-28/job0_trainer.devices=1,user=single_user/checkpoints/epoch=113-step=17328.ckpt' as top 1
Epoch 114, global step 17480: 'val/CER' was not in top 1
Epoch 115, global step 17632: 'val/CER' was not in top 1
Epoch 116, global step 17784: 'val/CER' was not in top 1
Epoch 117, global step 17936: 'val/CER' was not in top 1
Epoch 118, global step 18088: 'val/CER' reached 27.92559 (best 27.92559), saving model to '/home/bkwan27/emg2qwerty/logs/2025-03-13/01-24-28/job0_trainer.devices=1,user=single_user/checkpoints/epoch=118-step=18088.ckpt' as top 1
Epoch 119, global step 18240: 'val/CER' reached 27.00113 (best 27.00113), saving model to '/home/bkwan27/emg2qwerty/logs/2025-03-13/01-24-28/job0_trainer.devices=1,user=single_user/checkpoints/epoch=119-step=18240.ckpt' as top 1
Epoch 120, global step 18392: 'val/CER' was not in top 1
Epoch 121, global step 18544: 'val/CER' reached 26.79820 (best 26.79820), saving model to '/home/bkwan27/emg2qwerty/logs/2025-03-13/01-24-28/job0_trainer.devices=1,user=single_user/checkpoints/epoch=121-step=18544.ckpt' as top 1
Epoch 122, global step 18696: 'val/CER' reached 25.89628 (best 25.89628), saving model to '/home/bkwan27/emg2qwerty/logs/2025-03-13/01-24-28/job0_trainer.devices=1,user=single_user/checkpoints/epoch=122-step=18696.ckpt' as top 1
Epoch 123, global step 18848: 'val/CER' was not in top 1
Epoch 124, global step 19000: 'val/CER' reached 25.10710 (best 25.10710), saving model to '/home/bkwan27/emg2qwerty/logs/2025-03-13/01-24-28/job0_trainer.devices=1,user=single_user/checkpoints/epoch=124-step=19000.ckpt' as top 1
Epoch 125, global step 19152: 'val/CER' was not in top 1
Epoch 126, global step 19304: 'val/CER' was not in top 1
Epoch 127, global step 19456: 'val/CER' was not in top 1
Epoch 128, global step 19608: 'val/CER' reached 24.91545 (best 24.91545), saving model to '/home/bkwan27/emg2qwerty/logs/2025-03-13/01-24-28/job0_trainer.devices=1,user=single_user/checkpoints/epoch=128-step=19608.ckpt' as top 1
Epoch 129, global step 19760: 'val/CER' reached 24.40812 (best 24.40812), saving model to '/home/bkwan27/emg2qwerty/logs/2025-03-13/01-24-28/job0_trainer.devices=1,user=single_user/checkpoints/epoch=129-step=19760.ckpt' as top 1
Epoch 130, global step 19912: 'val/CER' was not in top 1
Epoch 131, global step 20064: 'val/CER' was not in top 1
Epoch 132, global step 20216: 'val/CER' was not in top 1
Epoch 133, global step 20368: 'val/CER' was not in top 1
Epoch 134, global step 20520: 'val/CER' was not in top 1
Epoch 135, global step 20672: 'val/CER' was not in top 1
Epoch 136, global step 20824: 'val/CER' was not in top 1
Epoch 137, global step 20976: 'val/CER' was not in top 1
Epoch 138, global step 21128: 'val/CER' reached 24.03608 (best 24.03608), saving model to '/home/bkwan27/emg2qwerty/logs/2025-03-13/01-24-28/job0_trainer.devices=1,user=single_user/checkpoints/epoch=138-step=21128.ckpt' as top 1
Epoch 139, global step 21280: 'val/CER' was not in top 1
Epoch 140, global step 21432: 'val/CER' was not in top 1
Epoch 141, global step 21584: 'val/CER' was not in top 1
Epoch 142, global step 21736: 'val/CER' was not in top 1
Epoch 143, global step 21888: 'val/CER' was not in top 1
Epoch 144, global step 22040: 'val/CER' was not in top 1
Epoch 145, global step 22192: 'val/CER' was not in top 1
Epoch 146, global step 22344: 'val/CER' was not in top 1
Epoch 147, global step 22496: 'val/CER' was not in top 1
Epoch 148, global step 22648: 'val/CER' was not in top 1
Epoch 149, global step 22800: 'val/CER' was not in top 1
`Trainer.fit` stopped: `max_epochs=150` reached.
LOCAL_RANK: 0 - CUDA_VISIBLE_DEVICES: [0]
LOCAL_RANK: 0 - CUDA_VISIBLE_DEVICES: [0]
